<?xml version="1.0" encoding="UTF-8"?>
<testsuites name="ComplexRun" time="26.811" tests="6" failures="1" errors="2">
   <testsuite name="ComplexRun" tests="6" failures="1" errors="2" time="26.811" skipped="0" timestamp="2022-07-01 15:31:00" hostname="user - izzazainf" id="Test Suites/ComplexRun">
      <properties>
         <property name="deviceName" value=""/>
         <property name="devicePlatform" value=""/>
         <property name="logFolder" value="C:\\Users\\user\\git\\sewakantor-testing-apiTest\\Reports\\20220701_152951\\ComplexRun\\20220701_152956"/>
         <property name="logFiles" value="C:\\Users\\user\\git\\sewakantor-testing-apiTest\\Reports\\20220701_152951\\ComplexRun\\20220701_152956\\execution0.log"/>
         <property name="attachments" value=""/>
         <property name="hostName" value="user - izzazainf"/>
         <property name="hostAddress" value="192.168.43.13"/>
         <property name="os" value="Windows 10 64bit"/>
         <property name="katalonVersion" value="8.3.5.208"/>
      </properties>
      <testcase name="Test Cases/Admin/TS4_Complex/TC_Get All Complex" time="9.139" classname="Test Cases/Admin/TS4_Complex/TC_Get All Complex" status="PASSED">
         <system-out><![CDATA[2022-07-01 15:31:01 - [TEST_CASE][PASSED] - Test Cases/Admin/TS4_Complex/TC_Get All Complex: Test Cases/Admin/TS4_Complex/TC_Get All Complex

2022-07-01 15:31:01 - [TEST_STEP][PASSED] - for ([i = 0, i < 2, (i++)]): Verify element property value successfully

2022-07-01 15:31:01 - [TEST_STEP][PASSED] - if (i == 0): Verify response status code successfully

2022-07-01 15:31:01 - [TEST_STEP][PASSED] - token = "": null

2022-07-01 15:31:03 - [TEST_STEP][PASSED] - rslt = sendRequest(findTestObject("Postman/Admin/Complex/Get All")): Send request successfully

2022-07-01 15:31:07 - [MESSAGE][INFO] - HAR: C:\Users\user\git\sewakantor-testing-apiTest\Reports\20220701_152951\ComplexRun\20220701_152956\requests\main\0.har

2022-07-01 15:31:07 - [MESSAGE][PASSED] - Send request successfully

2022-07-01 15:31:07 - [TEST_STEP][PASSED] - verifyResponseStatusCode(rslt, 401): Verify response status code successfully

2022-07-01 15:31:07 - [MESSAGE][PASSED] - Verify response status code successfully

2022-07-01 15:31:07 - [TEST_STEP][PASSED] - if (i == 0): null

2022-07-01 15:31:07 - [TEST_STEP][PASSED] - else if (i == 1): Verify element property value successfully

2022-07-01 15:31:07 - [TEST_STEP][PASSED] - callTestCase(findTestCase("Admin/Dummy Admin/LoginGetToken"), [:], STOP_ON_FAILURE): Call Test Case 'Test Cases/Admin/Dummy Admin/LoginGetToken' successfully

2022-07-01 15:31:07 - [TEST_CASE][PASSED] - Test Cases/Admin/Dummy Admin/LoginGetToken: Test Cases/Admin/Dummy Admin/LoginGetToken

2022-07-01 15:31:08 - [TEST_STEP][PASSED] - admin_uname = "superadmin": null

2022-07-01 15:31:08 - [TEST_STEP][PASSED] - admin_password = "12345": null

2022-07-01 15:31:08 - [TEST_STEP][PASSED] - rslt = sendRequest(findTestObject("Postman/Admin/Auth/Login")): Send request successfully

2022-07-01 15:31:09 - [MESSAGE][INFO] - HAR: C:\Users\user\git\sewakantor-testing-apiTest\Reports\20220701_152951\ComplexRun\20220701_152956\requests\main\1.har

2022-07-01 15:31:09 - [MESSAGE][PASSED] - Send request successfully

2022-07-01 15:31:09 - [TEST_STEP][PASSED] - slurper = new groovy.json.JsonSlurper(): null

2022-07-01 15:31:09 - [TEST_STEP][PASSED] - result = slurper.parseText(rslt.getResponseBodyContent()): null

2022-07-01 15:31:09 - [TEST_STEP][PASSED] - value = token: null

2022-07-01 15:31:09 - [TEST_STEP][PASSED] - token = value: null

2022-07-01 15:31:09 - [TEST_STEP][PASSED] - println(token): null

2022-07-01 15:31:09 - [MESSAGE][PASSED] - Call Test Case 'Test Cases/Admin/Dummy Admin/LoginGetToken' successfully

2022-07-01 15:31:09 - [TEST_STEP][PASSED] - rslt = sendRequest(findTestObject("Postman/Admin/Complex/Get All")): Send request successfully

2022-07-01 15:31:10 - [MESSAGE][INFO] - HAR: C:\Users\user\git\sewakantor-testing-apiTest\Reports\20220701_152951\ComplexRun\20220701_152956\requests\main\2.har

2022-07-01 15:31:10 - [MESSAGE][PASSED] - Send request successfully

2022-07-01 15:31:10 - [TEST_STEP][PASSED] - verifyResponseStatusCode(rslt, 200): Verify response status code successfully

2022-07-01 15:31:10 - [MESSAGE][PASSED] - Verify response status code successfully

2022-07-01 15:31:10 - [TEST_STEP][PASSED] - verifyElementPropertyValue(rslt, "message", "list complex"): Verify element property value successfully

2022-07-01 15:31:10 - [MESSAGE][PASSED] - Verify element property value successfully]]></system-out>
         <system-err><![CDATA[]]></system-err>
      </testcase>
      <testcase name="Test Cases/Admin/TS4_Complex/TC_Get Dropdown" time="4.98" classname="Test Cases/Admin/TS4_Complex/TC_Get Dropdown" status="PASSED">
         <system-out><![CDATA[2022-07-01 15:31:10 - [TEST_CASE][PASSED] - Test Cases/Admin/TS4_Complex/TC_Get Dropdown: Test Cases/Admin/TS4_Complex/TC_Get Dropdown

2022-07-01 15:31:10 - [TEST_STEP][PASSED] - for ([i = 0, i < 2, (i++)]): Verify element property value successfully

2022-07-01 15:31:10 - [TEST_STEP][PASSED] - if (i == 0): Verify response status code successfully

2022-07-01 15:31:10 - [TEST_STEP][PASSED] - token = "": null

2022-07-01 15:31:10 - [TEST_STEP][PASSED] - rslt = sendRequest(findTestObject("Postman/Admin/Complex/Dropdown")): Send request successfully

2022-07-01 15:31:11 - [MESSAGE][INFO] - HAR: C:\Users\user\git\sewakantor-testing-apiTest\Reports\20220701_152951\ComplexRun\20220701_152956\requests\main\3.har

2022-07-01 15:31:11 - [MESSAGE][PASSED] - Send request successfully

2022-07-01 15:31:11 - [TEST_STEP][PASSED] - verifyResponseStatusCode(rslt, 401): Verify response status code successfully

2022-07-01 15:31:11 - [MESSAGE][PASSED] - Verify response status code successfully

2022-07-01 15:31:11 - [TEST_STEP][PASSED] - if (i == 0): null

2022-07-01 15:31:11 - [TEST_STEP][PASSED] - else if (i == 1): Verify element property value successfully

2022-07-01 15:31:11 - [TEST_STEP][PASSED] - callTestCase(findTestCase("Admin/Dummy Admin/LoginGetToken"), [:], STOP_ON_FAILURE): Call Test Case 'Test Cases/Admin/Dummy Admin/LoginGetToken' successfully

2022-07-01 15:31:12 - [TEST_CASE][PASSED] - Test Cases/Admin/Dummy Admin/LoginGetToken: Test Cases/Admin/Dummy Admin/LoginGetToken

2022-07-01 15:31:12 - [TEST_STEP][PASSED] - admin_uname = "superadmin": null

2022-07-01 15:31:12 - [TEST_STEP][PASSED] - admin_password = "12345": null

2022-07-01 15:31:12 - [TEST_STEP][PASSED] - rslt = sendRequest(findTestObject("Postman/Admin/Auth/Login")): Send request successfully

2022-07-01 15:31:13 - [MESSAGE][INFO] - HAR: C:\Users\user\git\sewakantor-testing-apiTest\Reports\20220701_152951\ComplexRun\20220701_152956\requests\main\4.har

2022-07-01 15:31:13 - [MESSAGE][PASSED] - Send request successfully

2022-07-01 15:31:13 - [TEST_STEP][PASSED] - slurper = new groovy.json.JsonSlurper(): null

2022-07-01 15:31:13 - [TEST_STEP][PASSED] - result = slurper.parseText(rslt.getResponseBodyContent()): null

2022-07-01 15:31:13 - [TEST_STEP][PASSED] - value = token: null

2022-07-01 15:31:13 - [TEST_STEP][PASSED] - token = value: null

2022-07-01 15:31:13 - [TEST_STEP][PASSED] - println(token): null

2022-07-01 15:31:13 - [MESSAGE][PASSED] - Call Test Case 'Test Cases/Admin/Dummy Admin/LoginGetToken' successfully

2022-07-01 15:31:13 - [TEST_STEP][PASSED] - rslt = sendRequest(findTestObject("Postman/Admin/Complex/Dropdown")): Send request successfully

2022-07-01 15:31:15 - [MESSAGE][INFO] - HAR: C:\Users\user\git\sewakantor-testing-apiTest\Reports\20220701_152951\ComplexRun\20220701_152956\requests\main\5.har

2022-07-01 15:31:15 - [MESSAGE][PASSED] - Send request successfully

2022-07-01 15:31:15 - [TEST_STEP][PASSED] - verifyResponseStatusCode(rslt, 200): Verify response status code successfully

2022-07-01 15:31:15 - [MESSAGE][PASSED] - Verify response status code successfully

2022-07-01 15:31:15 - [TEST_STEP][PASSED] - verifyElementPropertyValue(rslt, "message", "dropdown complex"): Verify element property value successfully

2022-07-01 15:31:15 - [MESSAGE][PASSED] - Verify element property value successfully]]></system-out>
         <system-err><![CDATA[]]></system-err>
      </testcase>
      <testcase name="Test Cases/Admin/TS4_Complex/TC_Get One Complex" time="4.43" classname="Test Cases/Admin/TS4_Complex/TC_Get One Complex" status="PASSED">
         <system-out><![CDATA[2022-07-01 15:31:15 - [TEST_CASE][PASSED] - Test Cases/Admin/TS4_Complex/TC_Get One Complex: Test Cases/Admin/TS4_Complex/TC_Get One Complex

2022-07-01 15:31:15 - [TEST_STEP][PASSED] - for ([i = 0, i < 4, (i++)]): Verify element property value successfully

2022-07-01 15:31:15 - [TEST_STEP][PASSED] - if (i == 0): Verify response status code successfully

2022-07-01 15:31:15 - [TEST_STEP][PASSED] - token = "": null

2022-07-01 15:31:15 - [TEST_STEP][PASSED] - rslt = sendRequest(findTestObject("Postman/Admin/Complex/Get One")): Send request successfully

2022-07-01 15:31:16 - [MESSAGE][INFO] - HAR: C:\Users\user\git\sewakantor-testing-apiTest\Reports\20220701_152951\ComplexRun\20220701_152956\requests\main\6.har

2022-07-01 15:31:16 - [MESSAGE][PASSED] - Send request successfully

2022-07-01 15:31:16 - [TEST_STEP][PASSED] - verifyResponseStatusCode(rslt, 401): Verify response status code successfully

2022-07-01 15:31:16 - [MESSAGE][PASSED] - Verify response status code successfully

2022-07-01 15:31:16 - [TEST_STEP][PASSED] - if (i == 0): null

2022-07-01 15:31:16 - [TEST_STEP][PASSED] - else if (i == 1): Verify element property value successfully

2022-07-01 15:31:16 - [TEST_STEP][PASSED] - admin_ComplexID = 1: null

2022-07-01 15:31:16 - [TEST_STEP][PASSED] - callTestCase(findTestCase("Admin/Dummy Admin/LoginGetToken"), [:], STOP_ON_FAILURE): Call Test Case 'Test Cases/Admin/Dummy Admin/LoginGetToken' successfully

2022-07-01 15:31:16 - [TEST_CASE][PASSED] - Test Cases/Admin/Dummy Admin/LoginGetToken: Test Cases/Admin/Dummy Admin/LoginGetToken

2022-07-01 15:31:16 - [TEST_STEP][PASSED] - admin_uname = "superadmin": null

2022-07-01 15:31:16 - [TEST_STEP][PASSED] - admin_password = "12345": null

2022-07-01 15:31:16 - [TEST_STEP][PASSED] - rslt = sendRequest(findTestObject("Postman/Admin/Auth/Login")): Send request successfully

2022-07-01 15:31:17 - [MESSAGE][INFO] - HAR: C:\Users\user\git\sewakantor-testing-apiTest\Reports\20220701_152951\ComplexRun\20220701_152956\requests\main\7.har

2022-07-01 15:31:17 - [MESSAGE][PASSED] - Send request successfully

2022-07-01 15:31:17 - [TEST_STEP][PASSED] - slurper = new groovy.json.JsonSlurper(): null

2022-07-01 15:31:17 - [TEST_STEP][PASSED] - result = slurper.parseText(rslt.getResponseBodyContent()): null

2022-07-01 15:31:17 - [TEST_STEP][PASSED] - value = token: null

2022-07-01 15:31:17 - [TEST_STEP][PASSED] - token = value: null

2022-07-01 15:31:17 - [TEST_STEP][PASSED] - println(token): null

2022-07-01 15:31:17 - [MESSAGE][PASSED] - Call Test Case 'Test Cases/Admin/Dummy Admin/LoginGetToken' successfully

2022-07-01 15:31:17 - [TEST_STEP][PASSED] - rslt = sendRequest(findTestObject("Postman/Admin/Complex/Get One")): Send request successfully

2022-07-01 15:31:18 - [MESSAGE][INFO] - HAR: C:\Users\user\git\sewakantor-testing-apiTest\Reports\20220701_152951\ComplexRun\20220701_152956\requests\main\8.har

2022-07-01 15:31:18 - [MESSAGE][PASSED] - Send request successfully

2022-07-01 15:31:18 - [TEST_STEP][PASSED] - verifyResponseStatusCode(rslt, 200): Verify response status code successfully

2022-07-01 15:31:18 - [MESSAGE][PASSED] - Verify response status code successfully

2022-07-01 15:31:18 - [TEST_STEP][PASSED] - verifyElementPropertyValue(rslt, "message", "list complex"): Verify element property value successfully

2022-07-01 15:31:18 - [MESSAGE][PASSED] - Verify element property value successfully

2022-07-01 15:31:18 - [TEST_STEP][PASSED] - if (i == 0): null

2022-07-01 15:31:18 - [TEST_STEP][PASSED] - else if (i == 1): null

2022-07-01 15:31:18 - [TEST_STEP][PASSED] - else if (i == 2): Verify element property value successfully

2022-07-01 15:31:18 - [TEST_STEP][PASSED] - admin_ComplexID = notFound: null

2022-07-01 15:31:18 - [TEST_STEP][PASSED] - rslt = sendRequest(findTestObject("Postman/Admin/Complex/Get One")): Send request successfully

2022-07-01 15:31:19 - [MESSAGE][INFO] - HAR: C:\Users\user\git\sewakantor-testing-apiTest\Reports\20220701_152951\ComplexRun\20220701_152956\requests\main\9.har

2022-07-01 15:31:19 - [MESSAGE][PASSED] - Send request successfully

2022-07-01 15:31:19 - [TEST_STEP][PASSED] - verifyResponseStatusCode(rslt, 404): Verify response status code successfully

2022-07-01 15:31:19 - [MESSAGE][PASSED] - Verify response status code successfully

2022-07-01 15:31:19 - [TEST_STEP][PASSED] - verifyElementPropertyValue(rslt, "message", "complex not found"): Verify element property value successfully

2022-07-01 15:31:19 - [MESSAGE][PASSED] - Verify element property value successfully

2022-07-01 15:31:19 - [TEST_STEP][PASSED] - if (i == 0): null

2022-07-01 15:31:19 - [TEST_STEP][PASSED] - else if (i == 1): null

2022-07-01 15:31:19 - [TEST_STEP][PASSED] - else if (i == 2): null

2022-07-01 15:31:19 - [TEST_STEP][PASSED] - else: Verify element property value successfully

2022-07-01 15:31:19 - [TEST_STEP][PASSED] - admin_ComplexID = string: null

2022-07-01 15:31:19 - [TEST_STEP][PASSED] - rslt = sendRequest(findTestObject("Postman/Admin/Complex/Get One")): Send request successfully

2022-07-01 15:31:19 - [MESSAGE][INFO] - HAR: C:\Users\user\git\sewakantor-testing-apiTest\Reports\20220701_152951\ComplexRun\20220701_152956\requests\main\10.har

2022-07-01 15:31:19 - [MESSAGE][PASSED] - Send request successfully

2022-07-01 15:31:19 - [TEST_STEP][PASSED] - verifyResponseStatusCode(rslt, 400): Verify response status code successfully

2022-07-01 15:31:19 - [MESSAGE][PASSED] - Verify response status code successfully

2022-07-01 15:31:19 - [TEST_STEP][PASSED] - verifyElementPropertyValue(rslt, "message", "Malformed request"): Verify element property value successfully

2022-07-01 15:31:19 - [MESSAGE][PASSED] - Verify element property value successfully]]></system-out>
         <system-err><![CDATA[]]></system-err>
      </testcase>
      <testcase name="Test Cases/Admin/TS4_Complex/TC_Create new Complex" time="1.09" classname="Test Cases/Admin/TS4_Complex/TC_Create new Complex" status="ERROR">
         <error type="ERROR" message="Test Cases/Admin/TS4_Complex/TC_Create new Complex FAILED.
Reason:
com.kms.katalon.core.exception.KatalonRuntimeException: java.io.FileNotFoundException: C:\Users\user\Downloads\working image.jpg (The system cannot find the file specified)
	at com.kms.katalon.core.testobject.internal.impl.HttpBodyContentReader.fromSource(HttpBodyContentReader.java:71)
	at com.kms.katalon.core.testobject.ObjectRepository.findRequestObject(ObjectRepository.java:460)
	at com.kms.katalon.core.testobject.ObjectRepository.readTestObjectFile(ObjectRepository.java:229)
	at com.kms.katalon.core.testobject.ObjectRepository.findTestObject(ObjectRepository.java:183)
	at com.kms.katalon.core.testobject.ObjectRepository.findTestObject(ObjectRepository.java:136)
	at com.kms.katalon.core.testobject.ObjectRepository$findTestObject.callStatic(Unknown Source)
	at TC_Create new Complex.run(TC_Create new Complex:26)
	at com.kms.katalon.core.main.ScriptEngine.run(ScriptEngine.java:194)
	at com.kms.katalon.core.main.ScriptEngine.runScriptAsRawText(ScriptEngine.java:119)
	at com.kms.katalon.core.main.TestCaseExecutor.runScript(TestCaseExecutor.java:445)
	at com.kms.katalon.core.main.TestCaseExecutor.doExecute(TestCaseExecutor.java:436)
	at com.kms.katalon.core.main.TestCaseExecutor.processExecutionPhase(TestCaseExecutor.java:415)
	at com.kms.katalon.core.main.TestCaseExecutor.accessMainPhase(TestCaseExecutor.java:407)
	at com.kms.katalon.core.main.TestCaseExecutor.execute(TestCaseExecutor.java:284)
	at com.kms.katalon.core.common.CommonExecutor.accessTestCaseMainPhase(CommonExecutor.java:65)
	at com.kms.katalon.core.main.TestSuiteExecutor.accessTestSuiteMainPhase(TestSuiteExecutor.java:144)
	at com.kms.katalon.core.main.TestSuiteExecutor.execute(TestSuiteExecutor.java:106)
	at com.kms.katalon.core.main.TestCaseMain.startTestSuite(TestCaseMain.java:185)
	at com.kms.katalon.core.main.TestCaseMain$startTestSuite$0.call(Unknown Source)
	at TempTestSuite1656664196027.run(TempTestSuite1656664196027.groovy:36)
Caused by: java.io.FileNotFoundException: C:\Users\user\Downloads\working image.jpg (The system cannot find the file specified)
	at com.kms.katalon.core.testobject.impl.HttpFormDataBodyContent.&lt;init>(HttpFormDataBodyContent.java:44)
	at com.kms.katalon.core.testobject.internal.impl.HttpBodyContentReader.fromSource(HttpBodyContentReader.java:69)
	... 19 more
"/>
         <system-out><![CDATA[2022-07-01 15:31:19 - [TEST_CASE][ERROR] - Test Cases/Admin/TS4_Complex/TC_Create new Complex: Test Cases/Admin/TS4_Complex/TC_Create new Complex FAILED.
Reason:
com.kms.katalon.core.exception.KatalonRuntimeException: java.io.FileNotFoundException: C:\Users\user\Downloads\working image.jpg (The system cannot find the file specified)
	at com.kms.katalon.core.testobject.internal.impl.HttpBodyContentReader.fromSource(HttpBodyContentReader.java:71)
	at com.kms.katalon.core.testobject.ObjectRepository.findRequestObject(ObjectRepository.java:460)
	at com.kms.katalon.core.testobject.ObjectRepository.readTestObjectFile(ObjectRepository.java:229)
	at com.kms.katalon.core.testobject.ObjectRepository.findTestObject(ObjectRepository.java:183)
	at com.kms.katalon.core.testobject.ObjectRepository.findTestObject(ObjectRepository.java:136)
	at com.kms.katalon.core.testobject.ObjectRepository$findTestObject.callStatic(Unknown Source)
	at TC_Create new Complex.run(TC_Create new Complex:26)
	at com.kms.katalon.core.main.ScriptEngine.run(ScriptEngine.java:194)
	at com.kms.katalon.core.main.ScriptEngine.runScriptAsRawText(ScriptEngine.java:119)
	at com.kms.katalon.core.main.TestCaseExecutor.runScript(TestCaseExecutor.java:445)
	at com.kms.katalon.core.main.TestCaseExecutor.doExecute(TestCaseExecutor.java:436)
	at com.kms.katalon.core.main.TestCaseExecutor.processExecutionPhase(TestCaseExecutor.java:415)
	at com.kms.katalon.core.main.TestCaseExecutor.accessMainPhase(TestCaseExecutor.java:407)
	at com.kms.katalon.core.main.TestCaseExecutor.execute(TestCaseExecutor.java:284)
	at com.kms.katalon.core.common.CommonExecutor.accessTestCaseMainPhase(CommonExecutor.java:65)
	at com.kms.katalon.core.main.TestSuiteExecutor.accessTestSuiteMainPhase(TestSuiteExecutor.java:144)
	at com.kms.katalon.core.main.TestSuiteExecutor.execute(TestSuiteExecutor.java:106)
	at com.kms.katalon.core.main.TestCaseMain.startTestSuite(TestCaseMain.java:185)
	at com.kms.katalon.core.main.TestCaseMain$startTestSuite$0.call(Unknown Source)
	at TempTestSuite1656664196027.run(TempTestSuite1656664196027.groovy:36)
Caused by: java.io.FileNotFoundException: C:\Users\user\Downloads\working image.jpg (The system cannot find the file specified)
	at com.kms.katalon.core.testobject.impl.HttpFormDataBodyContent.<init>(HttpFormDataBodyContent.java:44)
	at com.kms.katalon.core.testobject.internal.impl.HttpBodyContentReader.fromSource(HttpBodyContentReader.java:69)
	... 19 more


2022-07-01 15:31:20 - [TEST_STEP][ERROR] - for ([i = 0, i < 7, (i++)]): Test Cases/Admin/TS4_Complex/TC_Create new Complex FAILED.
Reason:
com.kms.katalon.core.exception.KatalonRuntimeException: java.io.FileNotFoundException: C:\Users\user\Downloads\working image.jpg (The system cannot find the file specified)
	at com.kms.katalon.core.testobject.internal.impl.HttpBodyContentReader.fromSource(HttpBodyContentReader.java:71)
	at com.kms.katalon.core.testobject.ObjectRepository.findRequestObject(ObjectRepository.java:460)
	at com.kms.katalon.core.testobject.ObjectRepository.readTestObjectFile(ObjectRepository.java:229)
	at com.kms.katalon.core.testobject.ObjectRepository.findTestObject(ObjectRepository.java:183)
	at com.kms.katalon.core.testobject.ObjectRepository.findTestObject(ObjectRepository.java:136)
	at com.kms.katalon.core.testobject.ObjectRepository$findTestObject.callStatic(Unknown Source)
	at TC_Create new Complex.run(TC_Create new Complex:26)
	at com.kms.katalon.core.main.ScriptEngine.run(ScriptEngine.java:194)
	at com.kms.katalon.core.main.ScriptEngine.runScriptAsRawText(ScriptEngine.java:119)
	at com.kms.katalon.core.main.TestCaseExecutor.runScript(TestCaseExecutor.java:445)
	at com.kms.katalon.core.main.TestCaseExecutor.doExecute(TestCaseExecutor.java:436)
	at com.kms.katalon.core.main.TestCaseExecutor.processExecutionPhase(TestCaseExecutor.java:415)
	at com.kms.katalon.core.main.TestCaseExecutor.accessMainPhase(TestCaseExecutor.java:407)
	at com.kms.katalon.core.main.TestCaseExecutor.execute(TestCaseExecutor.java:284)
	at com.kms.katalon.core.common.CommonExecutor.accessTestCaseMainPhase(CommonExecutor.java:65)
	at com.kms.katalon.core.main.TestSuiteExecutor.accessTestSuiteMainPhase(TestSuiteExecutor.java:144)
	at com.kms.katalon.core.main.TestSuiteExecutor.execute(TestSuiteExecutor.java:106)
	at com.kms.katalon.core.main.TestCaseMain.startTestSuite(TestCaseMain.java:185)
	at com.kms.katalon.core.main.TestCaseMain$startTestSuite$0.call(Unknown Source)
	at TempTestSuite1656664196027.run(TempTestSuite1656664196027.groovy:36)
Caused by: java.io.FileNotFoundException: C:\Users\user\Downloads\working image.jpg (The system cannot find the file specified)
	at com.kms.katalon.core.testobject.impl.HttpFormDataBodyContent.<init>(HttpFormDataBodyContent.java:44)
	at com.kms.katalon.core.testobject.internal.impl.HttpBodyContentReader.fromSource(HttpBodyContentReader.java:69)
	at com.kms.katalon.core.testobject.ObjectRepository.findRequestObject(ObjectRepository.java:460)
	at com.kms.katalon.core.testobject.ObjectRepository.readTestObjectFile(ObjectRepository.java:229)
	at com.kms.katalon.core.testobject.ObjectRepository.findTestObject(ObjectRepository.java:183)
	at com.kms.katalon.core.testobject.ObjectRepository.findTestObject(ObjectRepository.java:136)
	at com.kms.katalon.core.testobject.ObjectRepository$findTestObject.callStatic(Unknown Source)
	at Script1656468392781.run(Script1656468392781.groovy:26)
	... 13 more


2022-07-01 15:31:20 - [TEST_STEP][ERROR] - if (i == 0): Test Cases/Admin/TS4_Complex/TC_Create new Complex FAILED.
Reason:
com.kms.katalon.core.exception.KatalonRuntimeException: java.io.FileNotFoundException: C:\Users\user\Downloads\working image.jpg (The system cannot find the file specified)
	at com.kms.katalon.core.testobject.internal.impl.HttpBodyContentReader.fromSource(HttpBodyContentReader.java:71)
	at com.kms.katalon.core.testobject.ObjectRepository.findRequestObject(ObjectRepository.java:460)
	at com.kms.katalon.core.testobject.ObjectRepository.readTestObjectFile(ObjectRepository.java:229)
	at com.kms.katalon.core.testobject.ObjectRepository.findTestObject(ObjectRepository.java:183)
	at com.kms.katalon.core.testobject.ObjectRepository.findTestObject(ObjectRepository.java:136)
	at com.kms.katalon.core.testobject.ObjectRepository$findTestObject.callStatic(Unknown Source)
	at TC_Create new Complex.run(TC_Create new Complex:26)
	at com.kms.katalon.core.main.ScriptEngine.run(ScriptEngine.java:194)
	at com.kms.katalon.core.main.ScriptEngine.runScriptAsRawText(ScriptEngine.java:119)
	at com.kms.katalon.core.main.TestCaseExecutor.runScript(TestCaseExecutor.java:445)
	at com.kms.katalon.core.main.TestCaseExecutor.doExecute(TestCaseExecutor.java:436)
	at com.kms.katalon.core.main.TestCaseExecutor.processExecutionPhase(TestCaseExecutor.java:415)
	at com.kms.katalon.core.main.TestCaseExecutor.accessMainPhase(TestCaseExecutor.java:407)
	at com.kms.katalon.core.main.TestCaseExecutor.execute(TestCaseExecutor.java:284)
	at com.kms.katalon.core.common.CommonExecutor.accessTestCaseMainPhase(CommonExecutor.java:65)
	at com.kms.katalon.core.main.TestSuiteExecutor.accessTestSuiteMainPhase(TestSuiteExecutor.java:144)
	at com.kms.katalon.core.main.TestSuiteExecutor.execute(TestSuiteExecutor.java:106)
	at com.kms.katalon.core.main.TestCaseMain.startTestSuite(TestCaseMain.java:185)
	at com.kms.katalon.core.main.TestCaseMain$startTestSuite$0.call(Unknown Source)
	at TempTestSuite1656664196027.run(TempTestSuite1656664196027.groovy:36)
Caused by: java.io.FileNotFoundException: C:\Users\user\Downloads\working image.jpg (The system cannot find the file specified)
	at com.kms.katalon.core.testobject.impl.HttpFormDataBodyContent.<init>(HttpFormDataBodyContent.java:44)
	at com.kms.katalon.core.testobject.internal.impl.HttpBodyContentReader.fromSource(HttpBodyContentReader.java:69)
	at com.kms.katalon.core.testobject.ObjectRepository.findRequestObject(ObjectRepository.java:460)
	at com.kms.katalon.core.testobject.ObjectRepository.readTestObjectFile(ObjectRepository.java:229)
	at com.kms.katalon.core.testobject.ObjectRepository.findTestObject(ObjectRepository.java:183)
	at com.kms.katalon.core.testobject.ObjectRepository.findTestObject(ObjectRepository.java:136)
	at com.kms.katalon.core.testobject.ObjectRepository$findTestObject.callStatic(Unknown Source)
	at Script1656468392781.run(Script1656468392781.groovy:26)
	... 13 more


2022-07-01 15:31:20 - [TEST_STEP][PASSED] - token = "": null

2022-07-01 15:31:20 - [TEST_STEP][ERROR] - rslt = sendRequest(findTestObject("Postman/Admin/Complex/Create One")): Test Cases/Admin/TS4_Complex/TC_Create new Complex FAILED.
Reason:
com.kms.katalon.core.exception.KatalonRuntimeException: java.io.FileNotFoundException: C:\Users\user\Downloads\working image.jpg (The system cannot find the file specified)
	at com.kms.katalon.core.testobject.internal.impl.HttpBodyContentReader.fromSource(HttpBodyContentReader.java:71)
	at com.kms.katalon.core.testobject.ObjectRepository.findRequestObject(ObjectRepository.java:460)
	at com.kms.katalon.core.testobject.ObjectRepository.readTestObjectFile(ObjectRepository.java:229)
	at com.kms.katalon.core.testobject.ObjectRepository.findTestObject(ObjectRepository.java:183)
	at com.kms.katalon.core.testobject.ObjectRepository.findTestObject(ObjectRepository.java:136)
	at com.kms.katalon.core.testobject.ObjectRepository$findTestObject.callStatic(Unknown Source)
	at TC_Create new Complex.run(TC_Create new Complex:26)
	at com.kms.katalon.core.main.ScriptEngine.run(ScriptEngine.java:194)
	at com.kms.katalon.core.main.ScriptEngine.runScriptAsRawText(ScriptEngine.java:119)
	at com.kms.katalon.core.main.TestCaseExecutor.runScript(TestCaseExecutor.java:445)
	at com.kms.katalon.core.main.TestCaseExecutor.doExecute(TestCaseExecutor.java:436)
	at com.kms.katalon.core.main.TestCaseExecutor.processExecutionPhase(TestCaseExecutor.java:415)
	at com.kms.katalon.core.main.TestCaseExecutor.accessMainPhase(TestCaseExecutor.java:407)
	at com.kms.katalon.core.main.TestCaseExecutor.execute(TestCaseExecutor.java:284)
	at com.kms.katalon.core.common.CommonExecutor.accessTestCaseMainPhase(CommonExecutor.java:65)
	at com.kms.katalon.core.main.TestSuiteExecutor.accessTestSuiteMainPhase(TestSuiteExecutor.java:144)
	at com.kms.katalon.core.main.TestSuiteExecutor.execute(TestSuiteExecutor.java:106)
	at com.kms.katalon.core.main.TestCaseMain.startTestSuite(TestCaseMain.java:185)
	at com.kms.katalon.core.main.TestCaseMain$startTestSuite$0.call(Unknown Source)
	at TempTestSuite1656664196027.run(TempTestSuite1656664196027.groovy:36)
Caused by: java.io.FileNotFoundException: C:\Users\user\Downloads\working image.jpg (The system cannot find the file specified)
	at com.kms.katalon.core.testobject.impl.HttpFormDataBodyContent.<init>(HttpFormDataBodyContent.java:44)
	at com.kms.katalon.core.testobject.internal.impl.HttpBodyContentReader.fromSource(HttpBodyContentReader.java:69)
	at com.kms.katalon.core.testobject.ObjectRepository.findRequestObject(ObjectRepository.java:460)
	at com.kms.katalon.core.testobject.ObjectRepository.readTestObjectFile(ObjectRepository.java:229)
	at com.kms.katalon.core.testobject.ObjectRepository.findTestObject(ObjectRepository.java:183)
	at com.kms.katalon.core.testobject.ObjectRepository.findTestObject(ObjectRepository.java:136)
	at com.kms.katalon.core.testobject.ObjectRepository$findTestObject.callStatic(Unknown Source)
	at Script1656468392781.run(Script1656468392781.groovy:26)
	... 13 more


2022-07-01 15:31:20 - [MESSAGE][ERROR] - Test Cases/Admin/TS4_Complex/TC_Create new Complex FAILED.
Reason:
com.kms.katalon.core.exception.KatalonRuntimeException: java.io.FileNotFoundException: C:\Users\user\Downloads\working image.jpg (The system cannot find the file specified)
	at com.kms.katalon.core.testobject.internal.impl.HttpBodyContentReader.fromSource(HttpBodyContentReader.java:71)
	at com.kms.katalon.core.testobject.ObjectRepository.findRequestObject(ObjectRepository.java:460)
	at com.kms.katalon.core.testobject.ObjectRepository.readTestObjectFile(ObjectRepository.java:229)
	at com.kms.katalon.core.testobject.ObjectRepository.findTestObject(ObjectRepository.java:183)
	at com.kms.katalon.core.testobject.ObjectRepository.findTestObject(ObjectRepository.java:136)
	at com.kms.katalon.core.testobject.ObjectRepository$findTestObject.callStatic(Unknown Source)
	at TC_Create new Complex.run(TC_Create new Complex:26)
	at com.kms.katalon.core.main.ScriptEngine.run(ScriptEngine.java:194)
	at com.kms.katalon.core.main.ScriptEngine.runScriptAsRawText(ScriptEngine.java:119)
	at com.kms.katalon.core.main.TestCaseExecutor.runScript(TestCaseExecutor.java:445)
	at com.kms.katalon.core.main.TestCaseExecutor.doExecute(TestCaseExecutor.java:436)
	at com.kms.katalon.core.main.TestCaseExecutor.processExecutionPhase(TestCaseExecutor.java:415)
	at com.kms.katalon.core.main.TestCaseExecutor.accessMainPhase(TestCaseExecutor.java:407)
	at com.kms.katalon.core.main.TestCaseExecutor.execute(TestCaseExecutor.java:284)
	at com.kms.katalon.core.common.CommonExecutor.accessTestCaseMainPhase(CommonExecutor.java:65)
	at com.kms.katalon.core.main.TestSuiteExecutor.accessTestSuiteMainPhase(TestSuiteExecutor.java:144)
	at com.kms.katalon.core.main.TestSuiteExecutor.execute(TestSuiteExecutor.java:106)
	at com.kms.katalon.core.main.TestCaseMain.startTestSuite(TestCaseMain.java:185)
	at com.kms.katalon.core.main.TestCaseMain$startTestSuite$0.call(Unknown Source)
	at TempTestSuite1656664196027.run(TempTestSuite1656664196027.groovy:36)
Caused by: java.io.FileNotFoundException: C:\Users\user\Downloads\working image.jpg (The system cannot find the file specified)
	at com.kms.katalon.core.testobject.impl.HttpFormDataBodyContent.<init>(HttpFormDataBodyContent.java:44)
	at com.kms.katalon.core.testobject.internal.impl.HttpBodyContentReader.fromSource(HttpBodyContentReader.java:69)
	at com.kms.katalon.core.testobject.ObjectRepository.findRequestObject(ObjectRepository.java:460)
	at com.kms.katalon.core.testobject.ObjectRepository.readTestObjectFile(ObjectRepository.java:229)
	at com.kms.katalon.core.testobject.ObjectRepository.findTestObject(ObjectRepository.java:183)
	at com.kms.katalon.core.testobject.ObjectRepository.findTestObject(ObjectRepository.java:136)
	at com.kms.katalon.core.testobject.ObjectRepository$findTestObject.callStatic(Unknown Source)
	at Script1656468392781.run(Script1656468392781.groovy:26)
	... 13 more]]></system-out>
         <system-err><![CDATA[2022-07-01 15:31:19 - [TEST_CASE][ERROR] - Test Cases/Admin/TS4_Complex/TC_Create new Complex: Test Cases/Admin/TS4_Complex/TC_Create new Complex FAILED.
Reason:
com.kms.katalon.core.exception.KatalonRuntimeException: java.io.FileNotFoundException: C:\Users\user\Downloads\working image.jpg (The system cannot find the file specified)
	at com.kms.katalon.core.testobject.internal.impl.HttpBodyContentReader.fromSource(HttpBodyContentReader.java:71)
	at com.kms.katalon.core.testobject.ObjectRepository.findRequestObject(ObjectRepository.java:460)
	at com.kms.katalon.core.testobject.ObjectRepository.readTestObjectFile(ObjectRepository.java:229)
	at com.kms.katalon.core.testobject.ObjectRepository.findTestObject(ObjectRepository.java:183)
	at com.kms.katalon.core.testobject.ObjectRepository.findTestObject(ObjectRepository.java:136)
	at com.kms.katalon.core.testobject.ObjectRepository$findTestObject.callStatic(Unknown Source)
	at TC_Create new Complex.run(TC_Create new Complex:26)
	at com.kms.katalon.core.main.ScriptEngine.run(ScriptEngine.java:194)
	at com.kms.katalon.core.main.ScriptEngine.runScriptAsRawText(ScriptEngine.java:119)
	at com.kms.katalon.core.main.TestCaseExecutor.runScript(TestCaseExecutor.java:445)
	at com.kms.katalon.core.main.TestCaseExecutor.doExecute(TestCaseExecutor.java:436)
	at com.kms.katalon.core.main.TestCaseExecutor.processExecutionPhase(TestCaseExecutor.java:415)
	at com.kms.katalon.core.main.TestCaseExecutor.accessMainPhase(TestCaseExecutor.java:407)
	at com.kms.katalon.core.main.TestCaseExecutor.execute(TestCaseExecutor.java:284)
	at com.kms.katalon.core.common.CommonExecutor.accessTestCaseMainPhase(CommonExecutor.java:65)
	at com.kms.katalon.core.main.TestSuiteExecutor.accessTestSuiteMainPhase(TestSuiteExecutor.java:144)
	at com.kms.katalon.core.main.TestSuiteExecutor.execute(TestSuiteExecutor.java:106)
	at com.kms.katalon.core.main.TestCaseMain.startTestSuite(TestCaseMain.java:185)
	at com.kms.katalon.core.main.TestCaseMain$startTestSuite$0.call(Unknown Source)
	at TempTestSuite1656664196027.run(TempTestSuite1656664196027.groovy:36)
Caused by: java.io.FileNotFoundException: C:\Users\user\Downloads\working image.jpg (The system cannot find the file specified)
	at com.kms.katalon.core.testobject.impl.HttpFormDataBodyContent.<init>(HttpFormDataBodyContent.java:44)
	at com.kms.katalon.core.testobject.internal.impl.HttpBodyContentReader.fromSource(HttpBodyContentReader.java:69)
	... 19 more]]></system-err>
      </testcase>
      <testcase name="Test Cases/Admin/TS4_Complex/TC_Update Complex" time="1.04" classname="Test Cases/Admin/TS4_Complex/TC_Update Complex" status="ERROR">
         <error type="ERROR" message="Test Cases/Admin/TS4_Complex/TC_Update Complex FAILED.
Reason:
com.kms.katalon.core.exception.KatalonRuntimeException: java.io.FileNotFoundException: C:\Users\user\Downloads\working image.jpg (The system cannot find the file specified)
	at com.kms.katalon.core.testobject.internal.impl.HttpBodyContentReader.fromSource(HttpBodyContentReader.java:71)
	at com.kms.katalon.core.testobject.ObjectRepository.findRequestObject(ObjectRepository.java:460)
	at com.kms.katalon.core.testobject.ObjectRepository.readTestObjectFile(ObjectRepository.java:229)
	at com.kms.katalon.core.testobject.ObjectRepository.findTestObject(ObjectRepository.java:183)
	at com.kms.katalon.core.testobject.ObjectRepository.findTestObject(ObjectRepository.java:136)
	at com.kms.katalon.core.testobject.ObjectRepository$findTestObject.callStatic(Unknown Source)
	at TC_Update Complex.run(TC_Update Complex:34)
	at com.kms.katalon.core.main.ScriptEngine.run(ScriptEngine.java:194)
	at com.kms.katalon.core.main.ScriptEngine.runScriptAsRawText(ScriptEngine.java:119)
	at com.kms.katalon.core.main.TestCaseExecutor.runScript(TestCaseExecutor.java:445)
	at com.kms.katalon.core.main.TestCaseExecutor.doExecute(TestCaseExecutor.java:436)
	at com.kms.katalon.core.main.TestCaseExecutor.processExecutionPhase(TestCaseExecutor.java:415)
	at com.kms.katalon.core.main.TestCaseExecutor.accessMainPhase(TestCaseExecutor.java:407)
	at com.kms.katalon.core.main.TestCaseExecutor.execute(TestCaseExecutor.java:284)
	at com.kms.katalon.core.common.CommonExecutor.accessTestCaseMainPhase(CommonExecutor.java:65)
	at com.kms.katalon.core.main.TestSuiteExecutor.accessTestSuiteMainPhase(TestSuiteExecutor.java:144)
	at com.kms.katalon.core.main.TestSuiteExecutor.execute(TestSuiteExecutor.java:106)
	at com.kms.katalon.core.main.TestCaseMain.startTestSuite(TestCaseMain.java:185)
	at com.kms.katalon.core.main.TestCaseMain$startTestSuite$0.call(Unknown Source)
	at TempTestSuite1656664196027.run(TempTestSuite1656664196027.groovy:36)
Caused by: java.io.FileNotFoundException: C:\Users\user\Downloads\working image.jpg (The system cannot find the file specified)
	at com.kms.katalon.core.testobject.impl.HttpFormDataBodyContent.&lt;init>(HttpFormDataBodyContent.java:44)
	at com.kms.katalon.core.testobject.internal.impl.HttpBodyContentReader.fromSource(HttpBodyContentReader.java:69)
	... 19 more
"/>
         <system-out><![CDATA[2022-07-01 15:31:20 - [TEST_CASE][ERROR] - Test Cases/Admin/TS4_Complex/TC_Update Complex: Test Cases/Admin/TS4_Complex/TC_Update Complex FAILED.
Reason:
com.kms.katalon.core.exception.KatalonRuntimeException: java.io.FileNotFoundException: C:\Users\user\Downloads\working image.jpg (The system cannot find the file specified)
	at com.kms.katalon.core.testobject.internal.impl.HttpBodyContentReader.fromSource(HttpBodyContentReader.java:71)
	at com.kms.katalon.core.testobject.ObjectRepository.findRequestObject(ObjectRepository.java:460)
	at com.kms.katalon.core.testobject.ObjectRepository.readTestObjectFile(ObjectRepository.java:229)
	at com.kms.katalon.core.testobject.ObjectRepository.findTestObject(ObjectRepository.java:183)
	at com.kms.katalon.core.testobject.ObjectRepository.findTestObject(ObjectRepository.java:136)
	at com.kms.katalon.core.testobject.ObjectRepository$findTestObject.callStatic(Unknown Source)
	at TC_Update Complex.run(TC_Update Complex:34)
	at com.kms.katalon.core.main.ScriptEngine.run(ScriptEngine.java:194)
	at com.kms.katalon.core.main.ScriptEngine.runScriptAsRawText(ScriptEngine.java:119)
	at com.kms.katalon.core.main.TestCaseExecutor.runScript(TestCaseExecutor.java:445)
	at com.kms.katalon.core.main.TestCaseExecutor.doExecute(TestCaseExecutor.java:436)
	at com.kms.katalon.core.main.TestCaseExecutor.processExecutionPhase(TestCaseExecutor.java:415)
	at com.kms.katalon.core.main.TestCaseExecutor.accessMainPhase(TestCaseExecutor.java:407)
	at com.kms.katalon.core.main.TestCaseExecutor.execute(TestCaseExecutor.java:284)
	at com.kms.katalon.core.common.CommonExecutor.accessTestCaseMainPhase(CommonExecutor.java:65)
	at com.kms.katalon.core.main.TestSuiteExecutor.accessTestSuiteMainPhase(TestSuiteExecutor.java:144)
	at com.kms.katalon.core.main.TestSuiteExecutor.execute(TestSuiteExecutor.java:106)
	at com.kms.katalon.core.main.TestCaseMain.startTestSuite(TestCaseMain.java:185)
	at com.kms.katalon.core.main.TestCaseMain$startTestSuite$0.call(Unknown Source)
	at TempTestSuite1656664196027.run(TempTestSuite1656664196027.groovy:36)
Caused by: java.io.FileNotFoundException: C:\Users\user\Downloads\working image.jpg (The system cannot find the file specified)
	at com.kms.katalon.core.testobject.impl.HttpFormDataBodyContent.<init>(HttpFormDataBodyContent.java:44)
	at com.kms.katalon.core.testobject.internal.impl.HttpBodyContentReader.fromSource(HttpBodyContentReader.java:69)
	... 19 more


2022-07-01 15:31:21 - [TEST_STEP][PASSED] - dump = admin_ComplexID: null

2022-07-01 15:31:21 - [TEST_STEP][PASSED] - admin_complexName = "Anggrek Permai": null

2022-07-01 15:31:21 - [TEST_STEP][PASSED] - admin_complexDesc = "ini default untuk test": null

2022-07-01 15:31:21 - [TEST_STEP][PASSED] - admin_CityID = "1": null

2022-07-01 15:31:21 - [TEST_STEP][ERROR] - for ([i = 0, i < 7, (i++)]): Test Cases/Admin/TS4_Complex/TC_Update Complex FAILED.
Reason:
com.kms.katalon.core.exception.KatalonRuntimeException: java.io.FileNotFoundException: C:\Users\user\Downloads\working image.jpg (The system cannot find the file specified)
	at com.kms.katalon.core.testobject.internal.impl.HttpBodyContentReader.fromSource(HttpBodyContentReader.java:71)
	at com.kms.katalon.core.testobject.ObjectRepository.findRequestObject(ObjectRepository.java:460)
	at com.kms.katalon.core.testobject.ObjectRepository.readTestObjectFile(ObjectRepository.java:229)
	at com.kms.katalon.core.testobject.ObjectRepository.findTestObject(ObjectRepository.java:183)
	at com.kms.katalon.core.testobject.ObjectRepository.findTestObject(ObjectRepository.java:136)
	at com.kms.katalon.core.testobject.ObjectRepository$findTestObject.callStatic(Unknown Source)
	at TC_Update Complex.run(TC_Update Complex:34)
	at com.kms.katalon.core.main.ScriptEngine.run(ScriptEngine.java:194)
	at com.kms.katalon.core.main.ScriptEngine.runScriptAsRawText(ScriptEngine.java:119)
	at com.kms.katalon.core.main.TestCaseExecutor.runScript(TestCaseExecutor.java:445)
	at com.kms.katalon.core.main.TestCaseExecutor.doExecute(TestCaseExecutor.java:436)
	at com.kms.katalon.core.main.TestCaseExecutor.processExecutionPhase(TestCaseExecutor.java:415)
	at com.kms.katalon.core.main.TestCaseExecutor.accessMainPhase(TestCaseExecutor.java:407)
	at com.kms.katalon.core.main.TestCaseExecutor.execute(TestCaseExecutor.java:284)
	at com.kms.katalon.core.common.CommonExecutor.accessTestCaseMainPhase(CommonExecutor.java:65)
	at com.kms.katalon.core.main.TestSuiteExecutor.accessTestSuiteMainPhase(TestSuiteExecutor.java:144)
	at com.kms.katalon.core.main.TestSuiteExecutor.execute(TestSuiteExecutor.java:106)
	at com.kms.katalon.core.main.TestCaseMain.startTestSuite(TestCaseMain.java:185)
	at com.kms.katalon.core.main.TestCaseMain$startTestSuite$0.call(Unknown Source)
	at TempTestSuite1656664196027.run(TempTestSuite1656664196027.groovy:36)
Caused by: java.io.FileNotFoundException: C:\Users\user\Downloads\working image.jpg (The system cannot find the file specified)
	at com.kms.katalon.core.testobject.impl.HttpFormDataBodyContent.<init>(HttpFormDataBodyContent.java:44)
	at com.kms.katalon.core.testobject.internal.impl.HttpBodyContentReader.fromSource(HttpBodyContentReader.java:69)
	at com.kms.katalon.core.testobject.ObjectRepository.findRequestObject(ObjectRepository.java:460)
	at com.kms.katalon.core.testobject.ObjectRepository.readTestObjectFile(ObjectRepository.java:229)
	at com.kms.katalon.core.testobject.ObjectRepository.findTestObject(ObjectRepository.java:183)
	at com.kms.katalon.core.testobject.ObjectRepository.findTestObject(ObjectRepository.java:136)
	at com.kms.katalon.core.testobject.ObjectRepository$findTestObject.callStatic(Unknown Source)
	at Script1656472714580.run(Script1656472714580.groovy:34)
	... 13 more


2022-07-01 15:31:21 - [TEST_STEP][ERROR] - if (i == 0): Test Cases/Admin/TS4_Complex/TC_Update Complex FAILED.
Reason:
com.kms.katalon.core.exception.KatalonRuntimeException: java.io.FileNotFoundException: C:\Users\user\Downloads\working image.jpg (The system cannot find the file specified)
	at com.kms.katalon.core.testobject.internal.impl.HttpBodyContentReader.fromSource(HttpBodyContentReader.java:71)
	at com.kms.katalon.core.testobject.ObjectRepository.findRequestObject(ObjectRepository.java:460)
	at com.kms.katalon.core.testobject.ObjectRepository.readTestObjectFile(ObjectRepository.java:229)
	at com.kms.katalon.core.testobject.ObjectRepository.findTestObject(ObjectRepository.java:183)
	at com.kms.katalon.core.testobject.ObjectRepository.findTestObject(ObjectRepository.java:136)
	at com.kms.katalon.core.testobject.ObjectRepository$findTestObject.callStatic(Unknown Source)
	at TC_Update Complex.run(TC_Update Complex:34)
	at com.kms.katalon.core.main.ScriptEngine.run(ScriptEngine.java:194)
	at com.kms.katalon.core.main.ScriptEngine.runScriptAsRawText(ScriptEngine.java:119)
	at com.kms.katalon.core.main.TestCaseExecutor.runScript(TestCaseExecutor.java:445)
	at com.kms.katalon.core.main.TestCaseExecutor.doExecute(TestCaseExecutor.java:436)
	at com.kms.katalon.core.main.TestCaseExecutor.processExecutionPhase(TestCaseExecutor.java:415)
	at com.kms.katalon.core.main.TestCaseExecutor.accessMainPhase(TestCaseExecutor.java:407)
	at com.kms.katalon.core.main.TestCaseExecutor.execute(TestCaseExecutor.java:284)
	at com.kms.katalon.core.common.CommonExecutor.accessTestCaseMainPhase(CommonExecutor.java:65)
	at com.kms.katalon.core.main.TestSuiteExecutor.accessTestSuiteMainPhase(TestSuiteExecutor.java:144)
	at com.kms.katalon.core.main.TestSuiteExecutor.execute(TestSuiteExecutor.java:106)
	at com.kms.katalon.core.main.TestCaseMain.startTestSuite(TestCaseMain.java:185)
	at com.kms.katalon.core.main.TestCaseMain$startTestSuite$0.call(Unknown Source)
	at TempTestSuite1656664196027.run(TempTestSuite1656664196027.groovy:36)
Caused by: java.io.FileNotFoundException: C:\Users\user\Downloads\working image.jpg (The system cannot find the file specified)
	at com.kms.katalon.core.testobject.impl.HttpFormDataBodyContent.<init>(HttpFormDataBodyContent.java:44)
	at com.kms.katalon.core.testobject.internal.impl.HttpBodyContentReader.fromSource(HttpBodyContentReader.java:69)
	at com.kms.katalon.core.testobject.ObjectRepository.findRequestObject(ObjectRepository.java:460)
	at com.kms.katalon.core.testobject.ObjectRepository.readTestObjectFile(ObjectRepository.java:229)
	at com.kms.katalon.core.testobject.ObjectRepository.findTestObject(ObjectRepository.java:183)
	at com.kms.katalon.core.testobject.ObjectRepository.findTestObject(ObjectRepository.java:136)
	at com.kms.katalon.core.testobject.ObjectRepository$findTestObject.callStatic(Unknown Source)
	at Script1656472714580.run(Script1656472714580.groovy:34)
	... 13 more


2022-07-01 15:31:21 - [TEST_STEP][PASSED] - token = "": null

2022-07-01 15:31:21 - [TEST_STEP][ERROR] - rslt = sendRequest(findTestObject("Postman/Admin/Complex/Update")): Test Cases/Admin/TS4_Complex/TC_Update Complex FAILED.
Reason:
com.kms.katalon.core.exception.KatalonRuntimeException: java.io.FileNotFoundException: C:\Users\user\Downloads\working image.jpg (The system cannot find the file specified)
	at com.kms.katalon.core.testobject.internal.impl.HttpBodyContentReader.fromSource(HttpBodyContentReader.java:71)
	at com.kms.katalon.core.testobject.ObjectRepository.findRequestObject(ObjectRepository.java:460)
	at com.kms.katalon.core.testobject.ObjectRepository.readTestObjectFile(ObjectRepository.java:229)
	at com.kms.katalon.core.testobject.ObjectRepository.findTestObject(ObjectRepository.java:183)
	at com.kms.katalon.core.testobject.ObjectRepository.findTestObject(ObjectRepository.java:136)
	at com.kms.katalon.core.testobject.ObjectRepository$findTestObject.callStatic(Unknown Source)
	at TC_Update Complex.run(TC_Update Complex:34)
	at com.kms.katalon.core.main.ScriptEngine.run(ScriptEngine.java:194)
	at com.kms.katalon.core.main.ScriptEngine.runScriptAsRawText(ScriptEngine.java:119)
	at com.kms.katalon.core.main.TestCaseExecutor.runScript(TestCaseExecutor.java:445)
	at com.kms.katalon.core.main.TestCaseExecutor.doExecute(TestCaseExecutor.java:436)
	at com.kms.katalon.core.main.TestCaseExecutor.processExecutionPhase(TestCaseExecutor.java:415)
	at com.kms.katalon.core.main.TestCaseExecutor.accessMainPhase(TestCaseExecutor.java:407)
	at com.kms.katalon.core.main.TestCaseExecutor.execute(TestCaseExecutor.java:284)
	at com.kms.katalon.core.common.CommonExecutor.accessTestCaseMainPhase(CommonExecutor.java:65)
	at com.kms.katalon.core.main.TestSuiteExecutor.accessTestSuiteMainPhase(TestSuiteExecutor.java:144)
	at com.kms.katalon.core.main.TestSuiteExecutor.execute(TestSuiteExecutor.java:106)
	at com.kms.katalon.core.main.TestCaseMain.startTestSuite(TestCaseMain.java:185)
	at com.kms.katalon.core.main.TestCaseMain$startTestSuite$0.call(Unknown Source)
	at TempTestSuite1656664196027.run(TempTestSuite1656664196027.groovy:36)
Caused by: java.io.FileNotFoundException: C:\Users\user\Downloads\working image.jpg (The system cannot find the file specified)
	at com.kms.katalon.core.testobject.impl.HttpFormDataBodyContent.<init>(HttpFormDataBodyContent.java:44)
	at com.kms.katalon.core.testobject.internal.impl.HttpBodyContentReader.fromSource(HttpBodyContentReader.java:69)
	at com.kms.katalon.core.testobject.ObjectRepository.findRequestObject(ObjectRepository.java:460)
	at com.kms.katalon.core.testobject.ObjectRepository.readTestObjectFile(ObjectRepository.java:229)
	at com.kms.katalon.core.testobject.ObjectRepository.findTestObject(ObjectRepository.java:183)
	at com.kms.katalon.core.testobject.ObjectRepository.findTestObject(ObjectRepository.java:136)
	at com.kms.katalon.core.testobject.ObjectRepository$findTestObject.callStatic(Unknown Source)
	at Script1656472714580.run(Script1656472714580.groovy:34)
	... 13 more


2022-07-01 15:31:21 - [MESSAGE][ERROR] - Test Cases/Admin/TS4_Complex/TC_Update Complex FAILED.
Reason:
com.kms.katalon.core.exception.KatalonRuntimeException: java.io.FileNotFoundException: C:\Users\user\Downloads\working image.jpg (The system cannot find the file specified)
	at com.kms.katalon.core.testobject.internal.impl.HttpBodyContentReader.fromSource(HttpBodyContentReader.java:71)
	at com.kms.katalon.core.testobject.ObjectRepository.findRequestObject(ObjectRepository.java:460)
	at com.kms.katalon.core.testobject.ObjectRepository.readTestObjectFile(ObjectRepository.java:229)
	at com.kms.katalon.core.testobject.ObjectRepository.findTestObject(ObjectRepository.java:183)
	at com.kms.katalon.core.testobject.ObjectRepository.findTestObject(ObjectRepository.java:136)
	at com.kms.katalon.core.testobject.ObjectRepository$findTestObject.callStatic(Unknown Source)
	at TC_Update Complex.run(TC_Update Complex:34)
	at com.kms.katalon.core.main.ScriptEngine.run(ScriptEngine.java:194)
	at com.kms.katalon.core.main.ScriptEngine.runScriptAsRawText(ScriptEngine.java:119)
	at com.kms.katalon.core.main.TestCaseExecutor.runScript(TestCaseExecutor.java:445)
	at com.kms.katalon.core.main.TestCaseExecutor.doExecute(TestCaseExecutor.java:436)
	at com.kms.katalon.core.main.TestCaseExecutor.processExecutionPhase(TestCaseExecutor.java:415)
	at com.kms.katalon.core.main.TestCaseExecutor.accessMainPhase(TestCaseExecutor.java:407)
	at com.kms.katalon.core.main.TestCaseExecutor.execute(TestCaseExecutor.java:284)
	at com.kms.katalon.core.common.CommonExecutor.accessTestCaseMainPhase(CommonExecutor.java:65)
	at com.kms.katalon.core.main.TestSuiteExecutor.accessTestSuiteMainPhase(TestSuiteExecutor.java:144)
	at com.kms.katalon.core.main.TestSuiteExecutor.execute(TestSuiteExecutor.java:106)
	at com.kms.katalon.core.main.TestCaseMain.startTestSuite(TestCaseMain.java:185)
	at com.kms.katalon.core.main.TestCaseMain$startTestSuite$0.call(Unknown Source)
	at TempTestSuite1656664196027.run(TempTestSuite1656664196027.groovy:36)
Caused by: java.io.FileNotFoundException: C:\Users\user\Downloads\working image.jpg (The system cannot find the file specified)
	at com.kms.katalon.core.testobject.impl.HttpFormDataBodyContent.<init>(HttpFormDataBodyContent.java:44)
	at com.kms.katalon.core.testobject.internal.impl.HttpBodyContentReader.fromSource(HttpBodyContentReader.java:69)
	at com.kms.katalon.core.testobject.ObjectRepository.findRequestObject(ObjectRepository.java:460)
	at com.kms.katalon.core.testobject.ObjectRepository.readTestObjectFile(ObjectRepository.java:229)
	at com.kms.katalon.core.testobject.ObjectRepository.findTestObject(ObjectRepository.java:183)
	at com.kms.katalon.core.testobject.ObjectRepository.findTestObject(ObjectRepository.java:136)
	at com.kms.katalon.core.testobject.ObjectRepository$findTestObject.callStatic(Unknown Source)
	at Script1656472714580.run(Script1656472714580.groovy:34)
	... 13 more]]></system-out>
         <system-err><![CDATA[2022-07-01 15:31:20 - [TEST_CASE][ERROR] - Test Cases/Admin/TS4_Complex/TC_Update Complex: Test Cases/Admin/TS4_Complex/TC_Update Complex FAILED.
Reason:
com.kms.katalon.core.exception.KatalonRuntimeException: java.io.FileNotFoundException: C:\Users\user\Downloads\working image.jpg (The system cannot find the file specified)
	at com.kms.katalon.core.testobject.internal.impl.HttpBodyContentReader.fromSource(HttpBodyContentReader.java:71)
	at com.kms.katalon.core.testobject.ObjectRepository.findRequestObject(ObjectRepository.java:460)
	at com.kms.katalon.core.testobject.ObjectRepository.readTestObjectFile(ObjectRepository.java:229)
	at com.kms.katalon.core.testobject.ObjectRepository.findTestObject(ObjectRepository.java:183)
	at com.kms.katalon.core.testobject.ObjectRepository.findTestObject(ObjectRepository.java:136)
	at com.kms.katalon.core.testobject.ObjectRepository$findTestObject.callStatic(Unknown Source)
	at TC_Update Complex.run(TC_Update Complex:34)
	at com.kms.katalon.core.main.ScriptEngine.run(ScriptEngine.java:194)
	at com.kms.katalon.core.main.ScriptEngine.runScriptAsRawText(ScriptEngine.java:119)
	at com.kms.katalon.core.main.TestCaseExecutor.runScript(TestCaseExecutor.java:445)
	at com.kms.katalon.core.main.TestCaseExecutor.doExecute(TestCaseExecutor.java:436)
	at com.kms.katalon.core.main.TestCaseExecutor.processExecutionPhase(TestCaseExecutor.java:415)
	at com.kms.katalon.core.main.TestCaseExecutor.accessMainPhase(TestCaseExecutor.java:407)
	at com.kms.katalon.core.main.TestCaseExecutor.execute(TestCaseExecutor.java:284)
	at com.kms.katalon.core.common.CommonExecutor.accessTestCaseMainPhase(CommonExecutor.java:65)
	at com.kms.katalon.core.main.TestSuiteExecutor.accessTestSuiteMainPhase(TestSuiteExecutor.java:144)
	at com.kms.katalon.core.main.TestSuiteExecutor.execute(TestSuiteExecutor.java:106)
	at com.kms.katalon.core.main.TestCaseMain.startTestSuite(TestCaseMain.java:185)
	at com.kms.katalon.core.main.TestCaseMain$startTestSuite$0.call(Unknown Source)
	at TempTestSuite1656664196027.run(TempTestSuite1656664196027.groovy:36)
Caused by: java.io.FileNotFoundException: C:\Users\user\Downloads\working image.jpg (The system cannot find the file specified)
	at com.kms.katalon.core.testobject.impl.HttpFormDataBodyContent.<init>(HttpFormDataBodyContent.java:44)
	at com.kms.katalon.core.testobject.internal.impl.HttpBodyContentReader.fromSource(HttpBodyContentReader.java:69)
	... 19 more]]></system-err>
      </testcase>
      <testcase name="Test Cases/Admin/TS4_Complex/TC_Delete Complex" time="5.476" classname="Test Cases/Admin/TS4_Complex/TC_Delete Complex" status="FAILED">
         <failure type="FAILED" message="Test Cases/Admin/TS4_Complex/TC_Delete Complex FAILED.
Reason:
com.kms.katalon.core.exception.StepFailedException: Expected status code is '200' but actual status code is '400'
	at com.kms.katalon.core.keyword.internal.KeywordMain.stepFailed(KeywordMain.groovy:39)
	at com.kms.katalon.core.webservice.keyword.builtin.VerifyResponseStatusCodeKeyword.verifyStatusCode(VerifyResponseStatusCodeKeyword.groovy:52)
	at com.kms.katalon.core.webservice.keyword.builtin.VerifyResponseStatusCodeKeyword.access$1(VerifyResponseStatusCodeKeyword.groovy)
	at com.kms.katalon.core.webservice.keyword.builtin.VerifyResponseStatusCodeKeyword$_verifyResponseStatusCode_closure1.doCall(VerifyResponseStatusCodeKeyword.groovy:42)
	at com.kms.katalon.core.webservice.keyword.builtin.VerifyResponseStatusCodeKeyword$_verifyResponseStatusCode_closure1.call(VerifyResponseStatusCodeKeyword.groovy)
	at com.kms.katalon.core.keyword.internal.KeywordMain.runKeyword(KeywordMain.groovy:74)
	at com.kms.katalon.core.webservice.keyword.builtin.VerifyResponseStatusCodeKeyword.verifyResponseStatusCode(VerifyResponseStatusCodeKeyword.groovy:37)
	at com.kms.katalon.core.webservice.keyword.builtin.VerifyResponseStatusCodeKeyword.execute(VerifyResponseStatusCodeKeyword.groovy:32)
	at com.kms.katalon.core.keyword.internal.KeywordExecutor.executeKeywordForPlatform(KeywordExecutor.groovy:74)
	at com.kms.katalon.core.webservice.keyword.WSBuiltInKeywords.verifyResponseStatusCode(WSBuiltInKeywords.groovy:344)
	at com.kms.katalon.core.webservice.keyword.WSBuiltInKeywords$verifyResponseStatusCode$0.call(Unknown Source)
	at TC_Delete Complex.run(TC_Delete Complex:47)
	at com.kms.katalon.core.main.ScriptEngine.run(ScriptEngine.java:194)
	at com.kms.katalon.core.main.ScriptEngine.runScriptAsRawText(ScriptEngine.java:119)
	at com.kms.katalon.core.main.TestCaseExecutor.runScript(TestCaseExecutor.java:445)
	at com.kms.katalon.core.main.TestCaseExecutor.doExecute(TestCaseExecutor.java:436)
	at com.kms.katalon.core.main.TestCaseExecutor.processExecutionPhase(TestCaseExecutor.java:415)
	at com.kms.katalon.core.main.TestCaseExecutor.accessMainPhase(TestCaseExecutor.java:407)
	at com.kms.katalon.core.main.TestCaseExecutor.execute(TestCaseExecutor.java:284)
	at com.kms.katalon.core.common.CommonExecutor.accessTestCaseMainPhase(CommonExecutor.java:65)
	at com.kms.katalon.core.main.TestSuiteExecutor.accessTestSuiteMainPhase(TestSuiteExecutor.java:144)
	at com.kms.katalon.core.main.TestSuiteExecutor.execute(TestSuiteExecutor.java:106)
	at com.kms.katalon.core.main.TestCaseMain.startTestSuite(TestCaseMain.java:185)
	at com.kms.katalon.core.main.TestCaseMain$startTestSuite$0.call(Unknown Source)
	at TempTestSuite1656664196027.run(TempTestSuite1656664196027.groovy:36)
"/>
         <system-out><![CDATA[2022-07-01 15:31:21 - [TEST_CASE][FAILED] - Test Cases/Admin/TS4_Complex/TC_Delete Complex: Test Cases/Admin/TS4_Complex/TC_Delete Complex FAILED.
Reason:
com.kms.katalon.core.exception.StepFailedException: Expected status code is '200' but actual status code is '400'
	at com.kms.katalon.core.keyword.internal.KeywordMain.stepFailed(KeywordMain.groovy:39)
	at com.kms.katalon.core.webservice.keyword.builtin.VerifyResponseStatusCodeKeyword.verifyStatusCode(VerifyResponseStatusCodeKeyword.groovy:52)
	at com.kms.katalon.core.webservice.keyword.builtin.VerifyResponseStatusCodeKeyword.access$1(VerifyResponseStatusCodeKeyword.groovy)
	at com.kms.katalon.core.webservice.keyword.builtin.VerifyResponseStatusCodeKeyword$_verifyResponseStatusCode_closure1.doCall(VerifyResponseStatusCodeKeyword.groovy:42)
	at com.kms.katalon.core.webservice.keyword.builtin.VerifyResponseStatusCodeKeyword$_verifyResponseStatusCode_closure1.call(VerifyResponseStatusCodeKeyword.groovy)
	at com.kms.katalon.core.keyword.internal.KeywordMain.runKeyword(KeywordMain.groovy:74)
	at com.kms.katalon.core.webservice.keyword.builtin.VerifyResponseStatusCodeKeyword.verifyResponseStatusCode(VerifyResponseStatusCodeKeyword.groovy:37)
	at com.kms.katalon.core.webservice.keyword.builtin.VerifyResponseStatusCodeKeyword.execute(VerifyResponseStatusCodeKeyword.groovy:32)
	at com.kms.katalon.core.keyword.internal.KeywordExecutor.executeKeywordForPlatform(KeywordExecutor.groovy:74)
	at com.kms.katalon.core.webservice.keyword.WSBuiltInKeywords.verifyResponseStatusCode(WSBuiltInKeywords.groovy:344)
	at com.kms.katalon.core.webservice.keyword.WSBuiltInKeywords$verifyResponseStatusCode$0.call(Unknown Source)
	at TC_Delete Complex.run(TC_Delete Complex:47)
	at com.kms.katalon.core.main.ScriptEngine.run(ScriptEngine.java:194)
	at com.kms.katalon.core.main.ScriptEngine.runScriptAsRawText(ScriptEngine.java:119)
	at com.kms.katalon.core.main.TestCaseExecutor.runScript(TestCaseExecutor.java:445)
	at com.kms.katalon.core.main.TestCaseExecutor.doExecute(TestCaseExecutor.java:436)
	at com.kms.katalon.core.main.TestCaseExecutor.processExecutionPhase(TestCaseExecutor.java:415)
	at com.kms.katalon.core.main.TestCaseExecutor.accessMainPhase(TestCaseExecutor.java:407)
	at com.kms.katalon.core.main.TestCaseExecutor.execute(TestCaseExecutor.java:284)
	at com.kms.katalon.core.common.CommonExecutor.accessTestCaseMainPhase(CommonExecutor.java:65)
	at com.kms.katalon.core.main.TestSuiteExecutor.accessTestSuiteMainPhase(TestSuiteExecutor.java:144)
	at com.kms.katalon.core.main.TestSuiteExecutor.execute(TestSuiteExecutor.java:106)
	at com.kms.katalon.core.main.TestCaseMain.startTestSuite(TestCaseMain.java:185)
	at com.kms.katalon.core.main.TestCaseMain$startTestSuite$0.call(Unknown Source)
	at TempTestSuite1656664196027.run(TempTestSuite1656664196027.groovy:36)


2022-07-01 15:31:22 - [TEST_STEP][PASSED] - dump = admin_ComplexID: null

2022-07-01 15:31:22 - [TEST_STEP][FAILED] - for ([i = 0, i < 3, (i++)]): null

2022-07-01 15:31:22 - [TEST_STEP][PASSED] - if (i == 0): Verify response status code successfully

2022-07-01 15:31:22 - [TEST_STEP][PASSED] - token = "": null

2022-07-01 15:31:22 - [TEST_STEP][PASSED] - rslt = sendRequest(findTestObject("Postman/Admin/Complex/Delete")): Send request successfully

2022-07-01 15:31:24 - [MESSAGE][INFO] - HAR: C:\Users\user\git\sewakantor-testing-apiTest\Reports\20220701_152951\ComplexRun\20220701_152956\requests\main\11.har

2022-07-01 15:31:24 - [MESSAGE][PASSED] - Send request successfully

2022-07-01 15:31:24 - [TEST_STEP][PASSED] - verifyResponseStatusCode(rslt, 401): Verify response status code successfully

2022-07-01 15:31:24 - [MESSAGE][PASSED] - Verify response status code successfully

2022-07-01 15:31:24 - [TEST_STEP][PASSED] - if (i == 0): null

2022-07-01 15:31:24 - [TEST_STEP][PASSED] - else if (i == 1): null

2022-07-01 15:31:24 - [TEST_STEP][PASSED] - callTestCase(findTestCase("Admin/Dummy Admin/LoginGetToken"), [:], CONTINUE_ON_FAILURE): Call Test Case 'Test Cases/Admin/Dummy Admin/LoginGetToken' successfully

2022-07-01 15:31:24 - [TEST_CASE][PASSED] - Test Cases/Admin/Dummy Admin/LoginGetToken: Test Cases/Admin/Dummy Admin/LoginGetToken

2022-07-01 15:31:24 - [TEST_STEP][PASSED] - admin_uname = "superadmin": null

2022-07-01 15:31:24 - [TEST_STEP][PASSED] - admin_password = "12345": null

2022-07-01 15:31:24 - [TEST_STEP][PASSED] - rslt = sendRequest(findTestObject("Postman/Admin/Auth/Login")): Send request successfully

2022-07-01 15:31:25 - [MESSAGE][INFO] - HAR: C:\Users\user\git\sewakantor-testing-apiTest\Reports\20220701_152951\ComplexRun\20220701_152956\requests\main\12.har

2022-07-01 15:31:25 - [MESSAGE][PASSED] - Send request successfully

2022-07-01 15:31:25 - [TEST_STEP][PASSED] - slurper = new groovy.json.JsonSlurper(): null

2022-07-01 15:31:25 - [TEST_STEP][PASSED] - result = slurper.parseText(rslt.getResponseBodyContent()): null

2022-07-01 15:31:25 - [TEST_STEP][PASSED] - value = token: null

2022-07-01 15:31:25 - [TEST_STEP][PASSED] - token = value: null

2022-07-01 15:31:25 - [TEST_STEP][PASSED] - println(token): null

2022-07-01 15:31:25 - [MESSAGE][PASSED] - Call Test Case 'Test Cases/Admin/Dummy Admin/LoginGetToken' successfully

2022-07-01 15:31:25 - [TEST_STEP][PASSED] - admin_ComplexID = "0": null

2022-07-01 15:31:25 - [TEST_STEP][PASSED] - rslt = sendRequest(findTestObject("Postman/Admin/Complex/Delete")): Send request successfully

2022-07-01 15:31:26 - [MESSAGE][INFO] - HAR: C:\Users\user\git\sewakantor-testing-apiTest\Reports\20220701_152951\ComplexRun\20220701_152956\requests\main\13.har

2022-07-01 15:31:26 - [MESSAGE][PASSED] - Send request successfully

2022-07-01 15:31:26 - [TEST_STEP][PASSED] - verifyResponseStatusCode(rslt, 404): Verify response status code successfully

2022-07-01 15:31:26 - [MESSAGE][PASSED] - Verify response status code successfully

2022-07-01 15:31:26 - [TEST_STEP][PASSED] - verifyElementPropertyValue(rslt, "message", "complex not found"): Verify element property value successfully

2022-07-01 15:31:26 - [MESSAGE][PASSED] - Verify element property value successfully

2022-07-01 15:31:26 - [TEST_STEP][PASSED] - admin_ComplexID = dump: null

2022-07-01 15:31:26 - [TEST_STEP][PASSED] - if (i == 0): null

2022-07-01 15:31:26 - [TEST_STEP][PASSED] - else if (i == 1): null

2022-07-01 15:31:26 - [TEST_STEP][FAILED] - else: null

2022-07-01 15:31:26 - [TEST_STEP][PASSED] - rslt = sendRequest(findTestObject("Postman/Admin/Complex/Delete")): Send request successfully

2022-07-01 15:31:27 - [MESSAGE][INFO] - HAR: C:\Users\user\git\sewakantor-testing-apiTest\Reports\20220701_152951\ComplexRun\20220701_152956\requests\main\14.har

2022-07-01 15:31:27 - [MESSAGE][PASSED] - Send request successfully

2022-07-01 15:31:27 - [TEST_STEP][FAILED] - verifyResponseStatusCode(rslt, 200): Expected status code is '200' but actual status code is '400'

2022-07-01 15:31:27 - [MESSAGE][FAILED] - Expected status code is '200' but actual status code is '400'

2022-07-01 15:31:27 - [TEST_STEP][FAILED] - verifyElementPropertyValue(rslt, "message", "complex deleted successfully"): Expected element property value 'complex deleted successfully' is not equal with actual property value 'Malformed request'

2022-07-01 15:31:27 - [MESSAGE][FAILED] - Expected element property value 'complex deleted successfully' is not equal with actual property value 'Malformed request']]></system-out>
         <system-err><![CDATA[2022-07-01 15:31:21 - [TEST_CASE][FAILED] - Test Cases/Admin/TS4_Complex/TC_Delete Complex: Test Cases/Admin/TS4_Complex/TC_Delete Complex FAILED.
Reason:
com.kms.katalon.core.exception.StepFailedException: Expected status code is '200' but actual status code is '400'
	at com.kms.katalon.core.keyword.internal.KeywordMain.stepFailed(KeywordMain.groovy:39)
	at com.kms.katalon.core.webservice.keyword.builtin.VerifyResponseStatusCodeKeyword.verifyStatusCode(VerifyResponseStatusCodeKeyword.groovy:52)
	at com.kms.katalon.core.webservice.keyword.builtin.VerifyResponseStatusCodeKeyword.access$1(VerifyResponseStatusCodeKeyword.groovy)
	at com.kms.katalon.core.webservice.keyword.builtin.VerifyResponseStatusCodeKeyword$_verifyResponseStatusCode_closure1.doCall(VerifyResponseStatusCodeKeyword.groovy:42)
	at com.kms.katalon.core.webservice.keyword.builtin.VerifyResponseStatusCodeKeyword$_verifyResponseStatusCode_closure1.call(VerifyResponseStatusCodeKeyword.groovy)
	at com.kms.katalon.core.keyword.internal.KeywordMain.runKeyword(KeywordMain.groovy:74)
	at com.kms.katalon.core.webservice.keyword.builtin.VerifyResponseStatusCodeKeyword.verifyResponseStatusCode(VerifyResponseStatusCodeKeyword.groovy:37)
	at com.kms.katalon.core.webservice.keyword.builtin.VerifyResponseStatusCodeKeyword.execute(VerifyResponseStatusCodeKeyword.groovy:32)
	at com.kms.katalon.core.keyword.internal.KeywordExecutor.executeKeywordForPlatform(KeywordExecutor.groovy:74)
	at com.kms.katalon.core.webservice.keyword.WSBuiltInKeywords.verifyResponseStatusCode(WSBuiltInKeywords.groovy:344)
	at com.kms.katalon.core.webservice.keyword.WSBuiltInKeywords$verifyResponseStatusCode$0.call(Unknown Source)
	at TC_Delete Complex.run(TC_Delete Complex:47)
	at com.kms.katalon.core.main.ScriptEngine.run(ScriptEngine.java:194)
	at com.kms.katalon.core.main.ScriptEngine.runScriptAsRawText(ScriptEngine.java:119)
	at com.kms.katalon.core.main.TestCaseExecutor.runScript(TestCaseExecutor.java:445)
	at com.kms.katalon.core.main.TestCaseExecutor.doExecute(TestCaseExecutor.java:436)
	at com.kms.katalon.core.main.TestCaseExecutor.processExecutionPhase(TestCaseExecutor.java:415)
	at com.kms.katalon.core.main.TestCaseExecutor.accessMainPhase(TestCaseExecutor.java:407)
	at com.kms.katalon.core.main.TestCaseExecutor.execute(TestCaseExecutor.java:284)
	at com.kms.katalon.core.common.CommonExecutor.accessTestCaseMainPhase(CommonExecutor.java:65)
	at com.kms.katalon.core.main.TestSuiteExecutor.accessTestSuiteMainPhase(TestSuiteExecutor.java:144)
	at com.kms.katalon.core.main.TestSuiteExecutor.execute(TestSuiteExecutor.java:106)
	at com.kms.katalon.core.main.TestCaseMain.startTestSuite(TestCaseMain.java:185)
	at com.kms.katalon.core.main.TestCaseMain$startTestSuite$0.call(Unknown Source)
	at TempTestSuite1656664196027.run(TempTestSuite1656664196027.groovy:36)]]></system-err>
      </testcase>
      <system-out><![CDATA[2022-07-01 15:31:00 - [TEST_SUITE][ERROR] - ComplexRun: Test Cases/Admin/TS4_Complex/TC_Create new Complex FAILED.
Reason:
com.kms.katalon.core.exception.KatalonRuntimeException: java.io.FileNotFoundException: C:\Users\user\Downloads\working image.jpg (The system cannot find the file specified)
	at com.kms.katalon.core.testobject.internal.impl.HttpBodyContentReader.fromSource(HttpBodyContentReader.java:71)
	at com.kms.katalon.core.testobject.ObjectRepository.findRequestObject(ObjectRepository.java:460)
	at com.kms.katalon.core.testobject.ObjectRepository.readTestObjectFile(ObjectRepository.java:229)
	at com.kms.katalon.core.testobject.ObjectRepository.findTestObject(ObjectRepository.java:183)
	at com.kms.katalon.core.testobject.ObjectRepository.findTestObject(ObjectRepository.java:136)
	at com.kms.katalon.core.testobject.ObjectRepository$findTestObject.callStatic(Unknown Source)
	at TC_Create new Complex.run(TC_Create new Complex:26)
	at com.kms.katalon.core.main.ScriptEngine.run(ScriptEngine.java:194)
	at com.kms.katalon.core.main.ScriptEngine.runScriptAsRawText(ScriptEngine.java:119)
	at com.kms.katalon.core.main.TestCaseExecutor.runScript(TestCaseExecutor.java:445)
	at com.kms.katalon.core.main.TestCaseExecutor.doExecute(TestCaseExecutor.java:436)
	at com.kms.katalon.core.main.TestCaseExecutor.processExecutionPhase(TestCaseExecutor.java:415)
	at com.kms.katalon.core.main.TestCaseExecutor.accessMainPhase(TestCaseExecutor.java:407)
	at com.kms.katalon.core.main.TestCaseExecutor.execute(TestCaseExecutor.java:284)
	at com.kms.katalon.core.common.CommonExecutor.accessTestCaseMainPhase(CommonExecutor.java:65)
	at com.kms.katalon.core.main.TestSuiteExecutor.accessTestSuiteMainPhase(TestSuiteExecutor.java:144)
	at com.kms.katalon.core.main.TestSuiteExecutor.execute(TestSuiteExecutor.java:106)
	at com.kms.katalon.core.main.TestCaseMain.startTestSuite(TestCaseMain.java:185)
	at com.kms.katalon.core.main.TestCaseMain$startTestSuite$0.call(Unknown Source)
	at TempTestSuite1656664196027.run(TempTestSuite1656664196027.groovy:36)
Caused by: java.io.FileNotFoundException: C:\Users\user\Downloads\working image.jpg (The system cannot find the file specified)
	at com.kms.katalon.core.testobject.impl.HttpFormDataBodyContent.<init>(HttpFormDataBodyContent.java:44)
	at com.kms.katalon.core.testobject.internal.impl.HttpBodyContentReader.fromSource(HttpBodyContentReader.java:69)
	... 19 more]]></system-out>
      <system-err><![CDATA[2022-07-01 15:31:00 - [TEST_SUITE][ERROR] - ComplexRun: Test Cases/Admin/TS4_Complex/TC_Create new Complex FAILED.
Reason:
com.kms.katalon.core.exception.KatalonRuntimeException: java.io.FileNotFoundException: C:\Users\user\Downloads\working image.jpg (The system cannot find the file specified)
	at com.kms.katalon.core.testobject.internal.impl.HttpBodyContentReader.fromSource(HttpBodyContentReader.java:71)
	at com.kms.katalon.core.testobject.ObjectRepository.findRequestObject(ObjectRepository.java:460)
	at com.kms.katalon.core.testobject.ObjectRepository.readTestObjectFile(ObjectRepository.java:229)
	at com.kms.katalon.core.testobject.ObjectRepository.findTestObject(ObjectRepository.java:183)
	at com.kms.katalon.core.testobject.ObjectRepository.findTestObject(ObjectRepository.java:136)
	at com.kms.katalon.core.testobject.ObjectRepository$findTestObject.callStatic(Unknown Source)
	at TC_Create new Complex.run(TC_Create new Complex:26)
	at com.kms.katalon.core.main.ScriptEngine.run(ScriptEngine.java:194)
	at com.kms.katalon.core.main.ScriptEngine.runScriptAsRawText(ScriptEngine.java:119)
	at com.kms.katalon.core.main.TestCaseExecutor.runScript(TestCaseExecutor.java:445)
	at com.kms.katalon.core.main.TestCaseExecutor.doExecute(TestCaseExecutor.java:436)
	at com.kms.katalon.core.main.TestCaseExecutor.processExecutionPhase(TestCaseExecutor.java:415)
	at com.kms.katalon.core.main.TestCaseExecutor.accessMainPhase(TestCaseExecutor.java:407)
	at com.kms.katalon.core.main.TestCaseExecutor.execute(TestCaseExecutor.java:284)
	at com.kms.katalon.core.common.CommonExecutor.accessTestCaseMainPhase(CommonExecutor.java:65)
	at com.kms.katalon.core.main.TestSuiteExecutor.accessTestSuiteMainPhase(TestSuiteExecutor.java:144)
	at com.kms.katalon.core.main.TestSuiteExecutor.execute(TestSuiteExecutor.java:106)
	at com.kms.katalon.core.main.TestCaseMain.startTestSuite(TestCaseMain.java:185)
	at com.kms.katalon.core.main.TestCaseMain$startTestSuite$0.call(Unknown Source)
	at TempTestSuite1656664196027.run(TempTestSuite1656664196027.groovy:36)
Caused by: java.io.FileNotFoundException: C:\Users\user\Downloads\working image.jpg (The system cannot find the file specified)
	at com.kms.katalon.core.testobject.impl.HttpFormDataBodyContent.<init>(HttpFormDataBodyContent.java:44)
	at com.kms.katalon.core.testobject.internal.impl.HttpBodyContentReader.fromSource(HttpBodyContentReader.java:69)
	... 19 more]]></system-err>
   </testsuite>
</testsuites>
