<?xml version="1.0" encoding="UTF-8"?>
<testsuites name="BuildingRun" time="90.879" tests="5" failures="0" errors="0">
   <testsuite name="BuildingRun" tests="5" failures="0" errors="0" time="90.879" skipped="0" timestamp="2022-07-22 18:30:31" hostname="user - izzazainf" id="Test Suites/BuildingRun">
      <properties>
         <property name="deviceName" value=""/>
         <property name="devicePlatform" value=""/>
         <property name="logFolder" value="C:\\Users\\user\\git\\sewakantor-testing-apiTest\\Reports\\20220722_183024\\BuildingRun\\20220722_183024"/>
         <property name="logFiles" value="C:\\Users\\user\\git\\sewakantor-testing-apiTest\\Reports\\20220722_183024\\BuildingRun\\20220722_183024\\execution0.log"/>
         <property name="attachments" value=""/>
         <property name="hostName" value="user - izzazainf"/>
         <property name="hostAddress" value="192.168.43.13"/>
         <property name="os" value="Windows 10 64bit"/>
         <property name="katalonVersion" value="8.4.0.208"/>
      </properties>
      <testcase name="Test Cases/Admin/TS4_Building Management/TC_GetAlllBuilding" time="16.046" classname="Test Cases/Admin/TS4_Building Management/TC_GetAlllBuilding" status="PASSED">
         <system-out><![CDATA[2022-07-22 18:30:31 - [TEST_CASE][PASSED] - Test Cases/Admin/TS4_Building Management/TC_GetAlllBuilding: Test Cases/Admin/TS4_Building Management/TC_GetAlllBuilding

2022-07-22 18:30:32 - [TEST_STEP][PASSED] - for ([i = 0, i < 2, (i++)]): Verify element property value successfully

2022-07-22 18:30:32 - [TEST_STEP][PASSED] - if (i == 0): Verify response status code successfully

2022-07-22 18:30:32 - [TEST_STEP][PASSED] - token = "": null

2022-07-22 18:30:34 - [TEST_STEP][PASSED] - rslt = sendRequest(findTestObject("Postman/Admin/Building/Get All")): Send request successfully

2022-07-22 18:30:41 - [MESSAGE][INFO] - HAR: C:\Users\user\git\sewakantor-testing-apiTest\Reports\20220722_183024\BuildingRun\20220722_183024\requests\main\0.har

2022-07-22 18:30:41 - [MESSAGE][PASSED] - Send request successfully

2022-07-22 18:30:41 - [TEST_STEP][PASSED] - verifyResponseStatusCode(rslt, 401): Verify response status code successfully

2022-07-22 18:30:41 - [MESSAGE][PASSED] - Verify response status code successfully

2022-07-22 18:30:41 - [TEST_STEP][PASSED] - if (i == 0): null

2022-07-22 18:30:41 - [TEST_STEP][PASSED] - else if (i == 1): Verify element property value successfully

2022-07-22 18:30:41 - [TEST_STEP][PASSED] - callTestCase(findTestCase("Admin/Dummy Admin/LoginGetToken"), [:], STOP_ON_FAILURE): Call Test Case 'Test Cases/Admin/Dummy Admin/LoginGetToken' successfully

2022-07-22 18:30:41 - [TEST_CASE][PASSED] - Test Cases/Admin/Dummy Admin/LoginGetToken: Test Cases/Admin/Dummy Admin/LoginGetToken

2022-07-22 18:30:42 - [TEST_STEP][PASSED] - admin_uname = "superadmin": null

2022-07-22 18:30:42 - [TEST_STEP][PASSED] - admin_password = "12345": null

2022-07-22 18:30:42 - [TEST_STEP][PASSED] - rslt = sendRequest(findTestObject("Postman/Admin/Auth/Login")): Send request successfully

2022-07-22 18:30:46 - [MESSAGE][INFO] - HAR: C:\Users\user\git\sewakantor-testing-apiTest\Reports\20220722_183024\BuildingRun\20220722_183024\requests\main\1.har

2022-07-22 18:30:46 - [MESSAGE][PASSED] - Send request successfully

2022-07-22 18:30:46 - [TEST_STEP][PASSED] - slurper = new groovy.json.JsonSlurper(): null

2022-07-22 18:30:46 - [TEST_STEP][PASSED] - result = slurper.parseText(rslt.getResponseBodyContent()): null

2022-07-22 18:30:46 - [TEST_STEP][PASSED] - value = token: null

2022-07-22 18:30:46 - [TEST_STEP][PASSED] - token = value: null

2022-07-22 18:30:46 - [TEST_STEP][PASSED] - println(token): null

2022-07-22 18:30:46 - [MESSAGE][PASSED] - Call Test Case 'Test Cases/Admin/Dummy Admin/LoginGetToken' successfully

2022-07-22 18:30:46 - [TEST_STEP][PASSED] - rslt = sendRequest(findTestObject("Postman/Admin/Building/Get All")): Send request successfully

2022-07-22 18:30:47 - [MESSAGE][INFO] - HAR: C:\Users\user\git\sewakantor-testing-apiTest\Reports\20220722_183024\BuildingRun\20220722_183024\requests\main\2.har

2022-07-22 18:30:47 - [MESSAGE][PASSED] - Send request successfully

2022-07-22 18:30:47 - [TEST_STEP][PASSED] - verifyResponseStatusCode(rslt, 200): Verify response status code successfully

2022-07-22 18:30:47 - [MESSAGE][PASSED] - Verify response status code successfully

2022-07-22 18:30:47 - [TEST_STEP][PASSED] - verifyElementPropertyValue(rslt, "message", "list building"): Verify element property value successfully

2022-07-22 18:30:47 - [MESSAGE][PASSED] - Verify element property value successfully]]></system-out>
         <system-err><![CDATA[]]></system-err>
      </testcase>
      <testcase name="Test Cases/Admin/TS4_Building Management/TC_GetOneBuilding" time="13.62" classname="Test Cases/Admin/TS4_Building Management/TC_GetOneBuilding" status="PASSED">
         <system-out><![CDATA[2022-07-22 18:30:47 - [TEST_CASE][PASSED] - Test Cases/Admin/TS4_Building Management/TC_GetOneBuilding: Test Cases/Admin/TS4_Building Management/TC_GetOneBuilding

2022-07-22 18:30:48 - [TEST_STEP][PASSED] - for ([i = 0, i < 4, (i++)]): Verify element property value successfully

2022-07-22 18:30:48 - [TEST_STEP][PASSED] - if (i == 0): Verify response status code successfully

2022-07-22 18:30:48 - [TEST_STEP][PASSED] - token = "": null

2022-07-22 18:30:48 - [TEST_STEP][PASSED] - rslt = sendRequest(findTestObject("Postman/Admin/Building/Get One")): Send request successfully

2022-07-22 18:30:50 - [MESSAGE][INFO] - HAR: C:\Users\user\git\sewakantor-testing-apiTest\Reports\20220722_183024\BuildingRun\20220722_183024\requests\main\3.har

2022-07-22 18:30:50 - [MESSAGE][PASSED] - Send request successfully

2022-07-22 18:30:50 - [TEST_STEP][PASSED] - verifyResponseStatusCode(rslt, 401): Verify response status code successfully

2022-07-22 18:30:50 - [MESSAGE][PASSED] - Verify response status code successfully

2022-07-22 18:30:50 - [TEST_STEP][PASSED] - if (i == 0): null

2022-07-22 18:30:50 - [TEST_STEP][PASSED] - else if (i == 1): Verify element property value successfully

2022-07-22 18:30:50 - [TEST_STEP][PASSED] - admin_BuildingID = 1: null

2022-07-22 18:30:50 - [TEST_STEP][PASSED] - callTestCase(findTestCase("Admin/Dummy Admin/LoginGetToken"), [:], STOP_ON_FAILURE): Call Test Case 'Test Cases/Admin/Dummy Admin/LoginGetToken' successfully

2022-07-22 18:30:50 - [TEST_CASE][PASSED] - Test Cases/Admin/Dummy Admin/LoginGetToken: Test Cases/Admin/Dummy Admin/LoginGetToken

2022-07-22 18:30:50 - [TEST_STEP][PASSED] - admin_uname = "superadmin": null

2022-07-22 18:30:50 - [TEST_STEP][PASSED] - admin_password = "12345": null

2022-07-22 18:30:50 - [TEST_STEP][PASSED] - rslt = sendRequest(findTestObject("Postman/Admin/Auth/Login")): Send request successfully

2022-07-22 18:30:52 - [MESSAGE][INFO] - HAR: C:\Users\user\git\sewakantor-testing-apiTest\Reports\20220722_183024\BuildingRun\20220722_183024\requests\main\4.har

2022-07-22 18:30:52 - [MESSAGE][PASSED] - Send request successfully

2022-07-22 18:30:52 - [TEST_STEP][PASSED] - slurper = new groovy.json.JsonSlurper(): null

2022-07-22 18:30:52 - [TEST_STEP][PASSED] - result = slurper.parseText(rslt.getResponseBodyContent()): null

2022-07-22 18:30:52 - [TEST_STEP][PASSED] - value = token: null

2022-07-22 18:30:52 - [TEST_STEP][PASSED] - token = value: null

2022-07-22 18:30:52 - [TEST_STEP][PASSED] - println(token): null

2022-07-22 18:30:52 - [MESSAGE][PASSED] - Call Test Case 'Test Cases/Admin/Dummy Admin/LoginGetToken' successfully

2022-07-22 18:30:52 - [TEST_STEP][PASSED] - rslt = sendRequest(findTestObject("Postman/Admin/Building/Get One")): Send request successfully

2022-07-22 18:30:55 - [MESSAGE][INFO] - HAR: C:\Users\user\git\sewakantor-testing-apiTest\Reports\20220722_183024\BuildingRun\20220722_183024\requests\main\5.har

2022-07-22 18:30:55 - [MESSAGE][PASSED] - Send request successfully

2022-07-22 18:30:55 - [TEST_STEP][PASSED] - verifyResponseStatusCode(rslt, 200): Verify response status code successfully

2022-07-22 18:30:55 - [MESSAGE][PASSED] - Verify response status code successfully

2022-07-22 18:30:55 - [TEST_STEP][PASSED] - verifyElementPropertyValue(rslt, "message", "list building"): Verify element property value successfully

2022-07-22 18:30:55 - [MESSAGE][PASSED] - Verify element property value successfully

2022-07-22 18:30:55 - [TEST_STEP][PASSED] - if (i == 0): null

2022-07-22 18:30:55 - [TEST_STEP][PASSED] - else if (i == 1): null

2022-07-22 18:30:55 - [TEST_STEP][PASSED] - else if (i == 2): Verify element property value successfully

2022-07-22 18:30:55 - [TEST_STEP][PASSED] - admin_BuildingID = notFoundID: null

2022-07-22 18:30:55 - [TEST_STEP][PASSED] - rslt = sendRequest(findTestObject("Postman/Admin/Building/Get One")): Send request successfully

2022-07-22 18:30:58 - [MESSAGE][INFO] - HAR: C:\Users\user\git\sewakantor-testing-apiTest\Reports\20220722_183024\BuildingRun\20220722_183024\requests\main\6.har

2022-07-22 18:30:58 - [MESSAGE][PASSED] - Send request successfully

2022-07-22 18:30:58 - [TEST_STEP][PASSED] - verifyResponseStatusCode(rslt, 404): Verify response status code successfully

2022-07-22 18:30:58 - [MESSAGE][PASSED] - Verify response status code successfully

2022-07-22 18:30:58 - [TEST_STEP][PASSED] - verifyElementPropertyValue(rslt, "message", "building not found"): Verify element property value successfully

2022-07-22 18:30:58 - [MESSAGE][PASSED] - Verify element property value successfully

2022-07-22 18:30:58 - [TEST_STEP][PASSED] - if (i == 0): null

2022-07-22 18:30:58 - [TEST_STEP][PASSED] - else if (i == 1): null

2022-07-22 18:30:58 - [TEST_STEP][PASSED] - else if (i == 2): null

2022-07-22 18:30:58 - [TEST_STEP][PASSED] - else: Verify element property value successfully

2022-07-22 18:30:58 - [TEST_STEP][PASSED] - admin_BuildingID = stringID: null

2022-07-22 18:30:58 - [TEST_STEP][PASSED] - rslt = sendRequest(findTestObject("Postman/Admin/Building/Get One")): Send request successfully

2022-07-22 18:31:01 - [MESSAGE][INFO] - HAR: C:\Users\user\git\sewakantor-testing-apiTest\Reports\20220722_183024\BuildingRun\20220722_183024\requests\main\7.har

2022-07-22 18:31:01 - [MESSAGE][PASSED] - Send request successfully

2022-07-22 18:31:01 - [TEST_STEP][PASSED] - verifyResponseStatusCode(rslt, 400): Verify response status code successfully

2022-07-22 18:31:01 - [MESSAGE][PASSED] - Verify response status code successfully

2022-07-22 18:31:01 - [TEST_STEP][PASSED] - verifyElementPropertyValue(rslt, "status", "BAD_REQUEST"): Verify element property value successfully

2022-07-22 18:31:01 - [MESSAGE][PASSED] - Verify element property value successfully]]></system-out>
         <system-err><![CDATA[]]></system-err>
      </testcase>
      <testcase name="Test Cases/Admin/TS4_Building Management/TC_Create Building" time="25.642" classname="Test Cases/Admin/TS4_Building Management/TC_Create Building" status="PASSED">
         <system-out><![CDATA[2022-07-22 18:31:01 - [TEST_CASE][PASSED] - Test Cases/Admin/TS4_Building Management/TC_Create Building: Test Cases/Admin/TS4_Building Management/TC_Create Building

2022-07-22 18:31:02 - [TEST_STEP][PASSED] - admin_buildingComplexID = "1": null

2022-07-22 18:31:02 - [TEST_STEP][PASSED] - admin_buildingName = "nama": null

2022-07-22 18:31:02 - [TEST_STEP][PASSED] - admin_buildingAddress = "jalan": null

2022-07-22 18:31:02 - [TEST_STEP][PASSED] - admin_buildingDesc = "desc": null

2022-07-22 18:31:02 - [TEST_STEP][PASSED] - for ([i = 0, i < 8, (i++)]): Verify element property value successfully

2022-07-22 18:31:02 - [TEST_STEP][PASSED] - if (i == 0): Verify response status code successfully

2022-07-22 18:31:02 - [TEST_STEP][PASSED] - token = "": null

2022-07-22 18:31:02 - [TEST_STEP][PASSED] - rslt = sendRequest(findTestObject("Postman/Admin/Building/Create One")): Send request successfully

2022-07-22 18:31:04 - [MESSAGE][INFO] - HAR: C:\Users\user\git\sewakantor-testing-apiTest\Reports\20220722_183024\BuildingRun\20220722_183024\requests\main\8.har

2022-07-22 18:31:04 - [MESSAGE][PASSED] - Send request successfully

2022-07-22 18:31:04 - [TEST_STEP][PASSED] - verifyResponseStatusCode(rslt, 401): Verify response status code successfully

2022-07-22 18:31:04 - [MESSAGE][PASSED] - Verify response status code successfully

2022-07-22 18:31:04 - [TEST_STEP][PASSED] - if (i == 7): null

2022-07-22 18:31:04 - [TEST_STEP][PASSED] - if (i == 0): null

2022-07-22 18:31:04 - [TEST_STEP][PASSED] - else if (i == 1): Verify element property value successfully

2022-07-22 18:31:04 - [TEST_STEP][PASSED] - callTestCase(findTestCase("Admin/Dummy Admin/LoginGetToken"), [:], STOP_ON_FAILURE): Call Test Case 'Test Cases/Admin/Dummy Admin/LoginGetToken' successfully

2022-07-22 18:31:05 - [TEST_CASE][PASSED] - Test Cases/Admin/Dummy Admin/LoginGetToken: Test Cases/Admin/Dummy Admin/LoginGetToken

2022-07-22 18:31:05 - [TEST_STEP][PASSED] - admin_uname = "superadmin": null

2022-07-22 18:31:05 - [TEST_STEP][PASSED] - admin_password = "12345": null

2022-07-22 18:31:05 - [TEST_STEP][PASSED] - rslt = sendRequest(findTestObject("Postman/Admin/Auth/Login")): Send request successfully

2022-07-22 18:31:07 - [MESSAGE][INFO] - HAR: C:\Users\user\git\sewakantor-testing-apiTest\Reports\20220722_183024\BuildingRun\20220722_183024\requests\main\9.har

2022-07-22 18:31:07 - [MESSAGE][PASSED] - Send request successfully

2022-07-22 18:31:07 - [TEST_STEP][PASSED] - slurper = new groovy.json.JsonSlurper(): null

2022-07-22 18:31:07 - [TEST_STEP][PASSED] - result = slurper.parseText(rslt.getResponseBodyContent()): null

2022-07-22 18:31:07 - [TEST_STEP][PASSED] - value = token: null

2022-07-22 18:31:07 - [TEST_STEP][PASSED] - token = value: null

2022-07-22 18:31:07 - [TEST_STEP][PASSED] - println(token): null

2022-07-22 18:31:07 - [MESSAGE][PASSED] - Call Test Case 'Test Cases/Admin/Dummy Admin/LoginGetToken' successfully

2022-07-22 18:31:07 - [TEST_STEP][PASSED] - admin_buildingName = "": null

2022-07-22 18:31:07 - [TEST_STEP][PASSED] - rslt = sendRequest(findTestObject("Postman/Admin/Building/Create One")): Send request successfully

2022-07-22 18:31:10 - [MESSAGE][INFO] - HAR: C:\Users\user\git\sewakantor-testing-apiTest\Reports\20220722_183024\BuildingRun\20220722_183024\requests\main\10.har

2022-07-22 18:31:10 - [MESSAGE][PASSED] - Send request successfully

2022-07-22 18:31:10 - [TEST_STEP][PASSED] - verifyResponseStatusCode(rslt, 400): Verify response status code successfully

2022-07-22 18:31:10 - [MESSAGE][PASSED] - Verify response status code successfully

2022-07-22 18:31:10 - [TEST_STEP][PASSED] - verifyElementPropertyValue(rslt, "message", "name must not be empty"): Verify element property value successfully

2022-07-22 18:31:10 - [MESSAGE][PASSED] - Verify element property value successfully

2022-07-22 18:31:10 - [TEST_STEP][PASSED] - if (i == 7): null

2022-07-22 18:31:10 - [TEST_STEP][PASSED] - if (i == 0): null

2022-07-22 18:31:10 - [TEST_STEP][PASSED] - else if (i == 1): null

2022-07-22 18:31:10 - [TEST_STEP][PASSED] - else if (i == 2): null

2022-07-22 18:31:10 - [TEST_STEP][PASSED] - admin_buildingName = "BCA Tower": null

2022-07-22 18:31:10 - [TEST_STEP][PASSED] - rslt = sendRequest(findTestObject("Postman/Admin/Building/Create One")): Send request successfully

2022-07-22 18:31:13 - [MESSAGE][INFO] - HAR: C:\Users\user\git\sewakantor-testing-apiTest\Reports\20220722_183024\BuildingRun\20220722_183024\requests\main\11.har

2022-07-22 18:31:13 - [MESSAGE][PASSED] - Send request successfully

2022-07-22 18:31:13 - [TEST_STEP][PASSED] - verifyResponseStatusCode(rslt, 500): Verify response status code successfully

2022-07-22 18:31:13 - [MESSAGE][PASSED] - Verify response status code successfully

2022-07-22 18:31:13 - [TEST_STEP][PASSED] - verifyElementPropertyValue(rslt, "error", "Internal Server Error"): Verify element property value successfully

2022-07-22 18:31:13 - [MESSAGE][PASSED] - Verify element property value successfully

2022-07-22 18:31:13 - [TEST_STEP][PASSED] - admin_buildingName = "Building Name": null

2022-07-22 18:31:13 - [TEST_STEP][PASSED] - if (i == 7): null

2022-07-22 18:31:13 - [TEST_STEP][PASSED] - if (i == 0): null

2022-07-22 18:31:13 - [TEST_STEP][PASSED] - else if (i == 1): null

2022-07-22 18:31:13 - [TEST_STEP][PASSED] - else if (i == 2): null

2022-07-22 18:31:13 - [TEST_STEP][PASSED] - else if (i == 3): null

2022-07-22 18:31:13 - [TEST_STEP][PASSED] - admin_buildingDesc = "": null

2022-07-22 18:31:13 - [TEST_STEP][PASSED] - rslt = sendRequest(findTestObject("Postman/Admin/Building/Create One")): Send request successfully

2022-07-22 18:31:15 - [MESSAGE][INFO] - HAR: C:\Users\user\git\sewakantor-testing-apiTest\Reports\20220722_183024\BuildingRun\20220722_183024\requests\main\12.har

2022-07-22 18:31:15 - [MESSAGE][PASSED] - Send request successfully

2022-07-22 18:31:15 - [TEST_STEP][PASSED] - verifyResponseStatusCode(rslt, 400): Verify response status code successfully

2022-07-22 18:31:15 - [MESSAGE][PASSED] - Verify response status code successfully

2022-07-22 18:31:15 - [TEST_STEP][PASSED] - verifyElementPropertyValue(rslt, "message", "description must not be empty"): Verify element property value successfully

2022-07-22 18:31:15 - [MESSAGE][PASSED] - Verify element property value successfully

2022-07-22 18:31:15 - [TEST_STEP][PASSED] - admin_buildingDesc = "Building Description": null

2022-07-22 18:31:15 - [TEST_STEP][PASSED] - if (i == 7): null

2022-07-22 18:31:15 - [TEST_STEP][PASSED] - if (i == 0): null

2022-07-22 18:31:15 - [TEST_STEP][PASSED] - else if (i == 1): null

2022-07-22 18:31:15 - [TEST_STEP][PASSED] - else if (i == 2): null

2022-07-22 18:31:15 - [TEST_STEP][PASSED] - else if (i == 3): null

2022-07-22 18:31:15 - [TEST_STEP][PASSED] - else if (i == 4): null

2022-07-22 18:31:15 - [TEST_STEP][PASSED] - admin_buildingAddress = "": null

2022-07-22 18:31:15 - [TEST_STEP][PASSED] - rslt = sendRequest(findTestObject("Postman/Admin/Building/Create One")): Send request successfully

2022-07-22 18:31:17 - [MESSAGE][INFO] - HAR: C:\Users\user\git\sewakantor-testing-apiTest\Reports\20220722_183024\BuildingRun\20220722_183024\requests\main\13.har

2022-07-22 18:31:17 - [MESSAGE][PASSED] - Send request successfully

2022-07-22 18:31:17 - [TEST_STEP][PASSED] - verifyResponseStatusCode(rslt, 400): Verify response status code successfully

2022-07-22 18:31:17 - [MESSAGE][PASSED] - Verify response status code successfully

2022-07-22 18:31:17 - [TEST_STEP][PASSED] - verifyElementPropertyValue(rslt, "message", "address must not be empty"): Verify element property value successfully

2022-07-22 18:31:17 - [MESSAGE][PASSED] - Verify element property value successfully

2022-07-22 18:31:17 - [TEST_STEP][PASSED] - admin_buildingAddress = "Building Address": null

2022-07-22 18:31:17 - [TEST_STEP][PASSED] - if (i == 7): null

2022-07-22 18:31:17 - [TEST_STEP][PASSED] - if (i == 0): null

2022-07-22 18:31:17 - [TEST_STEP][PASSED] - else if (i == 1): null

2022-07-22 18:31:17 - [TEST_STEP][PASSED] - else if (i == 2): null

2022-07-22 18:31:17 - [TEST_STEP][PASSED] - else if (i == 3): null

2022-07-22 18:31:17 - [TEST_STEP][PASSED] - else if (i == 4): null

2022-07-22 18:31:17 - [TEST_STEP][PASSED] - else if (i == 5): Verify element property value successfully

2022-07-22 18:31:17 - [TEST_STEP][PASSED] - admin_buildingComplexID = "": null

2022-07-22 18:31:17 - [TEST_STEP][PASSED] - rslt = sendRequest(findTestObject("Postman/Admin/Building/Create One")): Send request successfully

2022-07-22 18:31:19 - [MESSAGE][INFO] - HAR: C:\Users\user\git\sewakantor-testing-apiTest\Reports\20220722_183024\BuildingRun\20220722_183024\requests\main\14.har

2022-07-22 18:31:19 - [MESSAGE][PASSED] - Send request successfully

2022-07-22 18:31:19 - [TEST_STEP][PASSED] - verifyResponseStatusCode(rslt, 400): Verify response status code successfully

2022-07-22 18:31:19 - [MESSAGE][PASSED] - Verify response status code successfully

2022-07-22 18:31:19 - [TEST_STEP][PASSED] - verifyElementPropertyValue(rslt, "message", "complex id must not be null"): Verify element property value successfully

2022-07-22 18:31:19 - [MESSAGE][PASSED] - Verify element property value successfully

2022-07-22 18:31:19 - [TEST_STEP][PASSED] - if (i == 7): null

2022-07-22 18:31:19 - [TEST_STEP][PASSED] - if (i == 0): null

2022-07-22 18:31:19 - [TEST_STEP][PASSED] - else if (i == 1): null

2022-07-22 18:31:19 - [TEST_STEP][PASSED] - else if (i == 2): null

2022-07-22 18:31:19 - [TEST_STEP][PASSED] - else if (i == 3): null

2022-07-22 18:31:19 - [TEST_STEP][PASSED] - else if (i == 4): null

2022-07-22 18:31:19 - [TEST_STEP][PASSED] - else if (i == 5): null

2022-07-22 18:31:19 - [TEST_STEP][PASSED] - else if (i == 6): null

2022-07-22 18:31:19 - [TEST_STEP][PASSED] - admin_buildingComplexID = "0": null

2022-07-22 18:31:19 - [TEST_STEP][PASSED] - rslt = sendRequest(findTestObject("Postman/Admin/Building/Create One")): Send request successfully

2022-07-22 18:31:21 - [MESSAGE][INFO] - HAR: C:\Users\user\git\sewakantor-testing-apiTest\Reports\20220722_183024\BuildingRun\20220722_183024\requests\main\15.har

2022-07-22 18:31:21 - [MESSAGE][PASSED] - Send request successfully

2022-07-22 18:31:21 - [TEST_STEP][PASSED] - verifyResponseStatusCode(rslt, 404): Verify response status code successfully

2022-07-22 18:31:21 - [MESSAGE][PASSED] - Verify response status code successfully

2022-07-22 18:31:21 - [TEST_STEP][PASSED] - verifyElementPropertyValue(rslt, "message", "complex not found"): Verify element property value successfully

2022-07-22 18:31:22 - [MESSAGE][PASSED] - Verify element property value successfully

2022-07-22 18:31:22 - [TEST_STEP][PASSED] - admin_buildingComplexID = "1": null

2022-07-22 18:31:22 - [TEST_STEP][PASSED] - if (i == 7): null

2022-07-22 18:31:22 - [TEST_STEP][PASSED] - if (i == 0): null

2022-07-22 18:31:22 - [TEST_STEP][PASSED] - if (i == 7): Verify element property value successfully

2022-07-22 18:31:22 - [TEST_STEP][PASSED] - admin_buildingComplexID = "1": null

2022-07-22 18:31:22 - [TEST_STEP][PASSED] - admin_buildingName = "Building Name": null

2022-07-22 18:31:22 - [TEST_STEP][PASSED] - admin_buildingAddress = "jalan": null

2022-07-22 18:31:22 - [TEST_STEP][PASSED] - admin_buildingDesc = "desc": null

2022-07-22 18:31:22 - [TEST_STEP][PASSED] - rslt = sendRequest(findTestObject("Postman/Admin/Building/Create One")): Send request successfully

2022-07-22 18:31:27 - [MESSAGE][INFO] - HAR: C:\Users\user\git\sewakantor-testing-apiTest\Reports\20220722_183024\BuildingRun\20220722_183024\requests\main\16.har

2022-07-22 18:31:27 - [MESSAGE][PASSED] - Send request successfully

2022-07-22 18:31:27 - [TEST_STEP][PASSED] - verifyResponseStatusCode(rslt, 200): Verify response status code successfully

2022-07-22 18:31:27 - [MESSAGE][PASSED] - Verify response status code successfully

2022-07-22 18:31:27 - [TEST_STEP][PASSED] - verifyElementPropertyValue(rslt, "message", "building saved successfully"): Verify element property value successfully

2022-07-22 18:31:27 - [MESSAGE][PASSED] - Verify element property value successfully

2022-07-22 18:31:27 - [TEST_STEP][PASSED] - slurper = new groovy.json.JsonSlurper(): null

2022-07-22 18:31:27 - [TEST_STEP][PASSED] - result = slurper.parseText(rslt.getResponseBodyContent()): null

2022-07-22 18:31:27 - [TEST_STEP][PASSED] - value = id: null

2022-07-22 18:31:27 - [TEST_STEP][PASSED] - admin_BuildingID = value: null

2022-07-22 18:31:27 - [TEST_STEP][PASSED] - println(admin_BuildingID): null]]></system-out>
         <system-err><![CDATA[]]></system-err>
      </testcase>
      <testcase name="Test Cases/Admin/TS4_Building Management/TC_UpdateBuilding" time="25.623" classname="Test Cases/Admin/TS4_Building Management/TC_UpdateBuilding" status="PASSED">
         <system-out><![CDATA[2022-07-22 18:31:27 - [TEST_CASE][PASSED] - Test Cases/Admin/TS4_Building Management/TC_UpdateBuilding: Test Cases/Admin/TS4_Building Management/TC_UpdateBuilding

2022-07-22 18:31:27 - [TEST_STEP][PASSED] - admin_buildingComplexID = "1": null

2022-07-22 18:31:27 - [TEST_STEP][PASSED] - admin_buildingName = "Building Name": null

2022-07-22 18:31:27 - [TEST_STEP][PASSED] - admin_buildingAddress = "jalan": null

2022-07-22 18:31:27 - [TEST_STEP][PASSED] - admin_buildingDesc = "desc": null

2022-07-22 18:31:27 - [TEST_STEP][PASSED] - dump = admin_BuildingID: null

2022-07-22 18:31:27 - [TEST_STEP][PASSED] - for ([i = 0, i < 8, (i++)]): null

2022-07-22 18:31:27 - [TEST_STEP][PASSED] - if (i == 0): null

2022-07-22 18:31:27 - [TEST_STEP][PASSED] - callTestCase(findTestCase("Admin/Dummy Admin/LoginGetToken"), [:], STOP_ON_FAILURE): Call Test Case 'Test Cases/Admin/Dummy Admin/LoginGetToken' successfully

2022-07-22 18:31:28 - [TEST_CASE][PASSED] - Test Cases/Admin/Dummy Admin/LoginGetToken: Test Cases/Admin/Dummy Admin/LoginGetToken

2022-07-22 18:31:28 - [TEST_STEP][PASSED] - admin_uname = "superadmin": null

2022-07-22 18:31:28 - [TEST_STEP][PASSED] - admin_password = "12345": null

2022-07-22 18:31:28 - [TEST_STEP][PASSED] - rslt = sendRequest(findTestObject("Postman/Admin/Auth/Login")): Send request successfully

2022-07-22 18:31:29 - [MESSAGE][INFO] - HAR: C:\Users\user\git\sewakantor-testing-apiTest\Reports\20220722_183024\BuildingRun\20220722_183024\requests\main\17.har

2022-07-22 18:31:29 - [MESSAGE][PASSED] - Send request successfully

2022-07-22 18:31:29 - [TEST_STEP][PASSED] - slurper = new groovy.json.JsonSlurper(): null

2022-07-22 18:31:29 - [TEST_STEP][PASSED] - result = slurper.parseText(rslt.getResponseBodyContent()): null

2022-07-22 18:31:29 - [TEST_STEP][PASSED] - value = token: null

2022-07-22 18:31:29 - [TEST_STEP][PASSED] - token = value: null

2022-07-22 18:31:29 - [TEST_STEP][PASSED] - println(token): null

2022-07-22 18:31:29 - [MESSAGE][PASSED] - Call Test Case 'Test Cases/Admin/Dummy Admin/LoginGetToken' successfully

2022-07-22 18:31:29 - [TEST_STEP][PASSED] - admin_BuildingID = "0": null

2022-07-22 18:31:29 - [TEST_STEP][PASSED] - rslt = sendRequest(findTestObject("Postman/Admin/Building/Update")): Send request successfully

2022-07-22 18:31:31 - [MESSAGE][INFO] - HAR: C:\Users\user\git\sewakantor-testing-apiTest\Reports\20220722_183024\BuildingRun\20220722_183024\requests\main\18.har

2022-07-22 18:31:31 - [MESSAGE][PASSED] - Send request successfully

2022-07-22 18:31:31 - [TEST_STEP][PASSED] - verifyResponseStatusCode(rslt, 404): Verify response status code successfully

2022-07-22 18:31:31 - [MESSAGE][PASSED] - Verify response status code successfully

2022-07-22 18:31:31 - [TEST_STEP][PASSED] - verifyElementPropertyValue(rslt, "message", "building not found"): Verify element property value successfully

2022-07-22 18:31:31 - [MESSAGE][PASSED] - Verify element property value successfully

2022-07-22 18:31:31 - [TEST_STEP][PASSED] - admin_BuildingID = dump: null

2022-07-22 18:31:31 - [TEST_STEP][PASSED] - if (i == 1): null

2022-07-22 18:31:31 - [TEST_STEP][PASSED] - if (i == 8): null

2022-07-22 18:31:31 - [TEST_STEP][PASSED] - if (i == 0): null

2022-07-22 18:31:31 - [TEST_STEP][PASSED] - if (i == 1): Verify response status code successfully

2022-07-22 18:31:31 - [TEST_STEP][PASSED] - token = "": null

2022-07-22 18:31:31 - [TEST_STEP][PASSED] - rslt = sendRequest(findTestObject("Postman/Admin/Building/Update")): Send request successfully

2022-07-22 18:31:33 - [MESSAGE][INFO] - HAR: C:\Users\user\git\sewakantor-testing-apiTest\Reports\20220722_183024\BuildingRun\20220722_183024\requests\main\19.har

2022-07-22 18:31:33 - [MESSAGE][PASSED] - Send request successfully

2022-07-22 18:31:33 - [TEST_STEP][PASSED] - verifyResponseStatusCode(rslt, 401): Verify response status code successfully

2022-07-22 18:31:33 - [MESSAGE][PASSED] - Verify response status code successfully

2022-07-22 18:31:33 - [TEST_STEP][PASSED] - if (i == 8): null

2022-07-22 18:31:33 - [TEST_STEP][PASSED] - if (i == 0): null

2022-07-22 18:31:33 - [TEST_STEP][PASSED] - if (i == 1): null

2022-07-22 18:31:33 - [TEST_STEP][PASSED] - else if (i == 2): Verify element property value successfully

2022-07-22 18:31:33 - [TEST_STEP][PASSED] - callTestCase(findTestCase("Admin/Dummy Admin/LoginGetToken"), [:], STOP_ON_FAILURE): Call Test Case 'Test Cases/Admin/Dummy Admin/LoginGetToken' successfully

2022-07-22 18:31:34 - [TEST_CASE][PASSED] - Test Cases/Admin/Dummy Admin/LoginGetToken: Test Cases/Admin/Dummy Admin/LoginGetToken

2022-07-22 18:31:34 - [TEST_STEP][PASSED] - admin_uname = "superadmin": null

2022-07-22 18:31:34 - [TEST_STEP][PASSED] - admin_password = "12345": null

2022-07-22 18:31:34 - [TEST_STEP][PASSED] - rslt = sendRequest(findTestObject("Postman/Admin/Auth/Login")): Send request successfully

2022-07-22 18:31:36 - [MESSAGE][INFO] - HAR: C:\Users\user\git\sewakantor-testing-apiTest\Reports\20220722_183024\BuildingRun\20220722_183024\requests\main\20.har

2022-07-22 18:31:36 - [MESSAGE][PASSED] - Send request successfully

2022-07-22 18:31:36 - [TEST_STEP][PASSED] - slurper = new groovy.json.JsonSlurper(): null

2022-07-22 18:31:36 - [TEST_STEP][PASSED] - result = slurper.parseText(rslt.getResponseBodyContent()): null

2022-07-22 18:31:36 - [TEST_STEP][PASSED] - value = token: null

2022-07-22 18:31:36 - [TEST_STEP][PASSED] - token = value: null

2022-07-22 18:31:36 - [TEST_STEP][PASSED] - println(token): null

2022-07-22 18:31:36 - [MESSAGE][PASSED] - Call Test Case 'Test Cases/Admin/Dummy Admin/LoginGetToken' successfully

2022-07-22 18:31:36 - [TEST_STEP][PASSED] - admin_buildingName = "": null

2022-07-22 18:31:36 - [TEST_STEP][PASSED] - rslt = sendRequest(findTestObject("Postman/Admin/Building/Update")): Send request successfully

2022-07-22 18:31:38 - [MESSAGE][INFO] - HAR: C:\Users\user\git\sewakantor-testing-apiTest\Reports\20220722_183024\BuildingRun\20220722_183024\requests\main\21.har

2022-07-22 18:31:38 - [MESSAGE][PASSED] - Send request successfully

2022-07-22 18:31:38 - [TEST_STEP][PASSED] - verifyResponseStatusCode(rslt, 400): Verify response status code successfully

2022-07-22 18:31:38 - [MESSAGE][PASSED] - Verify response status code successfully

2022-07-22 18:31:38 - [TEST_STEP][PASSED] - verifyElementPropertyValue(rslt, "message", "name must not be empty"): Verify element property value successfully

2022-07-22 18:31:38 - [MESSAGE][PASSED] - Verify element property value successfully

2022-07-22 18:31:38 - [TEST_STEP][PASSED] - if (i == 8): null

2022-07-22 18:31:38 - [TEST_STEP][PASSED] - if (i == 0): null

2022-07-22 18:31:38 - [TEST_STEP][PASSED] - if (i == 1): null

2022-07-22 18:31:38 - [TEST_STEP][PASSED] - else if (i == 2): null

2022-07-22 18:31:38 - [TEST_STEP][PASSED] - else if (i == 3): null

2022-07-22 18:31:38 - [TEST_STEP][PASSED] - admin_buildingName = "BCA Tower": null

2022-07-22 18:31:38 - [TEST_STEP][PASSED] - rslt = sendRequest(findTestObject("Postman/Admin/Building/Update")): Send request successfully

2022-07-22 18:31:42 - [MESSAGE][INFO] - HAR: C:\Users\user\git\sewakantor-testing-apiTest\Reports\20220722_183024\BuildingRun\20220722_183024\requests\main\22.har

2022-07-22 18:31:42 - [MESSAGE][PASSED] - Send request successfully

2022-07-22 18:31:42 - [TEST_STEP][PASSED] - verifyResponseStatusCode(rslt, 500): Verify response status code successfully

2022-07-22 18:31:42 - [MESSAGE][PASSED] - Verify response status code successfully

2022-07-22 18:31:42 - [TEST_STEP][PASSED] - verifyElementPropertyValue(rslt, "error", "Internal Server Error"): Verify element property value successfully

2022-07-22 18:31:42 - [MESSAGE][PASSED] - Verify element property value successfully

2022-07-22 18:31:42 - [TEST_STEP][PASSED] - admin_buildingName = "Building Name": null

2022-07-22 18:31:42 - [TEST_STEP][PASSED] - if (i == 8): null

2022-07-22 18:31:42 - [TEST_STEP][PASSED] - if (i == 0): null

2022-07-22 18:31:42 - [TEST_STEP][PASSED] - if (i == 1): null

2022-07-22 18:31:42 - [TEST_STEP][PASSED] - else if (i == 2): null

2022-07-22 18:31:42 - [TEST_STEP][PASSED] - else if (i == 3): null

2022-07-22 18:31:42 - [TEST_STEP][PASSED] - else if (i == 4): null

2022-07-22 18:31:42 - [TEST_STEP][PASSED] - admin_buildingDesc = "": null

2022-07-22 18:31:42 - [TEST_STEP][PASSED] - rslt = sendRequest(findTestObject("Postman/Admin/Building/Update")): Send request successfully

2022-07-22 18:31:46 - [MESSAGE][INFO] - HAR: C:\Users\user\git\sewakantor-testing-apiTest\Reports\20220722_183024\BuildingRun\20220722_183024\requests\main\23.har

2022-07-22 18:31:46 - [MESSAGE][PASSED] - Send request successfully

2022-07-22 18:31:46 - [TEST_STEP][PASSED] - verifyResponseStatusCode(rslt, 400): Verify response status code successfully

2022-07-22 18:31:46 - [MESSAGE][PASSED] - Verify response status code successfully

2022-07-22 18:31:46 - [TEST_STEP][PASSED] - verifyElementPropertyValue(rslt, "message", "description must not be empty"): Verify element property value successfully

2022-07-22 18:31:46 - [MESSAGE][PASSED] - Verify element property value successfully

2022-07-22 18:31:46 - [TEST_STEP][PASSED] - admin_buildingDesc = "Building Description": null

2022-07-22 18:31:46 - [TEST_STEP][PASSED] - if (i == 8): null

2022-07-22 18:31:46 - [TEST_STEP][PASSED] - if (i == 0): null

2022-07-22 18:31:46 - [TEST_STEP][PASSED] - if (i == 1): null

2022-07-22 18:31:46 - [TEST_STEP][PASSED] - else if (i == 2): null

2022-07-22 18:31:46 - [TEST_STEP][PASSED] - else if (i == 3): null

2022-07-22 18:31:46 - [TEST_STEP][PASSED] - else if (i == 4): null

2022-07-22 18:31:46 - [TEST_STEP][PASSED] - else if (i == 5): null

2022-07-22 18:31:46 - [TEST_STEP][PASSED] - admin_buildingAddress = "": null

2022-07-22 18:31:46 - [TEST_STEP][PASSED] - rslt = sendRequest(findTestObject("Postman/Admin/Building/Update")): Send request successfully

2022-07-22 18:31:49 - [MESSAGE][INFO] - HAR: C:\Users\user\git\sewakantor-testing-apiTest\Reports\20220722_183024\BuildingRun\20220722_183024\requests\main\24.har

2022-07-22 18:31:49 - [MESSAGE][PASSED] - Send request successfully

2022-07-22 18:31:49 - [TEST_STEP][PASSED] - verifyResponseStatusCode(rslt, 400): Verify response status code successfully

2022-07-22 18:31:49 - [MESSAGE][PASSED] - Verify response status code successfully

2022-07-22 18:31:49 - [TEST_STEP][PASSED] - verifyElementPropertyValue(rslt, "message", "address must not be empty"): Verify element property value successfully

2022-07-22 18:31:49 - [MESSAGE][PASSED] - Verify element property value successfully

2022-07-22 18:31:49 - [TEST_STEP][PASSED] - admin_buildingAddress = "Building Address": null

2022-07-22 18:31:49 - [TEST_STEP][PASSED] - if (i == 8): null

2022-07-22 18:31:49 - [TEST_STEP][PASSED] - if (i == 0): null

2022-07-22 18:31:49 - [TEST_STEP][PASSED] - if (i == 1): null

2022-07-22 18:31:49 - [TEST_STEP][PASSED] - else if (i == 2): null

2022-07-22 18:31:49 - [TEST_STEP][PASSED] - else if (i == 3): null

2022-07-22 18:31:49 - [TEST_STEP][PASSED] - else if (i == 4): null

2022-07-22 18:31:49 - [TEST_STEP][PASSED] - else if (i == 5): null

2022-07-22 18:31:49 - [TEST_STEP][PASSED] - else if (i == 6): Verify element property value successfully

2022-07-22 18:31:49 - [TEST_STEP][PASSED] - admin_buildingComplexID = "": null

2022-07-22 18:31:49 - [TEST_STEP][PASSED] - rslt = sendRequest(findTestObject("Postman/Admin/Building/Update")): Send request successfully

2022-07-22 18:31:51 - [MESSAGE][INFO] - HAR: C:\Users\user\git\sewakantor-testing-apiTest\Reports\20220722_183024\BuildingRun\20220722_183024\requests\main\25.har

2022-07-22 18:31:51 - [MESSAGE][PASSED] - Send request successfully

2022-07-22 18:31:51 - [TEST_STEP][PASSED] - verifyResponseStatusCode(rslt, 400): Verify response status code successfully

2022-07-22 18:31:51 - [MESSAGE][PASSED] - Verify response status code successfully

2022-07-22 18:31:51 - [TEST_STEP][PASSED] - verifyElementPropertyValue(rslt, "message", "complex id must not be null"): Verify element property value successfully

2022-07-22 18:31:51 - [MESSAGE][PASSED] - Verify element property value successfully

2022-07-22 18:31:51 - [TEST_STEP][PASSED] - if (i == 8): null

2022-07-22 18:31:51 - [TEST_STEP][PASSED] - if (i == 0): null

2022-07-22 18:31:51 - [TEST_STEP][PASSED] - if (i == 1): null

2022-07-22 18:31:51 - [TEST_STEP][PASSED] - else if (i == 2): null

2022-07-22 18:31:51 - [TEST_STEP][PASSED] - else if (i == 3): null

2022-07-22 18:31:51 - [TEST_STEP][PASSED] - else if (i == 4): null

2022-07-22 18:31:51 - [TEST_STEP][PASSED] - else if (i == 5): null

2022-07-22 18:31:51 - [TEST_STEP][PASSED] - else if (i == 6): null

2022-07-22 18:31:51 - [TEST_STEP][PASSED] - else if (i == 7): null

2022-07-22 18:31:51 - [TEST_STEP][PASSED] - admin_buildingComplexID = "0": null

2022-07-22 18:31:51 - [TEST_STEP][PASSED] - rslt = sendRequest(findTestObject("Postman/Admin/Building/Update")): Send request successfully

2022-07-22 18:31:52 - [MESSAGE][INFO] - HAR: C:\Users\user\git\sewakantor-testing-apiTest\Reports\20220722_183024\BuildingRun\20220722_183024\requests\main\26.har

2022-07-22 18:31:52 - [MESSAGE][PASSED] - Send request successfully

2022-07-22 18:31:52 - [TEST_STEP][PASSED] - verifyResponseStatusCode(rslt, 404): Verify response status code successfully

2022-07-22 18:31:52 - [MESSAGE][PASSED] - Verify response status code successfully

2022-07-22 18:31:52 - [TEST_STEP][PASSED] - verifyElementPropertyValue(rslt, "message", "complex not found"): Verify element property value successfully

2022-07-22 18:31:52 - [MESSAGE][PASSED] - Verify element property value successfully

2022-07-22 18:31:52 - [TEST_STEP][PASSED] - admin_buildingComplexID = "1": null

2022-07-22 18:31:52 - [TEST_STEP][PASSED] - if (i == 8): null]]></system-out>
         <system-err><![CDATA[]]></system-err>
      </testcase>
      <testcase name="Test Cases/Admin/TS4_Building Management/TC_Delete Building" time="9.396" classname="Test Cases/Admin/TS4_Building Management/TC_Delete Building" status="PASSED">
         <system-out><![CDATA[2022-07-22 18:31:52 - [TEST_CASE][PASSED] - Test Cases/Admin/TS4_Building Management/TC_Delete Building: Test Cases/Admin/TS4_Building Management/TC_Delete Building

2022-07-22 18:31:53 - [TEST_STEP][PASSED] - dump = admin_BuildingID: null

2022-07-22 18:31:53 - [TEST_STEP][PASSED] - for ([i = 0, i < 3, (i++)]): Verify element property value successfully

2022-07-22 18:31:53 - [TEST_STEP][PASSED] - if (i == 0): Verify response status code successfully

2022-07-22 18:31:53 - [TEST_STEP][PASSED] - token = "": null

2022-07-22 18:31:53 - [TEST_STEP][PASSED] - rslt = sendRequest(findTestObject("Postman/Admin/Building/Delete")): Send request successfully

2022-07-22 18:31:55 - [MESSAGE][INFO] - HAR: C:\Users\user\git\sewakantor-testing-apiTest\Reports\20220722_183024\BuildingRun\20220722_183024\requests\main\27.har

2022-07-22 18:31:55 - [MESSAGE][PASSED] - Send request successfully

2022-07-22 18:31:55 - [TEST_STEP][PASSED] - verifyResponseStatusCode(rslt, 401): Verify response status code successfully

2022-07-22 18:31:55 - [MESSAGE][PASSED] - Verify response status code successfully

2022-07-22 18:31:55 - [TEST_STEP][PASSED] - if (i == 0): null

2022-07-22 18:31:55 - [TEST_STEP][PASSED] - else if (i == 1): null

2022-07-22 18:31:55 - [TEST_STEP][PASSED] - callTestCase(findTestCase("Admin/Dummy Admin/LoginGetToken"), [:], CONTINUE_ON_FAILURE): Call Test Case 'Test Cases/Admin/Dummy Admin/LoginGetToken' successfully

2022-07-22 18:31:56 - [TEST_CASE][PASSED] - Test Cases/Admin/Dummy Admin/LoginGetToken: Test Cases/Admin/Dummy Admin/LoginGetToken

2022-07-22 18:31:56 - [TEST_STEP][PASSED] - admin_uname = "superadmin": null

2022-07-22 18:31:56 - [TEST_STEP][PASSED] - admin_password = "12345": null

2022-07-22 18:31:56 - [TEST_STEP][PASSED] - rslt = sendRequest(findTestObject("Postman/Admin/Auth/Login")): Send request successfully

2022-07-22 18:31:59 - [MESSAGE][INFO] - HAR: C:\Users\user\git\sewakantor-testing-apiTest\Reports\20220722_183024\BuildingRun\20220722_183024\requests\main\28.har

2022-07-22 18:31:59 - [MESSAGE][PASSED] - Send request successfully

2022-07-22 18:31:59 - [TEST_STEP][PASSED] - slurper = new groovy.json.JsonSlurper(): null

2022-07-22 18:31:59 - [TEST_STEP][PASSED] - result = slurper.parseText(rslt.getResponseBodyContent()): null

2022-07-22 18:31:59 - [TEST_STEP][PASSED] - value = token: null

2022-07-22 18:31:59 - [TEST_STEP][PASSED] - token = value: null

2022-07-22 18:31:59 - [TEST_STEP][PASSED] - println(token): null

2022-07-22 18:31:59 - [MESSAGE][PASSED] - Call Test Case 'Test Cases/Admin/Dummy Admin/LoginGetToken' successfully

2022-07-22 18:31:59 - [TEST_STEP][PASSED] - admin_BuildingID = "0": null

2022-07-22 18:31:59 - [TEST_STEP][PASSED] - rslt = sendRequest(findTestObject("Postman/Admin/Building/Delete")): Send request successfully

2022-07-22 18:32:00 - [MESSAGE][INFO] - HAR: C:\Users\user\git\sewakantor-testing-apiTest\Reports\20220722_183024\BuildingRun\20220722_183024\requests\main\29.har

2022-07-22 18:32:00 - [MESSAGE][PASSED] - Send request successfully

2022-07-22 18:32:00 - [TEST_STEP][PASSED] - verifyResponseStatusCode(rslt, 404): Verify response status code successfully

2022-07-22 18:32:00 - [MESSAGE][PASSED] - Verify response status code successfully

2022-07-22 18:32:00 - [TEST_STEP][PASSED] - verifyElementPropertyValue(rslt, "message", "building not found"): Verify element property value successfully

2022-07-22 18:32:00 - [MESSAGE][PASSED] - Verify element property value successfully

2022-07-22 18:32:00 - [TEST_STEP][PASSED] - admin_BuildingID = dump: null

2022-07-22 18:32:00 - [TEST_STEP][PASSED] - if (i == 0): null

2022-07-22 18:32:00 - [TEST_STEP][PASSED] - else if (i == 1): null

2022-07-22 18:32:00 - [TEST_STEP][PASSED] - else: Verify element property value successfully

2022-07-22 18:32:00 - [TEST_STEP][PASSED] - rslt = sendRequest(findTestObject("Postman/Admin/Building/Delete")): Send request successfully

2022-07-22 18:32:02 - [MESSAGE][INFO] - HAR: C:\Users\user\git\sewakantor-testing-apiTest\Reports\20220722_183024\BuildingRun\20220722_183024\requests\main\30.har

2022-07-22 18:32:02 - [MESSAGE][PASSED] - Send request successfully

2022-07-22 18:32:02 - [TEST_STEP][PASSED] - verifyResponseStatusCode(rslt, 200): Verify response status code successfully

2022-07-22 18:32:02 - [MESSAGE][PASSED] - Verify response status code successfully

2022-07-22 18:32:02 - [TEST_STEP][PASSED] - verifyElementPropertyValue(rslt, "message", "building deleted successfully"): Verify element property value successfully

2022-07-22 18:32:02 - [MESSAGE][PASSED] - Verify element property value successfully]]></system-out>
         <system-err><![CDATA[]]></system-err>
      </testcase>
      <system-out><![CDATA[2022-07-22 18:30:31 - [TEST_SUITE][PASSED] - BuildingRun: Test Cases/Admin/TS4_Building Management/TC_Delete Building]]></system-out>
      <system-err><![CDATA[]]></system-err>
   </testsuite>
</testsuites>
