<?xml version="1.0" encoding="UTF-8"?>
<testsuites name="CityRun" time="68.693" tests="5" failures="2" errors="0">
   <testsuite name="CityRun" tests="5" failures="2" errors="0" time="68.693" skipped="0" timestamp="2022-07-18 18:04:41" hostname="user - izzazainf" id="Test Suites/CityRun">
      <properties>
         <property name="deviceName" value=""/>
         <property name="devicePlatform" value=""/>
         <property name="logFolder" value="C:\\Users\\user\\git\\sewakantor-testing-apiTest\\Reports\\20220718_180439\\CityRun\\20220718_180439"/>
         <property name="logFiles" value="C:\\Users\\user\\git\\sewakantor-testing-apiTest\\Reports\\20220718_180439\\CityRun\\20220718_180439\\execution0.log"/>
         <property name="attachments" value=""/>
         <property name="hostName" value="user - izzazainf"/>
         <property name="hostAddress" value="192.168.43.13"/>
         <property name="os" value="Windows 10 64bit"/>
         <property name="katalonVersion" value="8.4.0.208"/>
      </properties>
      <testcase name="Test Cases/Admin/TS2_City/TC_Get All City" time="7.991" classname="Test Cases/Admin/TS2_City/TC_Get All City" status="PASSED">
         <system-out><![CDATA[2022-07-18 18:04:42 - [TEST_CASE][PASSED] - Test Cases/Admin/TS2_City/TC_Get All City: Test Cases/Admin/TS2_City/TC_Get All City

2022-07-18 18:04:42 - [TEST_STEP][PASSED] - for ([i = 0, i < 2, (i++)]): Verify element property value successfully

2022-07-18 18:04:42 - [TEST_STEP][PASSED] - if (i == 0): Verify response status code successfully

2022-07-18 18:04:42 - [TEST_STEP][PASSED] - token = "": null

2022-07-18 18:04:43 - [TEST_STEP][PASSED] - rslt = sendRequest(findTestObject("Postman/Admin/City/Get All")): Send request successfully

2022-07-18 18:04:46 - [MESSAGE][INFO] - HAR: C:\Users\user\git\sewakantor-testing-apiTest\Reports\20220718_180439\CityRun\20220718_180439\requests\main\0.har

2022-07-18 18:04:46 - [MESSAGE][PASSED] - Send request successfully

2022-07-18 18:04:46 - [TEST_STEP][PASSED] - verifyResponseStatusCode(rslt, 401): Verify response status code successfully

2022-07-18 18:04:46 - [MESSAGE][PASSED] - Verify response status code successfully

2022-07-18 18:04:46 - [TEST_STEP][PASSED] - if (i == 0): null

2022-07-18 18:04:46 - [TEST_STEP][PASSED] - else if (i == 1): Verify element property value successfully

2022-07-18 18:04:46 - [TEST_STEP][PASSED] - callTestCase(findTestCase("Admin/Dummy Admin/LoginGetToken"), [:], STOP_ON_FAILURE): Call Test Case 'Test Cases/Admin/Dummy Admin/LoginGetToken' successfully

2022-07-18 18:04:46 - [TEST_CASE][PASSED] - Test Cases/Admin/Dummy Admin/LoginGetToken: Test Cases/Admin/Dummy Admin/LoginGetToken

2022-07-18 18:04:46 - [TEST_STEP][PASSED] - admin_uname = "superadmin": null

2022-07-18 18:04:46 - [TEST_STEP][PASSED] - admin_password = "12345": null

2022-07-18 18:04:46 - [TEST_STEP][PASSED] - rslt = sendRequest(findTestObject("Postman/Admin/Auth/Login")): Send request successfully

2022-07-18 18:04:48 - [MESSAGE][INFO] - HAR: C:\Users\user\git\sewakantor-testing-apiTest\Reports\20220718_180439\CityRun\20220718_180439\requests\main\1.har

2022-07-18 18:04:48 - [MESSAGE][PASSED] - Send request successfully

2022-07-18 18:04:48 - [TEST_STEP][PASSED] - slurper = new groovy.json.JsonSlurper(): null

2022-07-18 18:04:48 - [TEST_STEP][PASSED] - result = slurper.parseText(rslt.getResponseBodyContent()): null

2022-07-18 18:04:48 - [TEST_STEP][PASSED] - value = token: null

2022-07-18 18:04:48 - [TEST_STEP][PASSED] - token = value: null

2022-07-18 18:04:48 - [TEST_STEP][PASSED] - println(token): null

2022-07-18 18:04:48 - [MESSAGE][PASSED] - Call Test Case 'Test Cases/Admin/Dummy Admin/LoginGetToken' successfully

2022-07-18 18:04:48 - [TEST_STEP][PASSED] - rslt = sendRequest(findTestObject("Postman/Admin/City/Get All")): Send request successfully

2022-07-18 18:04:50 - [MESSAGE][INFO] - HAR: C:\Users\user\git\sewakantor-testing-apiTest\Reports\20220718_180439\CityRun\20220718_180439\requests\main\2.har

2022-07-18 18:04:50 - [MESSAGE][PASSED] - Send request successfully

2022-07-18 18:04:50 - [TEST_STEP][PASSED] - verifyResponseStatusCode(rslt, 200): Verify response status code successfully

2022-07-18 18:04:50 - [MESSAGE][PASSED] - Verify response status code successfully

2022-07-18 18:04:50 - [TEST_STEP][PASSED] - verifyElementPropertyValue(rslt, "message", "list city"): Verify element property value successfully

2022-07-18 18:04:50 - [MESSAGE][PASSED] - Verify element property value successfully]]></system-out>
         <system-err><![CDATA[]]></system-err>
      </testcase>
      <testcase name="Test Cases/Admin/TS2_City/TC_Get One City" time="7.499" classname="Test Cases/Admin/TS2_City/TC_Get One City" status="FAILED">
         <failure type="FAILED" message="Test Cases/Admin/TS2_City/TC_Get One City FAILED.
Reason:
com.kms.katalon.core.exception.StepFailedException: Expected element property value 'Malformed request' is not equal with actual property value 'Failed to convert value of type 'java.lang.String' to required type 'java.lang.Long'; nested exception is java.lang.NumberFormatException: For input string: &quot;satu&quot;'
	at com.kms.katalon.core.keyword.internal.KeywordMain.stepFailed(KeywordMain.groovy:39)
	at com.kms.katalon.core.webservice.keyword.builtin.VerifyElementPropertyValueKeyword$_verifyElementPropertyValue_closure1.doCall(VerifyElementPropertyValueKeyword.groovy:56)
	at com.kms.katalon.core.webservice.keyword.builtin.VerifyElementPropertyValueKeyword$_verifyElementPropertyValue_closure1.call(VerifyElementPropertyValueKeyword.groovy)
	at com.kms.katalon.core.keyword.internal.KeywordMain.runKeyword(KeywordMain.groovy:74)
	at com.kms.katalon.core.webservice.keyword.builtin.VerifyElementPropertyValueKeyword.verifyElementPropertyValue(VerifyElementPropertyValueKeyword.groovy:48)
	at com.kms.katalon.core.webservice.keyword.builtin.VerifyElementPropertyValueKeyword.execute(VerifyElementPropertyValueKeyword.groovy:43)
	at com.kms.katalon.core.keyword.internal.KeywordExecutor.executeKeywordForPlatform(KeywordExecutor.groovy:74)
	at com.kms.katalon.core.webservice.keyword.WSBuiltInKeywords.verifyElementPropertyValue(WSBuiltInKeywords.groovy:190)
	at com.kms.katalon.core.webservice.keyword.WSBuiltInKeywords$verifyElementPropertyValue$1.call(Unknown Source)
	at TC_Get One City.run(TC_Get One City:58)
	at com.kms.katalon.core.main.ScriptEngine.run(ScriptEngine.java:194)
	at com.kms.katalon.core.main.ScriptEngine.runScriptAsRawText(ScriptEngine.java:119)
	at com.kms.katalon.core.main.TestCaseExecutor.runScript(TestCaseExecutor.java:445)
	at com.kms.katalon.core.main.TestCaseExecutor.doExecute(TestCaseExecutor.java:436)
	at com.kms.katalon.core.main.TestCaseExecutor.processExecutionPhase(TestCaseExecutor.java:415)
	at com.kms.katalon.core.main.TestCaseExecutor.accessMainPhase(TestCaseExecutor.java:407)
	at com.kms.katalon.core.main.TestCaseExecutor.execute(TestCaseExecutor.java:284)
	at com.kms.katalon.core.common.CommonExecutor.accessTestCaseMainPhase(CommonExecutor.java:65)
	at com.kms.katalon.core.main.TestSuiteExecutor.accessTestSuiteMainPhase(TestSuiteExecutor.java:144)
	at com.kms.katalon.core.main.TestSuiteExecutor.execute(TestSuiteExecutor.java:106)
	at com.kms.katalon.core.main.TestCaseMain.startTestSuite(TestCaseMain.java:185)
	at com.kms.katalon.core.main.TestCaseMain$startTestSuite$0.call(Unknown Source)
	at TempTestSuite1658142279537.run(TempTestSuite1658142279537.groovy:36)
"/>
         <system-out><![CDATA[2022-07-18 18:04:50 - [TEST_CASE][FAILED] - Test Cases/Admin/TS2_City/TC_Get One City: Test Cases/Admin/TS2_City/TC_Get One City FAILED.
Reason:
com.kms.katalon.core.exception.StepFailedException: Expected element property value 'Malformed request' is not equal with actual property value 'Failed to convert value of type 'java.lang.String' to required type 'java.lang.Long'; nested exception is java.lang.NumberFormatException: For input string: "satu"'
	at com.kms.katalon.core.keyword.internal.KeywordMain.stepFailed(KeywordMain.groovy:39)
	at com.kms.katalon.core.webservice.keyword.builtin.VerifyElementPropertyValueKeyword$_verifyElementPropertyValue_closure1.doCall(VerifyElementPropertyValueKeyword.groovy:56)
	at com.kms.katalon.core.webservice.keyword.builtin.VerifyElementPropertyValueKeyword$_verifyElementPropertyValue_closure1.call(VerifyElementPropertyValueKeyword.groovy)
	at com.kms.katalon.core.keyword.internal.KeywordMain.runKeyword(KeywordMain.groovy:74)
	at com.kms.katalon.core.webservice.keyword.builtin.VerifyElementPropertyValueKeyword.verifyElementPropertyValue(VerifyElementPropertyValueKeyword.groovy:48)
	at com.kms.katalon.core.webservice.keyword.builtin.VerifyElementPropertyValueKeyword.execute(VerifyElementPropertyValueKeyword.groovy:43)
	at com.kms.katalon.core.keyword.internal.KeywordExecutor.executeKeywordForPlatform(KeywordExecutor.groovy:74)
	at com.kms.katalon.core.webservice.keyword.WSBuiltInKeywords.verifyElementPropertyValue(WSBuiltInKeywords.groovy:190)
	at com.kms.katalon.core.webservice.keyword.WSBuiltInKeywords$verifyElementPropertyValue$1.call(Unknown Source)
	at TC_Get One City.run(TC_Get One City:58)
	at com.kms.katalon.core.main.ScriptEngine.run(ScriptEngine.java:194)
	at com.kms.katalon.core.main.ScriptEngine.runScriptAsRawText(ScriptEngine.java:119)
	at com.kms.katalon.core.main.TestCaseExecutor.runScript(TestCaseExecutor.java:445)
	at com.kms.katalon.core.main.TestCaseExecutor.doExecute(TestCaseExecutor.java:436)
	at com.kms.katalon.core.main.TestCaseExecutor.processExecutionPhase(TestCaseExecutor.java:415)
	at com.kms.katalon.core.main.TestCaseExecutor.accessMainPhase(TestCaseExecutor.java:407)
	at com.kms.katalon.core.main.TestCaseExecutor.execute(TestCaseExecutor.java:284)
	at com.kms.katalon.core.common.CommonExecutor.accessTestCaseMainPhase(CommonExecutor.java:65)
	at com.kms.katalon.core.main.TestSuiteExecutor.accessTestSuiteMainPhase(TestSuiteExecutor.java:144)
	at com.kms.katalon.core.main.TestSuiteExecutor.execute(TestSuiteExecutor.java:106)
	at com.kms.katalon.core.main.TestCaseMain.startTestSuite(TestCaseMain.java:185)
	at com.kms.katalon.core.main.TestCaseMain$startTestSuite$0.call(Unknown Source)
	at TempTestSuite1658142279537.run(TempTestSuite1658142279537.groovy:36)


2022-07-18 18:04:50 - [TEST_STEP][FAILED] - for ([i = 0, i < 4, (i++)]): Expected element property value 'Malformed request' is not equal with actual property value 'Failed to convert value of type 'java.lang.String' to required type 'java.lang.Long'; nested exception is java.lang.NumberFormatException: For input string: "satu"'

2022-07-18 18:04:50 - [TEST_STEP][PASSED] - if (i == 0): Verify response status code successfully

2022-07-18 18:04:50 - [TEST_STEP][PASSED] - token = "": null

2022-07-18 18:04:50 - [TEST_STEP][PASSED] - rslt = sendRequest(findTestObject("Postman/Admin/City/Get One")): Send request successfully

2022-07-18 18:04:51 - [MESSAGE][INFO] - HAR: C:\Users\user\git\sewakantor-testing-apiTest\Reports\20220718_180439\CityRun\20220718_180439\requests\main\3.har

2022-07-18 18:04:51 - [MESSAGE][PASSED] - Send request successfully

2022-07-18 18:04:51 - [TEST_STEP][PASSED] - verifyResponseStatusCode(rslt, 401): Verify response status code successfully

2022-07-18 18:04:51 - [MESSAGE][PASSED] - Verify response status code successfully

2022-07-18 18:04:51 - [TEST_STEP][PASSED] - if (i == 0): null

2022-07-18 18:04:51 - [TEST_STEP][PASSED] - else if (i == 1): Verify element property value successfully

2022-07-18 18:04:51 - [TEST_STEP][PASSED] - admin_CityID = 1: null

2022-07-18 18:04:51 - [TEST_STEP][PASSED] - callTestCase(findTestCase("Admin/Dummy Admin/LoginGetToken"), [:], STOP_ON_FAILURE): Call Test Case 'Test Cases/Admin/Dummy Admin/LoginGetToken' successfully

2022-07-18 18:04:51 - [TEST_CASE][PASSED] - Test Cases/Admin/Dummy Admin/LoginGetToken: Test Cases/Admin/Dummy Admin/LoginGetToken

2022-07-18 18:04:51 - [TEST_STEP][PASSED] - admin_uname = "superadmin": null

2022-07-18 18:04:51 - [TEST_STEP][PASSED] - admin_password = "12345": null

2022-07-18 18:04:51 - [TEST_STEP][PASSED] - rslt = sendRequest(findTestObject("Postman/Admin/Auth/Login")): Send request successfully

2022-07-18 18:04:53 - [MESSAGE][INFO] - HAR: C:\Users\user\git\sewakantor-testing-apiTest\Reports\20220718_180439\CityRun\20220718_180439\requests\main\4.har

2022-07-18 18:04:53 - [MESSAGE][PASSED] - Send request successfully

2022-07-18 18:04:53 - [TEST_STEP][PASSED] - slurper = new groovy.json.JsonSlurper(): null

2022-07-18 18:04:53 - [TEST_STEP][PASSED] - result = slurper.parseText(rslt.getResponseBodyContent()): null

2022-07-18 18:04:53 - [TEST_STEP][PASSED] - value = token: null

2022-07-18 18:04:53 - [TEST_STEP][PASSED] - token = value: null

2022-07-18 18:04:53 - [TEST_STEP][PASSED] - println(token): null

2022-07-18 18:04:53 - [MESSAGE][PASSED] - Call Test Case 'Test Cases/Admin/Dummy Admin/LoginGetToken' successfully

2022-07-18 18:04:53 - [TEST_STEP][PASSED] - rslt = sendRequest(findTestObject("Postman/Admin/City/Get One")): Send request successfully

2022-07-18 18:04:54 - [MESSAGE][INFO] - HAR: C:\Users\user\git\sewakantor-testing-apiTest\Reports\20220718_180439\CityRun\20220718_180439\requests\main\5.har

2022-07-18 18:04:54 - [MESSAGE][PASSED] - Send request successfully

2022-07-18 18:04:54 - [TEST_STEP][PASSED] - verifyResponseStatusCode(rslt, 200): Verify response status code successfully

2022-07-18 18:04:54 - [MESSAGE][PASSED] - Verify response status code successfully

2022-07-18 18:04:54 - [TEST_STEP][PASSED] - verifyElementPropertyValue(rslt, "message", "list city"): Verify element property value successfully

2022-07-18 18:04:54 - [MESSAGE][PASSED] - Verify element property value successfully

2022-07-18 18:04:54 - [TEST_STEP][PASSED] - if (i == 0): null

2022-07-18 18:04:54 - [TEST_STEP][PASSED] - else if (i == 1): null

2022-07-18 18:04:54 - [TEST_STEP][PASSED] - else if (i == 2): Verify element property value successfully

2022-07-18 18:04:54 - [TEST_STEP][PASSED] - admin_CityID = notFound: null

2022-07-18 18:04:54 - [TEST_STEP][PASSED] - rslt = sendRequest(findTestObject("Postman/Admin/City/Get One")): Send request successfully

2022-07-18 18:04:56 - [MESSAGE][INFO] - HAR: C:\Users\user\git\sewakantor-testing-apiTest\Reports\20220718_180439\CityRun\20220718_180439\requests\main\6.har

2022-07-18 18:04:56 - [MESSAGE][PASSED] - Send request successfully

2022-07-18 18:04:56 - [TEST_STEP][PASSED] - verifyResponseStatusCode(rslt, 404): Verify response status code successfully

2022-07-18 18:04:56 - [MESSAGE][PASSED] - Verify response status code successfully

2022-07-18 18:04:56 - [TEST_STEP][PASSED] - verifyElementPropertyValue(rslt, "message", "city not found"): Verify element property value successfully

2022-07-18 18:04:56 - [MESSAGE][PASSED] - Verify element property value successfully

2022-07-18 18:04:56 - [TEST_STEP][PASSED] - if (i == 0): null

2022-07-18 18:04:56 - [TEST_STEP][PASSED] - else if (i == 1): null

2022-07-18 18:04:56 - [TEST_STEP][PASSED] - else if (i == 2): null

2022-07-18 18:04:56 - [TEST_STEP][FAILED] - else: Expected element property value 'Malformed request' is not equal with actual property value 'Failed to convert value of type 'java.lang.String' to required type 'java.lang.Long'; nested exception is java.lang.NumberFormatException: For input string: "satu"'

2022-07-18 18:04:56 - [TEST_STEP][PASSED] - admin_CityID = string: null

2022-07-18 18:04:56 - [TEST_STEP][PASSED] - rslt = sendRequest(findTestObject("Postman/Admin/City/Get One")): Send request successfully

2022-07-18 18:04:57 - [MESSAGE][INFO] - HAR: C:\Users\user\git\sewakantor-testing-apiTest\Reports\20220718_180439\CityRun\20220718_180439\requests\main\7.har

2022-07-18 18:04:57 - [MESSAGE][PASSED] - Send request successfully

2022-07-18 18:04:57 - [TEST_STEP][PASSED] - verifyResponseStatusCode(rslt, 400): Verify response status code successfully

2022-07-18 18:04:57 - [MESSAGE][PASSED] - Verify response status code successfully

2022-07-18 18:04:57 - [TEST_STEP][FAILED] - verifyElementPropertyValue(rslt, "message", "Malformed request"): Expected element property value 'Malformed request' is not equal with actual property value 'Failed to convert value of type 'java.lang.String' to required type 'java.lang.Long'; nested exception is java.lang.NumberFormatException: For input string: "satu"'

2022-07-18 18:04:57 - [MESSAGE][FAILED] - Expected element property value 'Malformed request' is not equal with actual property value 'Failed to convert value of type 'java.lang.String' to required type 'java.lang.Long'; nested exception is java.lang.NumberFormatException: For input string: "satu"']]></system-out>
         <system-err><![CDATA[2022-07-18 18:04:50 - [TEST_CASE][FAILED] - Test Cases/Admin/TS2_City/TC_Get One City: Test Cases/Admin/TS2_City/TC_Get One City FAILED.
Reason:
com.kms.katalon.core.exception.StepFailedException: Expected element property value 'Malformed request' is not equal with actual property value 'Failed to convert value of type 'java.lang.String' to required type 'java.lang.Long'; nested exception is java.lang.NumberFormatException: For input string: "satu"'
	at com.kms.katalon.core.keyword.internal.KeywordMain.stepFailed(KeywordMain.groovy:39)
	at com.kms.katalon.core.webservice.keyword.builtin.VerifyElementPropertyValueKeyword$_verifyElementPropertyValue_closure1.doCall(VerifyElementPropertyValueKeyword.groovy:56)
	at com.kms.katalon.core.webservice.keyword.builtin.VerifyElementPropertyValueKeyword$_verifyElementPropertyValue_closure1.call(VerifyElementPropertyValueKeyword.groovy)
	at com.kms.katalon.core.keyword.internal.KeywordMain.runKeyword(KeywordMain.groovy:74)
	at com.kms.katalon.core.webservice.keyword.builtin.VerifyElementPropertyValueKeyword.verifyElementPropertyValue(VerifyElementPropertyValueKeyword.groovy:48)
	at com.kms.katalon.core.webservice.keyword.builtin.VerifyElementPropertyValueKeyword.execute(VerifyElementPropertyValueKeyword.groovy:43)
	at com.kms.katalon.core.keyword.internal.KeywordExecutor.executeKeywordForPlatform(KeywordExecutor.groovy:74)
	at com.kms.katalon.core.webservice.keyword.WSBuiltInKeywords.verifyElementPropertyValue(WSBuiltInKeywords.groovy:190)
	at com.kms.katalon.core.webservice.keyword.WSBuiltInKeywords$verifyElementPropertyValue$1.call(Unknown Source)
	at TC_Get One City.run(TC_Get One City:58)
	at com.kms.katalon.core.main.ScriptEngine.run(ScriptEngine.java:194)
	at com.kms.katalon.core.main.ScriptEngine.runScriptAsRawText(ScriptEngine.java:119)
	at com.kms.katalon.core.main.TestCaseExecutor.runScript(TestCaseExecutor.java:445)
	at com.kms.katalon.core.main.TestCaseExecutor.doExecute(TestCaseExecutor.java:436)
	at com.kms.katalon.core.main.TestCaseExecutor.processExecutionPhase(TestCaseExecutor.java:415)
	at com.kms.katalon.core.main.TestCaseExecutor.accessMainPhase(TestCaseExecutor.java:407)
	at com.kms.katalon.core.main.TestCaseExecutor.execute(TestCaseExecutor.java:284)
	at com.kms.katalon.core.common.CommonExecutor.accessTestCaseMainPhase(CommonExecutor.java:65)
	at com.kms.katalon.core.main.TestSuiteExecutor.accessTestSuiteMainPhase(TestSuiteExecutor.java:144)
	at com.kms.katalon.core.main.TestSuiteExecutor.execute(TestSuiteExecutor.java:106)
	at com.kms.katalon.core.main.TestCaseMain.startTestSuite(TestCaseMain.java:185)
	at com.kms.katalon.core.main.TestCaseMain$startTestSuite$0.call(Unknown Source)
	at TempTestSuite1658142279537.run(TempTestSuite1658142279537.groovy:36)]]></system-err>
      </testcase>
      <testcase name="Test Cases/Admin/TS2_City/TC_Create One" time="28.557" classname="Test Cases/Admin/TS2_City/TC_Create One" status="PASSED">
         <system-out><![CDATA[2022-07-18 18:04:57 - [TEST_CASE][PASSED] - Test Cases/Admin/TS2_City/TC_Create One: Test Cases/Admin/TS2_City/TC_Create One

2022-07-18 18:04:58 - [TEST_STEP][PASSED] - for ([i = 0, i < 8, (i++)]): Verify element property value successfully

2022-07-18 18:04:58 - [TEST_STEP][PASSED] - if (i == 0): Verify response status code successfully

2022-07-18 18:04:58 - [TEST_STEP][PASSED] - token = "": null

2022-07-18 18:04:58 - [TEST_STEP][PASSED] - rslt = sendRequest(findTestObject("Postman/Admin/City/Create One")): Send request successfully

2022-07-18 18:04:59 - [MESSAGE][INFO] - HAR: C:\Users\user\git\sewakantor-testing-apiTest\Reports\20220718_180439\CityRun\20220718_180439\requests\main\8.har

2022-07-18 18:04:59 - [MESSAGE][PASSED] - Send request successfully

2022-07-18 18:04:59 - [TEST_STEP][PASSED] - verifyResponseStatusCode(rslt, 401): Verify response status code successfully

2022-07-18 18:04:59 - [MESSAGE][PASSED] - Verify response status code successfully

2022-07-18 18:04:59 - [TEST_STEP][PASSED] - if (i == 0): null

2022-07-18 18:04:59 - [TEST_STEP][PASSED] - else if (i == 1): Verify response status code successfully

2022-07-18 18:04:59 - [TEST_STEP][PASSED] - callTestCase(findTestCase("Admin/Dummy Admin/LoginGetToken"), [:], STOP_ON_FAILURE): Call Test Case 'Test Cases/Admin/Dummy Admin/LoginGetToken' successfully

2022-07-18 18:04:59 - [TEST_CASE][PASSED] - Test Cases/Admin/Dummy Admin/LoginGetToken: Test Cases/Admin/Dummy Admin/LoginGetToken

2022-07-18 18:04:59 - [TEST_STEP][PASSED] - admin_uname = "superadmin": null

2022-07-18 18:04:59 - [TEST_STEP][PASSED] - admin_password = "12345": null

2022-07-18 18:04:59 - [TEST_STEP][PASSED] - rslt = sendRequest(findTestObject("Postman/Admin/Auth/Login")): Send request successfully

2022-07-18 18:05:01 - [MESSAGE][INFO] - HAR: C:\Users\user\git\sewakantor-testing-apiTest\Reports\20220718_180439\CityRun\20220718_180439\requests\main\9.har

2022-07-18 18:05:01 - [MESSAGE][PASSED] - Send request successfully

2022-07-18 18:05:01 - [TEST_STEP][PASSED] - slurper = new groovy.json.JsonSlurper(): null

2022-07-18 18:05:01 - [TEST_STEP][PASSED] - result = slurper.parseText(rslt.getResponseBodyContent()): null

2022-07-18 18:05:01 - [TEST_STEP][PASSED] - value = token: null

2022-07-18 18:05:01 - [TEST_STEP][PASSED] - token = value: null

2022-07-18 18:05:01 - [TEST_STEP][PASSED] - println(token): null

2022-07-18 18:05:01 - [MESSAGE][PASSED] - Call Test Case 'Test Cases/Admin/Dummy Admin/LoginGetToken' successfully

2022-07-18 18:05:01 - [TEST_STEP][PASSED] - admin_CityName = name255: null

2022-07-18 18:05:01 - [TEST_STEP][PASSED] - println(admin_CityName): null

2022-07-18 18:05:01 - [TEST_STEP][PASSED] - rslt = sendRequest(findTestObject("Postman/Admin/City/Create One")): Send request successfully

2022-07-18 18:05:05 - [MESSAGE][INFO] - HAR: C:\Users\user\git\sewakantor-testing-apiTest\Reports\20220718_180439\CityRun\20220718_180439\requests\main\10.har

2022-07-18 18:05:05 - [MESSAGE][PASSED] - Send request successfully

2022-07-18 18:05:05 - [TEST_STEP][PASSED] - verifyResponseStatusCode(rslt, 200): Verify response status code successfully

2022-07-18 18:05:05 - [MESSAGE][PASSED] - Verify response status code successfully

2022-07-18 18:05:05 - [TEST_STEP][PASSED] - verifyElementPropertyValue(rslt, "message", "city saved successfully"): Verify element property value successfully

2022-07-18 18:05:05 - [MESSAGE][PASSED] - Verify element property value successfully

2022-07-18 18:05:05 - [TEST_STEP][PASSED] - slurper = new groovy.json.JsonSlurper(): null

2022-07-18 18:05:05 - [TEST_STEP][PASSED] - result = slurper.parseText(rslt.getResponseBodyContent()): null

2022-07-18 18:05:05 - [TEST_STEP][PASSED] - value = id: null

2022-07-18 18:05:05 - [TEST_STEP][PASSED] - admin_CreateID = value: null

2022-07-18 18:05:05 - [TEST_STEP][PASSED] - rslt = sendRequest(findTestObject("Postman/Admin/City/Delete")): Send request successfully

2022-07-18 18:05:08 - [MESSAGE][INFO] - HAR: C:\Users\user\git\sewakantor-testing-apiTest\Reports\20220718_180439\CityRun\20220718_180439\requests\main\11.har

2022-07-18 18:05:08 - [MESSAGE][PASSED] - Send request successfully

2022-07-18 18:05:08 - [TEST_STEP][PASSED] - verifyResponseStatusCode(rslt, 200): Verify response status code successfully

2022-07-18 18:05:08 - [MESSAGE][PASSED] - Verify response status code successfully

2022-07-18 18:05:08 - [TEST_STEP][PASSED] - if (i == 0): null

2022-07-18 18:05:08 - [TEST_STEP][PASSED] - else if (i == 1): null

2022-07-18 18:05:08 - [TEST_STEP][PASSED] - else if (i == 2): Verify element property value successfully

2022-07-18 18:05:08 - [TEST_STEP][PASSED] - admin_CityName = name256: null

2022-07-18 18:05:08 - [TEST_STEP][PASSED] - rslt = sendRequest(findTestObject("Postman/Admin/City/Create One")): Send request successfully

2022-07-18 18:05:12 - [MESSAGE][INFO] - HAR: C:\Users\user\git\sewakantor-testing-apiTest\Reports\20220718_180439\CityRun\20220718_180439\requests\main\12.har

2022-07-18 18:05:12 - [MESSAGE][PASSED] - Send request successfully

2022-07-18 18:05:12 - [TEST_STEP][PASSED] - verifyResponseStatusCode(rslt, 500): Verify response status code successfully

2022-07-18 18:05:12 - [MESSAGE][PASSED] - Verify response status code successfully

2022-07-18 18:05:12 - [TEST_STEP][PASSED] - verifyElementPropertyValue(rslt, "error", "Internal Server Error"): Verify element property value successfully

2022-07-18 18:05:12 - [MESSAGE][PASSED] - Verify element property value successfully

2022-07-18 18:05:12 - [TEST_STEP][PASSED] - if (i == 0): null

2022-07-18 18:05:12 - [TEST_STEP][PASSED] - else if (i == 1): null

2022-07-18 18:05:12 - [TEST_STEP][PASSED] - else if (i == 2): null

2022-07-18 18:05:12 - [TEST_STEP][PASSED] - else if (i == 3): Verify element property value successfully

2022-07-18 18:05:12 - [TEST_STEP][PASSED] - admin_CityName = "": null

2022-07-18 18:05:12 - [TEST_STEP][PASSED] - rslt = sendRequest(findTestObject("Postman/Admin/City/Create One")): Send request successfully

2022-07-18 18:05:13 - [MESSAGE][INFO] - HAR: C:\Users\user\git\sewakantor-testing-apiTest\Reports\20220718_180439\CityRun\20220718_180439\requests\main\13.har

2022-07-18 18:05:13 - [MESSAGE][PASSED] - Send request successfully

2022-07-18 18:05:13 - [TEST_STEP][PASSED] - verifyResponseStatusCode(rslt, 400): Verify response status code successfully

2022-07-18 18:05:13 - [MESSAGE][PASSED] - Verify response status code successfully

2022-07-18 18:05:13 - [TEST_STEP][PASSED] - verifyElementPropertyValue(rslt, "errors[0].error", "name must not be empty"): Verify element property value successfully

2022-07-18 18:05:13 - [MESSAGE][PASSED] - Verify element property value successfully

2022-07-18 18:05:13 - [TEST_STEP][PASSED] - if (i == 0): null

2022-07-18 18:05:13 - [TEST_STEP][PASSED] - else if (i == 1): null

2022-07-18 18:05:13 - [TEST_STEP][PASSED] - else if (i == 2): null

2022-07-18 18:05:13 - [TEST_STEP][PASSED] - else if (i == 3): null

2022-07-18 18:05:13 - [TEST_STEP][PASSED] - else if (i == 4): Verify element property value successfully

2022-07-18 18:05:13 - [TEST_STEP][PASSED] - admin_CityName = "Jakarta": null

2022-07-18 18:05:13 - [TEST_STEP][PASSED] - rslt = sendRequest(findTestObject("Postman/Admin/City/Create One")): Send request successfully

2022-07-18 18:05:15 - [MESSAGE][INFO] - HAR: C:\Users\user\git\sewakantor-testing-apiTest\Reports\20220718_180439\CityRun\20220718_180439\requests\main\14.har

2022-07-18 18:05:15 - [MESSAGE][PASSED] - Send request successfully

2022-07-18 18:05:15 - [TEST_STEP][PASSED] - verifyResponseStatusCode(rslt, 500): Verify response status code successfully

2022-07-18 18:05:15 - [MESSAGE][PASSED] - Verify response status code successfully

2022-07-18 18:05:15 - [TEST_STEP][PASSED] - verifyElementPropertyValue(rslt, "error", "Internal Server Error"): Verify element property value successfully

2022-07-18 18:05:16 - [MESSAGE][PASSED] - Verify element property value successfully

2022-07-18 18:05:16 - [TEST_STEP][PASSED] - if (i == 0): null

2022-07-18 18:05:16 - [TEST_STEP][PASSED] - else if (i == 1): null

2022-07-18 18:05:16 - [TEST_STEP][PASSED] - else if (i == 2): null

2022-07-18 18:05:16 - [TEST_STEP][PASSED] - else if (i == 3): null

2022-07-18 18:05:16 - [TEST_STEP][PASSED] - else if (i == 4): null

2022-07-18 18:05:16 - [TEST_STEP][PASSED] - else if (i == 5): Send request successfully

2022-07-18 18:05:16 - [TEST_STEP][PASSED] - admin_CityName = "JAKARTA": null

2022-07-18 18:05:16 - [TEST_STEP][PASSED] - rslt = sendRequest(findTestObject("Postman/Admin/City/Create One")): Send request successfully

2022-07-18 18:05:18 - [MESSAGE][INFO] - HAR: C:\Users\user\git\sewakantor-testing-apiTest\Reports\20220718_180439\CityRun\20220718_180439\requests\main\15.har

2022-07-18 18:05:18 - [MESSAGE][PASSED] - Send request successfully

2022-07-18 18:05:18 - [TEST_STEP][PASSED] - verifyResponseStatusCode(rslt, 200): Verify response status code successfully

2022-07-18 18:05:18 - [MESSAGE][PASSED] - Verify response status code successfully

2022-07-18 18:05:18 - [TEST_STEP][PASSED] - verifyElementPropertyValue(rslt, "message", "city saved successfully"): Verify element property value successfully

2022-07-18 18:05:18 - [MESSAGE][PASSED] - Verify element property value successfully

2022-07-18 18:05:18 - [TEST_STEP][PASSED] - slurper = new groovy.json.JsonSlurper(): null

2022-07-18 18:05:18 - [TEST_STEP][PASSED] - result = slurper.parseText(rslt.getResponseBodyContent()): null

2022-07-18 18:05:18 - [TEST_STEP][PASSED] - value = id: null

2022-07-18 18:05:18 - [TEST_STEP][PASSED] - admin_CreateID = value: null

2022-07-18 18:05:18 - [TEST_STEP][PASSED] - rslt = sendRequest(findTestObject("Postman/Admin/City/Delete")): Send request successfully

2022-07-18 18:05:19 - [MESSAGE][INFO] - HAR: C:\Users\user\git\sewakantor-testing-apiTest\Reports\20220718_180439\CityRun\20220718_180439\requests\main\16.har

2022-07-18 18:05:19 - [MESSAGE][PASSED] - Send request successfully

2022-07-18 18:05:19 - [TEST_STEP][PASSED] - if (i == 0): null

2022-07-18 18:05:19 - [TEST_STEP][PASSED] - else if (i == 1): null

2022-07-18 18:05:19 - [TEST_STEP][PASSED] - else if (i == 2): null

2022-07-18 18:05:19 - [TEST_STEP][PASSED] - else if (i == 3): null

2022-07-18 18:05:19 - [TEST_STEP][PASSED] - else if (i == 4): null

2022-07-18 18:05:19 - [TEST_STEP][PASSED] - else if (i == 5): null

2022-07-18 18:05:19 - [TEST_STEP][PASSED] - else if (i == 6): Send request successfully

2022-07-18 18:05:19 - [TEST_STEP][PASSED] - admin_CityName = "123": null

2022-07-18 18:05:19 - [TEST_STEP][PASSED] - rslt = sendRequest(findTestObject("Postman/Admin/City/Create One")): Send request successfully

2022-07-18 18:05:21 - [MESSAGE][INFO] - HAR: C:\Users\user\git\sewakantor-testing-apiTest\Reports\20220718_180439\CityRun\20220718_180439\requests\main\17.har

2022-07-18 18:05:21 - [MESSAGE][PASSED] - Send request successfully

2022-07-18 18:05:21 - [TEST_STEP][PASSED] - verifyResponseStatusCode(rslt, 200): Verify response status code successfully

2022-07-18 18:05:21 - [MESSAGE][PASSED] - Verify response status code successfully

2022-07-18 18:05:21 - [TEST_STEP][PASSED] - verifyElementPropertyValue(rslt, "message", "city saved successfully"): Verify element property value successfully

2022-07-18 18:05:21 - [MESSAGE][PASSED] - Verify element property value successfully

2022-07-18 18:05:21 - [TEST_STEP][PASSED] - slurper = new groovy.json.JsonSlurper(): null

2022-07-18 18:05:21 - [TEST_STEP][PASSED] - result = slurper.parseText(rslt.getResponseBodyContent()): null

2022-07-18 18:05:21 - [TEST_STEP][PASSED] - value = id: null

2022-07-18 18:05:21 - [TEST_STEP][PASSED] - admin_CreateID = value: null

2022-07-18 18:05:21 - [TEST_STEP][PASSED] - rslt = sendRequest(findTestObject("Postman/Admin/City/Delete")): Send request successfully

2022-07-18 18:05:23 - [MESSAGE][INFO] - HAR: C:\Users\user\git\sewakantor-testing-apiTest\Reports\20220718_180439\CityRun\20220718_180439\requests\main\18.har

2022-07-18 18:05:23 - [MESSAGE][PASSED] - Send request successfully

2022-07-18 18:05:23 - [TEST_STEP][PASSED] - if (i == 0): null

2022-07-18 18:05:23 - [TEST_STEP][PASSED] - else if (i == 1): null

2022-07-18 18:05:23 - [TEST_STEP][PASSED] - else if (i == 2): null

2022-07-18 18:05:23 - [TEST_STEP][PASSED] - else if (i == 3): null

2022-07-18 18:05:23 - [TEST_STEP][PASSED] - else if (i == 4): null

2022-07-18 18:05:23 - [TEST_STEP][PASSED] - else if (i == 5): null

2022-07-18 18:05:23 - [TEST_STEP][PASSED] - else if (i == 6): null

2022-07-18 18:05:23 - [TEST_STEP][PASSED] - else if (i == 7): Verify element property value successfully

2022-07-18 18:05:23 - [TEST_STEP][PASSED] - admin_CityName = "Bawli": null

2022-07-18 18:05:23 - [TEST_STEP][PASSED] - callTestCase(findTestCase("Admin/Dummy Admin/LoginGetToken"), [:], STOP_ON_FAILURE): Call Test Case 'Test Cases/Admin/Dummy Admin/LoginGetToken' successfully

2022-07-18 18:05:23 - [TEST_CASE][PASSED] - Test Cases/Admin/Dummy Admin/LoginGetToken: Test Cases/Admin/Dummy Admin/LoginGetToken

2022-07-18 18:05:23 - [TEST_STEP][PASSED] - admin_uname = "superadmin": null

2022-07-18 18:05:23 - [TEST_STEP][PASSED] - admin_password = "12345": null

2022-07-18 18:05:23 - [TEST_STEP][PASSED] - rslt = sendRequest(findTestObject("Postman/Admin/Auth/Login")): Send request successfully

2022-07-18 18:05:24 - [MESSAGE][INFO] - HAR: C:\Users\user\git\sewakantor-testing-apiTest\Reports\20220718_180439\CityRun\20220718_180439\requests\main\19.har

2022-07-18 18:05:24 - [MESSAGE][PASSED] - Send request successfully

2022-07-18 18:05:24 - [TEST_STEP][PASSED] - slurper = new groovy.json.JsonSlurper(): null

2022-07-18 18:05:24 - [TEST_STEP][PASSED] - result = slurper.parseText(rslt.getResponseBodyContent()): null

2022-07-18 18:05:24 - [TEST_STEP][PASSED] - value = token: null

2022-07-18 18:05:24 - [TEST_STEP][PASSED] - token = value: null

2022-07-18 18:05:24 - [TEST_STEP][PASSED] - println(token): null

2022-07-18 18:05:24 - [MESSAGE][PASSED] - Call Test Case 'Test Cases/Admin/Dummy Admin/LoginGetToken' successfully

2022-07-18 18:05:24 - [TEST_STEP][PASSED] - rslt = sendRequest(findTestObject("Postman/Admin/City/Create One")): Send request successfully

2022-07-18 18:05:26 - [MESSAGE][INFO] - HAR: C:\Users\user\git\sewakantor-testing-apiTest\Reports\20220718_180439\CityRun\20220718_180439\requests\main\20.har

2022-07-18 18:05:26 - [MESSAGE][PASSED] - Send request successfully

2022-07-18 18:05:26 - [TEST_STEP][PASSED] - verifyResponseStatusCode(rslt, 200): Verify response status code successfully

2022-07-18 18:05:26 - [MESSAGE][PASSED] - Verify response status code successfully

2022-07-18 18:05:26 - [TEST_STEP][PASSED] - verifyElementPropertyValue(rslt, "message", "city saved successfully"): Verify element property value successfully

2022-07-18 18:05:26 - [MESSAGE][PASSED] - Verify element property value successfully

2022-07-18 18:05:26 - [TEST_STEP][PASSED] - slurper = new groovy.json.JsonSlurper(): null

2022-07-18 18:05:26 - [TEST_STEP][PASSED] - result = slurper.parseText(rslt.getResponseBodyContent()): null

2022-07-18 18:05:26 - [TEST_STEP][PASSED] - value = id: null

2022-07-18 18:05:26 - [TEST_STEP][PASSED] - admin_CreateID = value: null

2022-07-18 18:05:26 - [TEST_STEP][PASSED] - println(admin_CreateID): null]]></system-out>
         <system-err><![CDATA[]]></system-err>
      </testcase>
      <testcase name="Test Cases/Admin/TS2_City/TC_Update City" time="18.089" classname="Test Cases/Admin/TS2_City/TC_Update City" status="FAILED">
         <failure type="FAILED" message="Test Cases/Admin/TS2_City/TC_Update City FAILED.
Reason:
com.kms.katalon.core.exception.StepFailedException: Expected element property value 'Malformed request' is not equal with actual property value 'name must not be empty'
	at com.kms.katalon.core.keyword.internal.KeywordMain.stepFailed(KeywordMain.groovy:39)
	at com.kms.katalon.core.webservice.keyword.builtin.VerifyElementPropertyValueKeyword$_verifyElementPropertyValue_closure1.doCall(VerifyElementPropertyValueKeyword.groovy:56)
	at com.kms.katalon.core.webservice.keyword.builtin.VerifyElementPropertyValueKeyword$_verifyElementPropertyValue_closure1.call(VerifyElementPropertyValueKeyword.groovy)
	at com.kms.katalon.core.keyword.internal.KeywordMain.runKeyword(KeywordMain.groovy:74)
	at com.kms.katalon.core.webservice.keyword.builtin.VerifyElementPropertyValueKeyword.verifyElementPropertyValue(VerifyElementPropertyValueKeyword.groovy:48)
	at com.kms.katalon.core.webservice.keyword.builtin.VerifyElementPropertyValueKeyword.execute(VerifyElementPropertyValueKeyword.groovy:43)
	at com.kms.katalon.core.keyword.internal.KeywordExecutor.executeKeywordForPlatform(KeywordExecutor.groovy:74)
	at com.kms.katalon.core.webservice.keyword.WSBuiltInKeywords.verifyElementPropertyValue(WSBuiltInKeywords.groovy:190)
	at com.kms.katalon.core.webservice.keyword.WSBuiltInKeywords$verifyElementPropertyValue$1.call(Unknown Source)
	at TC_Update City.run(TC_Update City:64)
	at com.kms.katalon.core.main.ScriptEngine.run(ScriptEngine.java:194)
	at com.kms.katalon.core.main.ScriptEngine.runScriptAsRawText(ScriptEngine.java:119)
	at com.kms.katalon.core.main.TestCaseExecutor.runScript(TestCaseExecutor.java:445)
	at com.kms.katalon.core.main.TestCaseExecutor.doExecute(TestCaseExecutor.java:436)
	at com.kms.katalon.core.main.TestCaseExecutor.processExecutionPhase(TestCaseExecutor.java:415)
	at com.kms.katalon.core.main.TestCaseExecutor.accessMainPhase(TestCaseExecutor.java:407)
	at com.kms.katalon.core.main.TestCaseExecutor.execute(TestCaseExecutor.java:284)
	at com.kms.katalon.core.common.CommonExecutor.accessTestCaseMainPhase(CommonExecutor.java:65)
	at com.kms.katalon.core.main.TestSuiteExecutor.accessTestSuiteMainPhase(TestSuiteExecutor.java:144)
	at com.kms.katalon.core.main.TestSuiteExecutor.execute(TestSuiteExecutor.java:106)
	at com.kms.katalon.core.main.TestCaseMain.startTestSuite(TestCaseMain.java:185)
	at com.kms.katalon.core.main.TestCaseMain$startTestSuite$0.call(Unknown Source)
	at TempTestSuite1658142279537.run(TempTestSuite1658142279537.groovy:36)
"/>
         <system-out><![CDATA[2022-07-18 18:05:26 - [TEST_CASE][FAILED] - Test Cases/Admin/TS2_City/TC_Update City: Test Cases/Admin/TS2_City/TC_Update City FAILED.
Reason:
com.kms.katalon.core.exception.StepFailedException: Expected element property value 'Malformed request' is not equal with actual property value 'name must not be empty'
	at com.kms.katalon.core.keyword.internal.KeywordMain.stepFailed(KeywordMain.groovy:39)
	at com.kms.katalon.core.webservice.keyword.builtin.VerifyElementPropertyValueKeyword$_verifyElementPropertyValue_closure1.doCall(VerifyElementPropertyValueKeyword.groovy:56)
	at com.kms.katalon.core.webservice.keyword.builtin.VerifyElementPropertyValueKeyword$_verifyElementPropertyValue_closure1.call(VerifyElementPropertyValueKeyword.groovy)
	at com.kms.katalon.core.keyword.internal.KeywordMain.runKeyword(KeywordMain.groovy:74)
	at com.kms.katalon.core.webservice.keyword.builtin.VerifyElementPropertyValueKeyword.verifyElementPropertyValue(VerifyElementPropertyValueKeyword.groovy:48)
	at com.kms.katalon.core.webservice.keyword.builtin.VerifyElementPropertyValueKeyword.execute(VerifyElementPropertyValueKeyword.groovy:43)
	at com.kms.katalon.core.keyword.internal.KeywordExecutor.executeKeywordForPlatform(KeywordExecutor.groovy:74)
	at com.kms.katalon.core.webservice.keyword.WSBuiltInKeywords.verifyElementPropertyValue(WSBuiltInKeywords.groovy:190)
	at com.kms.katalon.core.webservice.keyword.WSBuiltInKeywords$verifyElementPropertyValue$1.call(Unknown Source)
	at TC_Update City.run(TC_Update City:64)
	at com.kms.katalon.core.main.ScriptEngine.run(ScriptEngine.java:194)
	at com.kms.katalon.core.main.ScriptEngine.runScriptAsRawText(ScriptEngine.java:119)
	at com.kms.katalon.core.main.TestCaseExecutor.runScript(TestCaseExecutor.java:445)
	at com.kms.katalon.core.main.TestCaseExecutor.doExecute(TestCaseExecutor.java:436)
	at com.kms.katalon.core.main.TestCaseExecutor.processExecutionPhase(TestCaseExecutor.java:415)
	at com.kms.katalon.core.main.TestCaseExecutor.accessMainPhase(TestCaseExecutor.java:407)
	at com.kms.katalon.core.main.TestCaseExecutor.execute(TestCaseExecutor.java:284)
	at com.kms.katalon.core.common.CommonExecutor.accessTestCaseMainPhase(CommonExecutor.java:65)
	at com.kms.katalon.core.main.TestSuiteExecutor.accessTestSuiteMainPhase(TestSuiteExecutor.java:144)
	at com.kms.katalon.core.main.TestSuiteExecutor.execute(TestSuiteExecutor.java:106)
	at com.kms.katalon.core.main.TestCaseMain.startTestSuite(TestCaseMain.java:185)
	at com.kms.katalon.core.main.TestCaseMain$startTestSuite$0.call(Unknown Source)
	at TempTestSuite1658142279537.run(TempTestSuite1658142279537.groovy:36)


2022-07-18 18:05:26 - [TEST_STEP][PASSED] - dump = admin_CreateID: null

2022-07-18 18:05:26 - [TEST_STEP][FAILED] - for ([i = 0, i < 9, (i++)]): null

2022-07-18 18:05:26 - [TEST_STEP][PASSED] - if (i == 0): Verify response status code successfully

2022-07-18 18:05:26 - [TEST_STEP][PASSED] - token = "": null

2022-07-18 18:05:26 - [TEST_STEP][PASSED] - rslt = sendRequest(findTestObject("Postman/Admin/City/Update")): Send request successfully

2022-07-18 18:05:28 - [MESSAGE][INFO] - HAR: C:\Users\user\git\sewakantor-testing-apiTest\Reports\20220718_180439\CityRun\20220718_180439\requests\main\21.har

2022-07-18 18:05:28 - [MESSAGE][PASSED] - Send request successfully

2022-07-18 18:05:28 - [TEST_STEP][PASSED] - verifyResponseStatusCode(rslt, 401): Verify response status code successfully

2022-07-18 18:05:28 - [MESSAGE][PASSED] - Verify response status code successfully

2022-07-18 18:05:28 - [TEST_STEP][PASSED] - if (i == 0): null

2022-07-18 18:05:28 - [TEST_STEP][PASSED] - else if (i == 1): Verify element property value successfully

2022-07-18 18:05:28 - [TEST_STEP][PASSED] - callTestCase(findTestCase("Admin/Dummy Admin/LoginGetToken"), [:], STOP_ON_FAILURE): Call Test Case 'Test Cases/Admin/Dummy Admin/LoginGetToken' successfully

2022-07-18 18:05:28 - [TEST_CASE][PASSED] - Test Cases/Admin/Dummy Admin/LoginGetToken: Test Cases/Admin/Dummy Admin/LoginGetToken

2022-07-18 18:05:28 - [TEST_STEP][PASSED] - admin_uname = "superadmin": null

2022-07-18 18:05:28 - [TEST_STEP][PASSED] - admin_password = "12345": null

2022-07-18 18:05:28 - [TEST_STEP][PASSED] - rslt = sendRequest(findTestObject("Postman/Admin/Auth/Login")): Send request successfully

2022-07-18 18:05:30 - [MESSAGE][INFO] - HAR: C:\Users\user\git\sewakantor-testing-apiTest\Reports\20220718_180439\CityRun\20220718_180439\requests\main\22.har

2022-07-18 18:05:30 - [MESSAGE][PASSED] - Send request successfully

2022-07-18 18:05:30 - [TEST_STEP][PASSED] - slurper = new groovy.json.JsonSlurper(): null

2022-07-18 18:05:30 - [TEST_STEP][PASSED] - result = slurper.parseText(rslt.getResponseBodyContent()): null

2022-07-18 18:05:30 - [TEST_STEP][PASSED] - value = token: null

2022-07-18 18:05:30 - [TEST_STEP][PASSED] - token = value: null

2022-07-18 18:05:30 - [TEST_STEP][PASSED] - println(token): null

2022-07-18 18:05:30 - [MESSAGE][PASSED] - Call Test Case 'Test Cases/Admin/Dummy Admin/LoginGetToken' successfully

2022-07-18 18:05:30 - [TEST_STEP][PASSED] - admin_CityName = fill255: null

2022-07-18 18:05:30 - [TEST_STEP][PASSED] - println(admin_CityName): null

2022-07-18 18:05:30 - [TEST_STEP][PASSED] - rslt = sendRequest(findTestObject("Postman/Admin/City/Update")): Send request successfully

2022-07-18 18:05:31 - [MESSAGE][INFO] - HAR: C:\Users\user\git\sewakantor-testing-apiTest\Reports\20220718_180439\CityRun\20220718_180439\requests\main\23.har

2022-07-18 18:05:31 - [MESSAGE][PASSED] - Send request successfully

2022-07-18 18:05:31 - [TEST_STEP][PASSED] - verifyResponseStatusCode(rslt, 200): Verify response status code successfully

2022-07-18 18:05:31 - [MESSAGE][PASSED] - Verify response status code successfully

2022-07-18 18:05:31 - [TEST_STEP][PASSED] - verifyElementPropertyValue(rslt, "message", "city updated successfully"): Verify element property value successfully

2022-07-18 18:05:31 - [MESSAGE][PASSED] - Verify element property value successfully

2022-07-18 18:05:31 - [TEST_STEP][PASSED] - if (i == 0): null

2022-07-18 18:05:31 - [TEST_STEP][PASSED] - else if (i == 1): null

2022-07-18 18:05:31 - [TEST_STEP][PASSED] - else if (i == 2): Verify element property value successfully

2022-07-18 18:05:31 - [TEST_STEP][PASSED] - admin_CityName = name256: null

2022-07-18 18:05:31 - [TEST_STEP][PASSED] - rslt = sendRequest(findTestObject("Postman/Admin/City/Update")): Send request successfully

2022-07-18 18:05:33 - [MESSAGE][INFO] - HAR: C:\Users\user\git\sewakantor-testing-apiTest\Reports\20220718_180439\CityRun\20220718_180439\requests\main\24.har

2022-07-18 18:05:33 - [MESSAGE][PASSED] - Send request successfully

2022-07-18 18:05:33 - [TEST_STEP][PASSED] - verifyResponseStatusCode(rslt, 500): Verify response status code successfully

2022-07-18 18:05:33 - [MESSAGE][PASSED] - Verify response status code successfully

2022-07-18 18:05:33 - [TEST_STEP][PASSED] - verifyElementPropertyValue(rslt, "error", "Internal Server Error"): Verify element property value successfully

2022-07-18 18:05:33 - [MESSAGE][PASSED] - Verify element property value successfully

2022-07-18 18:05:33 - [TEST_STEP][PASSED] - if (i == 0): null

2022-07-18 18:05:33 - [TEST_STEP][PASSED] - else if (i == 1): null

2022-07-18 18:05:33 - [TEST_STEP][PASSED] - else if (i == 2): null

2022-07-18 18:05:33 - [TEST_STEP][FAILED] - else if (i == 3): Expected element property value 'Malformed request' is not equal with actual property value 'name must not be empty'

2022-07-18 18:05:33 - [TEST_STEP][PASSED] - admin_CityName = "": null

2022-07-18 18:05:33 - [TEST_STEP][PASSED] - rslt = sendRequest(findTestObject("Postman/Admin/City/Update")): Send request successfully

2022-07-18 18:05:34 - [MESSAGE][INFO] - HAR: C:\Users\user\git\sewakantor-testing-apiTest\Reports\20220718_180439\CityRun\20220718_180439\requests\main\25.har

2022-07-18 18:05:34 - [MESSAGE][PASSED] - Send request successfully

2022-07-18 18:05:34 - [TEST_STEP][PASSED] - verifyResponseStatusCode(rslt, 400): Verify response status code successfully

2022-07-18 18:05:34 - [MESSAGE][PASSED] - Verify response status code successfully

2022-07-18 18:05:34 - [TEST_STEP][FAILED] - verifyElementPropertyValue(rslt, "message", "Malformed request"): Expected element property value 'Malformed request' is not equal with actual property value 'name must not be empty'

2022-07-18 18:05:34 - [MESSAGE][FAILED] - Expected element property value 'Malformed request' is not equal with actual property value 'name must not be empty'

2022-07-18 18:05:34 - [TEST_STEP][PASSED] - if (i == 0): null

2022-07-18 18:05:34 - [TEST_STEP][PASSED] - else if (i == 1): null

2022-07-18 18:05:34 - [TEST_STEP][PASSED] - else if (i == 2): null

2022-07-18 18:05:34 - [TEST_STEP][PASSED] - else if (i == 3): null

2022-07-18 18:05:34 - [TEST_STEP][PASSED] - else if (i == 4): Verify element property value successfully

2022-07-18 18:05:34 - [TEST_STEP][PASSED] - admin_CityName = "Jakarta": null

2022-07-18 18:05:34 - [TEST_STEP][PASSED] - rslt = sendRequest(findTestObject("Postman/Admin/City/Update")): Send request successfully

2022-07-18 18:05:36 - [MESSAGE][INFO] - HAR: C:\Users\user\git\sewakantor-testing-apiTest\Reports\20220718_180439\CityRun\20220718_180439\requests\main\26.har

2022-07-18 18:05:36 - [MESSAGE][PASSED] - Send request successfully

2022-07-18 18:05:36 - [TEST_STEP][PASSED] - verifyResponseStatusCode(rslt, 500): Verify response status code successfully

2022-07-18 18:05:36 - [MESSAGE][PASSED] - Verify response status code successfully

2022-07-18 18:05:36 - [TEST_STEP][PASSED] - verifyElementPropertyValue(rslt, "error", "Internal Server Error"): Verify element property value successfully

2022-07-18 18:05:36 - [MESSAGE][PASSED] - Verify element property value successfully

2022-07-18 18:05:36 - [TEST_STEP][PASSED] - if (i == 0): null

2022-07-18 18:05:36 - [TEST_STEP][PASSED] - else if (i == 1): null

2022-07-18 18:05:36 - [TEST_STEP][PASSED] - else if (i == 2): null

2022-07-18 18:05:36 - [TEST_STEP][PASSED] - else if (i == 3): null

2022-07-18 18:05:36 - [TEST_STEP][PASSED] - else if (i == 4): null

2022-07-18 18:05:36 - [TEST_STEP][PASSED] - else if (i == 5): Verify element property value successfully

2022-07-18 18:05:36 - [TEST_STEP][PASSED] - admin_CityName = "BAWLI": null

2022-07-18 18:05:36 - [TEST_STEP][PASSED] - rslt = sendRequest(findTestObject("Postman/Admin/City/Update")): Send request successfully

2022-07-18 18:05:38 - [MESSAGE][INFO] - HAR: C:\Users\user\git\sewakantor-testing-apiTest\Reports\20220718_180439\CityRun\20220718_180439\requests\main\27.har

2022-07-18 18:05:38 - [MESSAGE][PASSED] - Send request successfully

2022-07-18 18:05:38 - [TEST_STEP][PASSED] - verifyResponseStatusCode(rslt, 200): Verify response status code successfully

2022-07-18 18:05:38 - [MESSAGE][PASSED] - Verify response status code successfully

2022-07-18 18:05:38 - [TEST_STEP][PASSED] - verifyElementPropertyValue(rslt, "message", "city updated successfully"): Verify element property value successfully

2022-07-18 18:05:38 - [MESSAGE][PASSED] - Verify element property value successfully

2022-07-18 18:05:38 - [TEST_STEP][PASSED] - if (i == 0): null

2022-07-18 18:05:38 - [TEST_STEP][PASSED] - else if (i == 1): null

2022-07-18 18:05:38 - [TEST_STEP][PASSED] - else if (i == 2): null

2022-07-18 18:05:38 - [TEST_STEP][PASSED] - else if (i == 3): null

2022-07-18 18:05:38 - [TEST_STEP][PASSED] - else if (i == 4): null

2022-07-18 18:05:38 - [TEST_STEP][PASSED] - else if (i == 5): null

2022-07-18 18:05:38 - [TEST_STEP][PASSED] - else if (i == 6): Verify element property value successfully

2022-07-18 18:05:38 - [TEST_STEP][PASSED] - admin_CityName = "BAWLI1234": null

2022-07-18 18:05:38 - [TEST_STEP][PASSED] - rslt = sendRequest(findTestObject("Postman/Admin/City/Update")): Send request successfully

2022-07-18 18:05:39 - [MESSAGE][INFO] - HAR: C:\Users\user\git\sewakantor-testing-apiTest\Reports\20220718_180439\CityRun\20220718_180439\requests\main\28.har

2022-07-18 18:05:39 - [MESSAGE][PASSED] - Send request successfully

2022-07-18 18:05:39 - [TEST_STEP][PASSED] - verifyResponseStatusCode(rslt, 200): Verify response status code successfully

2022-07-18 18:05:39 - [MESSAGE][PASSED] - Verify response status code successfully

2022-07-18 18:05:39 - [TEST_STEP][PASSED] - verifyElementPropertyValue(rslt, "message", "city updated successfully"): Verify element property value successfully

2022-07-18 18:05:39 - [MESSAGE][PASSED] - Verify element property value successfully

2022-07-18 18:05:39 - [TEST_STEP][PASSED] - if (i == 0): null

2022-07-18 18:05:39 - [TEST_STEP][PASSED] - else if (i == 1): null

2022-07-18 18:05:39 - [TEST_STEP][PASSED] - else if (i == 2): null

2022-07-18 18:05:39 - [TEST_STEP][PASSED] - else if (i == 3): null

2022-07-18 18:05:39 - [TEST_STEP][PASSED] - else if (i == 4): null

2022-07-18 18:05:39 - [TEST_STEP][PASSED] - else if (i == 5): null

2022-07-18 18:05:39 - [TEST_STEP][PASSED] - else if (i == 6): null

2022-07-18 18:05:39 - [TEST_STEP][PASSED] - else if (i == 7): Verify element property value successfully

2022-07-18 18:05:39 - [TEST_STEP][PASSED] - admin_CityName = "Kab Bandung": null

2022-07-18 18:05:39 - [TEST_STEP][PASSED] - callTestCase(findTestCase("Admin/Dummy Admin/LoginGetToken"), [:], STOP_ON_FAILURE): Call Test Case 'Test Cases/Admin/Dummy Admin/LoginGetToken' successfully

2022-07-18 18:05:39 - [TEST_CASE][PASSED] - Test Cases/Admin/Dummy Admin/LoginGetToken: Test Cases/Admin/Dummy Admin/LoginGetToken

2022-07-18 18:05:39 - [TEST_STEP][PASSED] - admin_uname = "superadmin": null

2022-07-18 18:05:39 - [TEST_STEP][PASSED] - admin_password = "12345": null

2022-07-18 18:05:39 - [TEST_STEP][PASSED] - rslt = sendRequest(findTestObject("Postman/Admin/Auth/Login")): Send request successfully

2022-07-18 18:05:41 - [MESSAGE][INFO] - HAR: C:\Users\user\git\sewakantor-testing-apiTest\Reports\20220718_180439\CityRun\20220718_180439\requests\main\29.har

2022-07-18 18:05:41 - [MESSAGE][PASSED] - Send request successfully

2022-07-18 18:05:41 - [TEST_STEP][PASSED] - slurper = new groovy.json.JsonSlurper(): null

2022-07-18 18:05:41 - [TEST_STEP][PASSED] - result = slurper.parseText(rslt.getResponseBodyContent()): null

2022-07-18 18:05:41 - [TEST_STEP][PASSED] - value = token: null

2022-07-18 18:05:41 - [TEST_STEP][PASSED] - token = value: null

2022-07-18 18:05:41 - [TEST_STEP][PASSED] - println(token): null

2022-07-18 18:05:41 - [MESSAGE][PASSED] - Call Test Case 'Test Cases/Admin/Dummy Admin/LoginGetToken' successfully

2022-07-18 18:05:41 - [TEST_STEP][PASSED] - rslt = sendRequest(findTestObject("Postman/Admin/City/Update")): Send request successfully

2022-07-18 18:05:42 - [MESSAGE][INFO] - HAR: C:\Users\user\git\sewakantor-testing-apiTest\Reports\20220718_180439\CityRun\20220718_180439\requests\main\30.har

2022-07-18 18:05:42 - [MESSAGE][PASSED] - Send request successfully

2022-07-18 18:05:42 - [TEST_STEP][PASSED] - verifyResponseStatusCode(rslt, 200): Verify response status code successfully

2022-07-18 18:05:42 - [MESSAGE][PASSED] - Verify response status code successfully

2022-07-18 18:05:42 - [TEST_STEP][PASSED] - verifyElementPropertyValue(rslt, "message", "city updated successfully"): Verify element property value successfully

2022-07-18 18:05:42 - [MESSAGE][PASSED] - Verify element property value successfully

2022-07-18 18:05:42 - [TEST_STEP][PASSED] - if (i == 0): null

2022-07-18 18:05:42 - [TEST_STEP][PASSED] - else if (i == 1): null

2022-07-18 18:05:42 - [TEST_STEP][PASSED] - else if (i == 2): null

2022-07-18 18:05:42 - [TEST_STEP][PASSED] - else if (i == 3): null

2022-07-18 18:05:42 - [TEST_STEP][PASSED] - else if (i == 4): null

2022-07-18 18:05:42 - [TEST_STEP][PASSED] - else if (i == 5): null

2022-07-18 18:05:42 - [TEST_STEP][PASSED] - else if (i == 6): null

2022-07-18 18:05:42 - [TEST_STEP][PASSED] - else if (i == 7): null

2022-07-18 18:05:42 - [TEST_STEP][PASSED] - else if (i == 8): Verify element property value successfully

2022-07-18 18:05:42 - [TEST_STEP][PASSED] - admin_CreateID = 0: null

2022-07-18 18:05:42 - [TEST_STEP][PASSED] - rslt = sendRequest(findTestObject("Postman/Admin/City/Update")): Send request successfully

2022-07-18 18:05:44 - [MESSAGE][INFO] - HAR: C:\Users\user\git\sewakantor-testing-apiTest\Reports\20220718_180439\CityRun\20220718_180439\requests\main\31.har

2022-07-18 18:05:44 - [MESSAGE][PASSED] - Send request successfully

2022-07-18 18:05:44 - [TEST_STEP][PASSED] - verifyResponseStatusCode(rslt, 404): Verify response status code successfully

2022-07-18 18:05:44 - [MESSAGE][PASSED] - Verify response status code successfully

2022-07-18 18:05:44 - [TEST_STEP][PASSED] - verifyElementPropertyValue(rslt, "message", "city not found"): Verify element property value successfully

2022-07-18 18:05:44 - [MESSAGE][PASSED] - Verify element property value successfully

2022-07-18 18:05:44 - [TEST_STEP][PASSED] - admin_CreateID = dump: null

2022-07-18 18:05:44 - [TEST_STEP][PASSED] - println(admin_CreateID): null]]></system-out>
         <system-err><![CDATA[2022-07-18 18:05:26 - [TEST_CASE][FAILED] - Test Cases/Admin/TS2_City/TC_Update City: Test Cases/Admin/TS2_City/TC_Update City FAILED.
Reason:
com.kms.katalon.core.exception.StepFailedException: Expected element property value 'Malformed request' is not equal with actual property value 'name must not be empty'
	at com.kms.katalon.core.keyword.internal.KeywordMain.stepFailed(KeywordMain.groovy:39)
	at com.kms.katalon.core.webservice.keyword.builtin.VerifyElementPropertyValueKeyword$_verifyElementPropertyValue_closure1.doCall(VerifyElementPropertyValueKeyword.groovy:56)
	at com.kms.katalon.core.webservice.keyword.builtin.VerifyElementPropertyValueKeyword$_verifyElementPropertyValue_closure1.call(VerifyElementPropertyValueKeyword.groovy)
	at com.kms.katalon.core.keyword.internal.KeywordMain.runKeyword(KeywordMain.groovy:74)
	at com.kms.katalon.core.webservice.keyword.builtin.VerifyElementPropertyValueKeyword.verifyElementPropertyValue(VerifyElementPropertyValueKeyword.groovy:48)
	at com.kms.katalon.core.webservice.keyword.builtin.VerifyElementPropertyValueKeyword.execute(VerifyElementPropertyValueKeyword.groovy:43)
	at com.kms.katalon.core.keyword.internal.KeywordExecutor.executeKeywordForPlatform(KeywordExecutor.groovy:74)
	at com.kms.katalon.core.webservice.keyword.WSBuiltInKeywords.verifyElementPropertyValue(WSBuiltInKeywords.groovy:190)
	at com.kms.katalon.core.webservice.keyword.WSBuiltInKeywords$verifyElementPropertyValue$1.call(Unknown Source)
	at TC_Update City.run(TC_Update City:64)
	at com.kms.katalon.core.main.ScriptEngine.run(ScriptEngine.java:194)
	at com.kms.katalon.core.main.ScriptEngine.runScriptAsRawText(ScriptEngine.java:119)
	at com.kms.katalon.core.main.TestCaseExecutor.runScript(TestCaseExecutor.java:445)
	at com.kms.katalon.core.main.TestCaseExecutor.doExecute(TestCaseExecutor.java:436)
	at com.kms.katalon.core.main.TestCaseExecutor.processExecutionPhase(TestCaseExecutor.java:415)
	at com.kms.katalon.core.main.TestCaseExecutor.accessMainPhase(TestCaseExecutor.java:407)
	at com.kms.katalon.core.main.TestCaseExecutor.execute(TestCaseExecutor.java:284)
	at com.kms.katalon.core.common.CommonExecutor.accessTestCaseMainPhase(CommonExecutor.java:65)
	at com.kms.katalon.core.main.TestSuiteExecutor.accessTestSuiteMainPhase(TestSuiteExecutor.java:144)
	at com.kms.katalon.core.main.TestSuiteExecutor.execute(TestSuiteExecutor.java:106)
	at com.kms.katalon.core.main.TestCaseMain.startTestSuite(TestCaseMain.java:185)
	at com.kms.katalon.core.main.TestCaseMain$startTestSuite$0.call(Unknown Source)
	at TempTestSuite1658142279537.run(TempTestSuite1658142279537.groovy:36)]]></system-err>
      </testcase>
      <testcase name="Test Cases/Admin/TS2_City/TC_Delete" time="6.257" classname="Test Cases/Admin/TS2_City/TC_Delete" status="PASSED">
         <system-out><![CDATA[2022-07-18 18:05:44 - [TEST_CASE][PASSED] - Test Cases/Admin/TS2_City/TC_Delete: Test Cases/Admin/TS2_City/TC_Delete

2022-07-18 18:05:44 - [TEST_STEP][PASSED] - dump = admin_CreateID: null

2022-07-18 18:05:44 - [TEST_STEP][PASSED] - for ([i = 0, i < 3, (i++)]): Verify element property value successfully

2022-07-18 18:05:44 - [TEST_STEP][PASSED] - if (i == 0): Verify response status code successfully

2022-07-18 18:05:44 - [TEST_STEP][PASSED] - token = "": null

2022-07-18 18:05:44 - [TEST_STEP][PASSED] - rslt = sendRequest(findTestObject("Postman/Admin/City/Delete")): Send request successfully

2022-07-18 18:05:45 - [MESSAGE][INFO] - HAR: C:\Users\user\git\sewakantor-testing-apiTest\Reports\20220718_180439\CityRun\20220718_180439\requests\main\32.har

2022-07-18 18:05:45 - [MESSAGE][PASSED] - Send request successfully

2022-07-18 18:05:45 - [TEST_STEP][PASSED] - verifyResponseStatusCode(rslt, 401): Verify response status code successfully

2022-07-18 18:05:45 - [MESSAGE][PASSED] - Verify response status code successfully

2022-07-18 18:05:45 - [TEST_STEP][PASSED] - if (i == 1): null

2022-07-18 18:05:45 - [TEST_STEP][PASSED] - if (i == 2): null

2022-07-18 18:05:45 - [TEST_STEP][PASSED] - if (i == 0): null

2022-07-18 18:05:45 - [TEST_STEP][PASSED] - if (i == 1): Verify element property value successfully

2022-07-18 18:05:45 - [TEST_STEP][PASSED] - admin_CreateID = -1: null

2022-07-18 18:05:45 - [TEST_STEP][PASSED] - callTestCase(findTestCase("Admin/Dummy Admin/LoginGetToken"), [:], STOP_ON_FAILURE): Call Test Case 'Test Cases/Admin/Dummy Admin/LoginGetToken' successfully

2022-07-18 18:05:46 - [TEST_CASE][PASSED] - Test Cases/Admin/Dummy Admin/LoginGetToken: Test Cases/Admin/Dummy Admin/LoginGetToken

2022-07-18 18:05:46 - [TEST_STEP][PASSED] - admin_uname = "superadmin": null

2022-07-18 18:05:46 - [TEST_STEP][PASSED] - admin_password = "12345": null

2022-07-18 18:05:46 - [TEST_STEP][PASSED] - rslt = sendRequest(findTestObject("Postman/Admin/Auth/Login")): Send request successfully

2022-07-18 18:05:47 - [MESSAGE][INFO] - HAR: C:\Users\user\git\sewakantor-testing-apiTest\Reports\20220718_180439\CityRun\20220718_180439\requests\main\33.har

2022-07-18 18:05:47 - [MESSAGE][PASSED] - Send request successfully

2022-07-18 18:05:47 - [TEST_STEP][PASSED] - slurper = new groovy.json.JsonSlurper(): null

2022-07-18 18:05:47 - [TEST_STEP][PASSED] - result = slurper.parseText(rslt.getResponseBodyContent()): null

2022-07-18 18:05:47 - [TEST_STEP][PASSED] - value = token: null

2022-07-18 18:05:47 - [TEST_STEP][PASSED] - token = value: null

2022-07-18 18:05:47 - [TEST_STEP][PASSED] - println(token): null

2022-07-18 18:05:47 - [MESSAGE][PASSED] - Call Test Case 'Test Cases/Admin/Dummy Admin/LoginGetToken' successfully

2022-07-18 18:05:47 - [TEST_STEP][PASSED] - rslt = sendRequest(findTestObject("Postman/Admin/City/Delete")): Send request successfully

2022-07-18 18:05:49 - [MESSAGE][INFO] - HAR: C:\Users\user\git\sewakantor-testing-apiTest\Reports\20220718_180439\CityRun\20220718_180439\requests\main\34.har

2022-07-18 18:05:49 - [MESSAGE][PASSED] - Send request successfully

2022-07-18 18:05:49 - [TEST_STEP][PASSED] - verifyResponseStatusCode(rslt, 404): Verify response status code successfully

2022-07-18 18:05:49 - [MESSAGE][PASSED] - Verify response status code successfully

2022-07-18 18:05:49 - [TEST_STEP][PASSED] - verifyElementPropertyValue(rslt, "message", "city not found"): Verify element property value successfully

2022-07-18 18:05:49 - [MESSAGE][PASSED] - Verify element property value successfully

2022-07-18 18:05:49 - [TEST_STEP][PASSED] - if (i == 2): null

2022-07-18 18:05:49 - [TEST_STEP][PASSED] - if (i == 0): null

2022-07-18 18:05:49 - [TEST_STEP][PASSED] - if (i == 1): null

2022-07-18 18:05:49 - [TEST_STEP][PASSED] - if (i == 2): Verify element property value successfully

2022-07-18 18:05:49 - [TEST_STEP][PASSED] - admin_CreateID = dump: null

2022-07-18 18:05:49 - [TEST_STEP][PASSED] - rslt = sendRequest(findTestObject("Postman/Admin/City/Delete")): Send request successfully

2022-07-18 18:05:50 - [MESSAGE][INFO] - HAR: C:\Users\user\git\sewakantor-testing-apiTest\Reports\20220718_180439\CityRun\20220718_180439\requests\main\35.har

2022-07-18 18:05:50 - [MESSAGE][PASSED] - Send request successfully

2022-07-18 18:05:50 - [TEST_STEP][PASSED] - verifyResponseStatusCode(rslt, 200): Verify response status code successfully

2022-07-18 18:05:50 - [MESSAGE][PASSED] - Verify response status code successfully

2022-07-18 18:05:50 - [TEST_STEP][PASSED] - verifyElementPropertyValue(rslt, "message", "city deleted successfully"): Verify element property value successfully

2022-07-18 18:05:50 - [MESSAGE][PASSED] - Verify element property value successfully]]></system-out>
         <system-err><![CDATA[]]></system-err>
      </testcase>
      <system-out><![CDATA[2022-07-18 18:04:41 - [TEST_SUITE][FAILED] - CityRun: Test Cases/Admin/TS2_City/TC_Get One City FAILED.
Reason:
com.kms.katalon.core.exception.StepFailedException: Expected element property value 'Malformed request' is not equal with actual property value 'Failed to convert value of type 'java.lang.String' to required type 'java.lang.Long'; nested exception is java.lang.NumberFormatException: For input string: "satu"'
	at com.kms.katalon.core.keyword.internal.KeywordMain.stepFailed(KeywordMain.groovy:39)
	at com.kms.katalon.core.webservice.keyword.builtin.VerifyElementPropertyValueKeyword$_verifyElementPropertyValue_closure1.doCall(VerifyElementPropertyValueKeyword.groovy:56)
	at com.kms.katalon.core.webservice.keyword.builtin.VerifyElementPropertyValueKeyword$_verifyElementPropertyValue_closure1.call(VerifyElementPropertyValueKeyword.groovy)
	at com.kms.katalon.core.keyword.internal.KeywordMain.runKeyword(KeywordMain.groovy:74)
	at com.kms.katalon.core.webservice.keyword.builtin.VerifyElementPropertyValueKeyword.verifyElementPropertyValue(VerifyElementPropertyValueKeyword.groovy:48)
	at com.kms.katalon.core.webservice.keyword.builtin.VerifyElementPropertyValueKeyword.execute(VerifyElementPropertyValueKeyword.groovy:43)
	at com.kms.katalon.core.keyword.internal.KeywordExecutor.executeKeywordForPlatform(KeywordExecutor.groovy:74)
	at com.kms.katalon.core.webservice.keyword.WSBuiltInKeywords.verifyElementPropertyValue(WSBuiltInKeywords.groovy:190)
	at com.kms.katalon.core.webservice.keyword.WSBuiltInKeywords$verifyElementPropertyValue$1.call(Unknown Source)
	at TC_Get One City.run(TC_Get One City:58)
	at com.kms.katalon.core.main.ScriptEngine.run(ScriptEngine.java:194)
	at com.kms.katalon.core.main.ScriptEngine.runScriptAsRawText(ScriptEngine.java:119)
	at com.kms.katalon.core.main.TestCaseExecutor.runScript(TestCaseExecutor.java:445)
	at com.kms.katalon.core.main.TestCaseExecutor.doExecute(TestCaseExecutor.java:436)
	at com.kms.katalon.core.main.TestCaseExecutor.processExecutionPhase(TestCaseExecutor.java:415)
	at com.kms.katalon.core.main.TestCaseExecutor.accessMainPhase(TestCaseExecutor.java:407)
	at com.kms.katalon.core.main.TestCaseExecutor.execute(TestCaseExecutor.java:284)
	at com.kms.katalon.core.common.CommonExecutor.accessTestCaseMainPhase(CommonExecutor.java:65)
	at com.kms.katalon.core.main.TestSuiteExecutor.accessTestSuiteMainPhase(TestSuiteExecutor.java:144)
	at com.kms.katalon.core.main.TestSuiteExecutor.execute(TestSuiteExecutor.java:106)
	at com.kms.katalon.core.main.TestCaseMain.startTestSuite(TestCaseMain.java:185)
	at com.kms.katalon.core.main.TestCaseMain$startTestSuite$0.call(Unknown Source)
	at TempTestSuite1658142279537.run(TempTestSuite1658142279537.groovy:36)]]></system-out>
      <system-err><![CDATA[2022-07-18 18:04:41 - [TEST_SUITE][FAILED] - CityRun: Test Cases/Admin/TS2_City/TC_Get One City FAILED.
Reason:
com.kms.katalon.core.exception.StepFailedException: Expected element property value 'Malformed request' is not equal with actual property value 'Failed to convert value of type 'java.lang.String' to required type 'java.lang.Long'; nested exception is java.lang.NumberFormatException: For input string: "satu"'
	at com.kms.katalon.core.keyword.internal.KeywordMain.stepFailed(KeywordMain.groovy:39)
	at com.kms.katalon.core.webservice.keyword.builtin.VerifyElementPropertyValueKeyword$_verifyElementPropertyValue_closure1.doCall(VerifyElementPropertyValueKeyword.groovy:56)
	at com.kms.katalon.core.webservice.keyword.builtin.VerifyElementPropertyValueKeyword$_verifyElementPropertyValue_closure1.call(VerifyElementPropertyValueKeyword.groovy)
	at com.kms.katalon.core.keyword.internal.KeywordMain.runKeyword(KeywordMain.groovy:74)
	at com.kms.katalon.core.webservice.keyword.builtin.VerifyElementPropertyValueKeyword.verifyElementPropertyValue(VerifyElementPropertyValueKeyword.groovy:48)
	at com.kms.katalon.core.webservice.keyword.builtin.VerifyElementPropertyValueKeyword.execute(VerifyElementPropertyValueKeyword.groovy:43)
	at com.kms.katalon.core.keyword.internal.KeywordExecutor.executeKeywordForPlatform(KeywordExecutor.groovy:74)
	at com.kms.katalon.core.webservice.keyword.WSBuiltInKeywords.verifyElementPropertyValue(WSBuiltInKeywords.groovy:190)
	at com.kms.katalon.core.webservice.keyword.WSBuiltInKeywords$verifyElementPropertyValue$1.call(Unknown Source)
	at TC_Get One City.run(TC_Get One City:58)
	at com.kms.katalon.core.main.ScriptEngine.run(ScriptEngine.java:194)
	at com.kms.katalon.core.main.ScriptEngine.runScriptAsRawText(ScriptEngine.java:119)
	at com.kms.katalon.core.main.TestCaseExecutor.runScript(TestCaseExecutor.java:445)
	at com.kms.katalon.core.main.TestCaseExecutor.doExecute(TestCaseExecutor.java:436)
	at com.kms.katalon.core.main.TestCaseExecutor.processExecutionPhase(TestCaseExecutor.java:415)
	at com.kms.katalon.core.main.TestCaseExecutor.accessMainPhase(TestCaseExecutor.java:407)
	at com.kms.katalon.core.main.TestCaseExecutor.execute(TestCaseExecutor.java:284)
	at com.kms.katalon.core.common.CommonExecutor.accessTestCaseMainPhase(CommonExecutor.java:65)
	at com.kms.katalon.core.main.TestSuiteExecutor.accessTestSuiteMainPhase(TestSuiteExecutor.java:144)
	at com.kms.katalon.core.main.TestSuiteExecutor.execute(TestSuiteExecutor.java:106)
	at com.kms.katalon.core.main.TestCaseMain.startTestSuite(TestCaseMain.java:185)
	at com.kms.katalon.core.main.TestCaseMain$startTestSuite$0.call(Unknown Source)
	at TempTestSuite1658142279537.run(TempTestSuite1658142279537.groovy:36)]]></system-err>
   </testsuite>
</testsuites>
