<?xml version="1.0" encoding="UTF-8"?>
<testsuites name="BuildingRun" time="85.947" tests="5" failures="0" errors="0">
   <testsuite name="BuildingRun" tests="5" failures="0" errors="0" time="85.947" skipped="0" timestamp="2022-07-18 19:32:29" hostname="user - izzazainf" id="Test Suites/BuildingRun">
      <properties>
         <property name="deviceName" value=""/>
         <property name="devicePlatform" value=""/>
         <property name="logFolder" value="C:\\Users\\user\\git\\sewakantor-testing-apiTest\\Reports\\20220718_193223\\BuildingRun\\20220718_193223"/>
         <property name="logFiles" value="C:\\Users\\user\\git\\sewakantor-testing-apiTest\\Reports\\20220718_193223\\BuildingRun\\20220718_193223\\execution0.log"/>
         <property name="attachments" value=""/>
         <property name="hostName" value="user - izzazainf"/>
         <property name="hostAddress" value="192.168.43.13"/>
         <property name="os" value="Windows 10 64bit"/>
         <property name="katalonVersion" value="8.4.0.208"/>
      </properties>
      <testcase name="Test Cases/Admin/TS4_Building Management/TC_GetAlllBuilding" time="15.253" classname="Test Cases/Admin/TS4_Building Management/TC_GetAlllBuilding" status="PASSED">
         <system-out><![CDATA[2022-07-18 19:32:30 - [TEST_CASE][PASSED] - Test Cases/Admin/TS4_Building Management/TC_GetAlllBuilding: Test Cases/Admin/TS4_Building Management/TC_GetAlllBuilding

2022-07-18 19:32:31 - [TEST_STEP][PASSED] - for ([i = 0, i < 2, (i++)]): Verify element property value successfully

2022-07-18 19:32:31 - [TEST_STEP][PASSED] - if (i == 0): Verify response status code successfully

2022-07-18 19:32:31 - [TEST_STEP][PASSED] - token = "": null

2022-07-18 19:32:32 - [TEST_STEP][PASSED] - rslt = sendRequest(findTestObject("Postman/Admin/Building/Get All")): Send request successfully

2022-07-18 19:32:38 - [MESSAGE][INFO] - HAR: C:\Users\user\git\sewakantor-testing-apiTest\Reports\20220718_193223\BuildingRun\20220718_193223\requests\main\0.har

2022-07-18 19:32:39 - [MESSAGE][PASSED] - Send request successfully

2022-07-18 19:32:39 - [TEST_STEP][PASSED] - verifyResponseStatusCode(rslt, 401): Verify response status code successfully

2022-07-18 19:32:39 - [MESSAGE][PASSED] - Verify response status code successfully

2022-07-18 19:32:39 - [TEST_STEP][PASSED] - if (i == 0): null

2022-07-18 19:32:39 - [TEST_STEP][PASSED] - else if (i == 1): Verify element property value successfully

2022-07-18 19:32:39 - [TEST_STEP][PASSED] - callTestCase(findTestCase("Admin/Dummy Admin/LoginGetToken"), [:], STOP_ON_FAILURE): Call Test Case 'Test Cases/Admin/Dummy Admin/LoginGetToken' successfully

2022-07-18 19:32:39 - [TEST_CASE][PASSED] - Test Cases/Admin/Dummy Admin/LoginGetToken: Test Cases/Admin/Dummy Admin/LoginGetToken

2022-07-18 19:32:39 - [TEST_STEP][PASSED] - admin_uname = "superadmin": null

2022-07-18 19:32:39 - [TEST_STEP][PASSED] - admin_password = "12345": null

2022-07-18 19:32:39 - [TEST_STEP][PASSED] - rslt = sendRequest(findTestObject("Postman/Admin/Auth/Login")): Send request successfully

2022-07-18 19:32:42 - [MESSAGE][INFO] - HAR: C:\Users\user\git\sewakantor-testing-apiTest\Reports\20220718_193223\BuildingRun\20220718_193223\requests\main\1.har

2022-07-18 19:32:42 - [MESSAGE][PASSED] - Send request successfully

2022-07-18 19:32:42 - [TEST_STEP][PASSED] - slurper = new groovy.json.JsonSlurper(): null

2022-07-18 19:32:42 - [TEST_STEP][PASSED] - result = slurper.parseText(rslt.getResponseBodyContent()): null

2022-07-18 19:32:42 - [TEST_STEP][PASSED] - value = token: null

2022-07-18 19:32:42 - [TEST_STEP][PASSED] - token = value: null

2022-07-18 19:32:42 - [TEST_STEP][PASSED] - println(token): null

2022-07-18 19:32:42 - [MESSAGE][PASSED] - Call Test Case 'Test Cases/Admin/Dummy Admin/LoginGetToken' successfully

2022-07-18 19:32:42 - [TEST_STEP][PASSED] - rslt = sendRequest(findTestObject("Postman/Admin/Building/Get All")): Send request successfully

2022-07-18 19:32:45 - [MESSAGE][INFO] - HAR: C:\Users\user\git\sewakantor-testing-apiTest\Reports\20220718_193223\BuildingRun\20220718_193223\requests\main\2.har

2022-07-18 19:32:45 - [MESSAGE][PASSED] - Send request successfully

2022-07-18 19:32:45 - [TEST_STEP][PASSED] - verifyResponseStatusCode(rslt, 200): Verify response status code successfully

2022-07-18 19:32:45 - [MESSAGE][PASSED] - Verify response status code successfully

2022-07-18 19:32:45 - [TEST_STEP][PASSED] - verifyElementPropertyValue(rslt, "message", "list building"): Verify element property value successfully

2022-07-18 19:32:45 - [MESSAGE][PASSED] - Verify element property value successfully]]></system-out>
         <system-err><![CDATA[]]></system-err>
      </testcase>
      <testcase name="Test Cases/Admin/TS4_Building Management/TC_GetOneBuilding" time="11.324" classname="Test Cases/Admin/TS4_Building Management/TC_GetOneBuilding" status="PASSED">
         <system-out><![CDATA[2022-07-18 19:32:45 - [TEST_CASE][PASSED] - Test Cases/Admin/TS4_Building Management/TC_GetOneBuilding: Test Cases/Admin/TS4_Building Management/TC_GetOneBuilding

2022-07-18 19:32:46 - [TEST_STEP][PASSED] - for ([i = 0, i < 4, (i++)]): Verify element property value successfully

2022-07-18 19:32:46 - [TEST_STEP][PASSED] - if (i == 0): Verify response status code successfully

2022-07-18 19:32:46 - [TEST_STEP][PASSED] - token = "": null

2022-07-18 19:32:46 - [TEST_STEP][PASSED] - rslt = sendRequest(findTestObject("Postman/Admin/Building/Get One")): Send request successfully

2022-07-18 19:32:48 - [MESSAGE][INFO] - HAR: C:\Users\user\git\sewakantor-testing-apiTest\Reports\20220718_193223\BuildingRun\20220718_193223\requests\main\3.har

2022-07-18 19:32:48 - [MESSAGE][PASSED] - Send request successfully

2022-07-18 19:32:48 - [TEST_STEP][PASSED] - verifyResponseStatusCode(rslt, 401): Verify response status code successfully

2022-07-18 19:32:48 - [MESSAGE][PASSED] - Verify response status code successfully

2022-07-18 19:32:48 - [TEST_STEP][PASSED] - if (i == 0): null

2022-07-18 19:32:48 - [TEST_STEP][PASSED] - else if (i == 1): Verify element property value successfully

2022-07-18 19:32:48 - [TEST_STEP][PASSED] - admin_BuildingID = 1: null

2022-07-18 19:32:48 - [TEST_STEP][PASSED] - callTestCase(findTestCase("Admin/Dummy Admin/LoginGetToken"), [:], STOP_ON_FAILURE): Call Test Case 'Test Cases/Admin/Dummy Admin/LoginGetToken' successfully

2022-07-18 19:32:48 - [TEST_CASE][PASSED] - Test Cases/Admin/Dummy Admin/LoginGetToken: Test Cases/Admin/Dummy Admin/LoginGetToken

2022-07-18 19:32:48 - [TEST_STEP][PASSED] - admin_uname = "superadmin": null

2022-07-18 19:32:48 - [TEST_STEP][PASSED] - admin_password = "12345": null

2022-07-18 19:32:48 - [TEST_STEP][PASSED] - rslt = sendRequest(findTestObject("Postman/Admin/Auth/Login")): Send request successfully

2022-07-18 19:32:51 - [MESSAGE][INFO] - HAR: C:\Users\user\git\sewakantor-testing-apiTest\Reports\20220718_193223\BuildingRun\20220718_193223\requests\main\4.har

2022-07-18 19:32:51 - [MESSAGE][PASSED] - Send request successfully

2022-07-18 19:32:51 - [TEST_STEP][PASSED] - slurper = new groovy.json.JsonSlurper(): null

2022-07-18 19:32:51 - [TEST_STEP][PASSED] - result = slurper.parseText(rslt.getResponseBodyContent()): null

2022-07-18 19:32:51 - [TEST_STEP][PASSED] - value = token: null

2022-07-18 19:32:51 - [TEST_STEP][PASSED] - token = value: null

2022-07-18 19:32:51 - [TEST_STEP][PASSED] - println(token): null

2022-07-18 19:32:51 - [MESSAGE][PASSED] - Call Test Case 'Test Cases/Admin/Dummy Admin/LoginGetToken' successfully

2022-07-18 19:32:51 - [TEST_STEP][PASSED] - rslt = sendRequest(findTestObject("Postman/Admin/Building/Get One")): Send request successfully

2022-07-18 19:32:53 - [MESSAGE][INFO] - HAR: C:\Users\user\git\sewakantor-testing-apiTest\Reports\20220718_193223\BuildingRun\20220718_193223\requests\main\5.har

2022-07-18 19:32:53 - [MESSAGE][PASSED] - Send request successfully

2022-07-18 19:32:53 - [TEST_STEP][PASSED] - verifyResponseStatusCode(rslt, 200): Verify response status code successfully

2022-07-18 19:32:53 - [MESSAGE][PASSED] - Verify response status code successfully

2022-07-18 19:32:53 - [TEST_STEP][PASSED] - verifyElementPropertyValue(rslt, "message", "list building"): Verify element property value successfully

2022-07-18 19:32:53 - [MESSAGE][PASSED] - Verify element property value successfully

2022-07-18 19:32:53 - [TEST_STEP][PASSED] - if (i == 0): null

2022-07-18 19:32:53 - [TEST_STEP][PASSED] - else if (i == 1): null

2022-07-18 19:32:53 - [TEST_STEP][PASSED] - else if (i == 2): Verify element property value successfully

2022-07-18 19:32:53 - [TEST_STEP][PASSED] - admin_BuildingID = notFoundID: null

2022-07-18 19:32:53 - [TEST_STEP][PASSED] - rslt = sendRequest(findTestObject("Postman/Admin/Building/Get One")): Send request successfully

2022-07-18 19:32:54 - [MESSAGE][INFO] - HAR: C:\Users\user\git\sewakantor-testing-apiTest\Reports\20220718_193223\BuildingRun\20220718_193223\requests\main\6.har

2022-07-18 19:32:54 - [MESSAGE][PASSED] - Send request successfully

2022-07-18 19:32:54 - [TEST_STEP][PASSED] - verifyResponseStatusCode(rslt, 404): Verify response status code successfully

2022-07-18 19:32:54 - [MESSAGE][PASSED] - Verify response status code successfully

2022-07-18 19:32:54 - [TEST_STEP][PASSED] - verifyElementPropertyValue(rslt, "message", "building not found"): Verify element property value successfully

2022-07-18 19:32:54 - [MESSAGE][PASSED] - Verify element property value successfully

2022-07-18 19:32:54 - [TEST_STEP][PASSED] - if (i == 0): null

2022-07-18 19:32:54 - [TEST_STEP][PASSED] - else if (i == 1): null

2022-07-18 19:32:54 - [TEST_STEP][PASSED] - else if (i == 2): null

2022-07-18 19:32:54 - [TEST_STEP][PASSED] - else: Verify element property value successfully

2022-07-18 19:32:54 - [TEST_STEP][PASSED] - admin_BuildingID = stringID: null

2022-07-18 19:32:54 - [TEST_STEP][PASSED] - rslt = sendRequest(findTestObject("Postman/Admin/Building/Get One")): Send request successfully

2022-07-18 19:32:56 - [MESSAGE][INFO] - HAR: C:\Users\user\git\sewakantor-testing-apiTest\Reports\20220718_193223\BuildingRun\20220718_193223\requests\main\7.har

2022-07-18 19:32:56 - [MESSAGE][PASSED] - Send request successfully

2022-07-18 19:32:56 - [TEST_STEP][PASSED] - verifyResponseStatusCode(rslt, 400): Verify response status code successfully

2022-07-18 19:32:56 - [MESSAGE][PASSED] - Verify response status code successfully

2022-07-18 19:32:56 - [TEST_STEP][PASSED] - verifyElementPropertyValue(rslt, "status", "BAD_REQUEST"): Verify element property value successfully

2022-07-18 19:32:56 - [MESSAGE][PASSED] - Verify element property value successfully]]></system-out>
         <system-err><![CDATA[]]></system-err>
      </testcase>
      <testcase name="Test Cases/Admin/TS4_Building Management/TC_Create Building" time="22.818" classname="Test Cases/Admin/TS4_Building Management/TC_Create Building" status="PASSED">
         <system-out><![CDATA[2022-07-18 19:32:56 - [TEST_CASE][PASSED] - Test Cases/Admin/TS4_Building Management/TC_Create Building: Test Cases/Admin/TS4_Building Management/TC_Create Building

2022-07-18 19:32:57 - [TEST_STEP][PASSED] - admin_buildingComplexID = "1": null

2022-07-18 19:32:57 - [TEST_STEP][PASSED] - admin_buildingName = "nama": null

2022-07-18 19:32:57 - [TEST_STEP][PASSED] - admin_buildingAddress = "jalan": null

2022-07-18 19:32:57 - [TEST_STEP][PASSED] - admin_buildingDesc = "desc": null

2022-07-18 19:32:57 - [TEST_STEP][PASSED] - for ([i = 0, i < 8, (i++)]): Verify element property value successfully

2022-07-18 19:32:57 - [TEST_STEP][PASSED] - if (i == 0): Verify response status code successfully

2022-07-18 19:32:57 - [TEST_STEP][PASSED] - token = "": null

2022-07-18 19:32:57 - [TEST_STEP][PASSED] - rslt = sendRequest(findTestObject("Postman/Admin/Building/Create One")): Send request successfully

2022-07-18 19:33:02 - [MESSAGE][INFO] - HAR: C:\Users\user\git\sewakantor-testing-apiTest\Reports\20220718_193223\BuildingRun\20220718_193223\requests\main\8.har

2022-07-18 19:33:02 - [MESSAGE][PASSED] - Send request successfully

2022-07-18 19:33:02 - [TEST_STEP][PASSED] - verifyResponseStatusCode(rslt, 401): Verify response status code successfully

2022-07-18 19:33:02 - [MESSAGE][PASSED] - Verify response status code successfully

2022-07-18 19:33:02 - [TEST_STEP][PASSED] - if (i == 7): null

2022-07-18 19:33:02 - [TEST_STEP][PASSED] - if (i == 0): null

2022-07-18 19:33:02 - [TEST_STEP][PASSED] - else if (i == 1): Verify element property value successfully

2022-07-18 19:33:02 - [TEST_STEP][PASSED] - callTestCase(findTestCase("Admin/Dummy Admin/LoginGetToken"), [:], STOP_ON_FAILURE): Call Test Case 'Test Cases/Admin/Dummy Admin/LoginGetToken' successfully

2022-07-18 19:33:02 - [TEST_CASE][PASSED] - Test Cases/Admin/Dummy Admin/LoginGetToken: Test Cases/Admin/Dummy Admin/LoginGetToken

2022-07-18 19:33:02 - [TEST_STEP][PASSED] - admin_uname = "superadmin": null

2022-07-18 19:33:02 - [TEST_STEP][PASSED] - admin_password = "12345": null

2022-07-18 19:33:02 - [TEST_STEP][PASSED] - rslt = sendRequest(findTestObject("Postman/Admin/Auth/Login")): Send request successfully

2022-07-18 19:33:05 - [MESSAGE][INFO] - HAR: C:\Users\user\git\sewakantor-testing-apiTest\Reports\20220718_193223\BuildingRun\20220718_193223\requests\main\9.har

2022-07-18 19:33:05 - [MESSAGE][PASSED] - Send request successfully

2022-07-18 19:33:05 - [TEST_STEP][PASSED] - slurper = new groovy.json.JsonSlurper(): null

2022-07-18 19:33:05 - [TEST_STEP][PASSED] - result = slurper.parseText(rslt.getResponseBodyContent()): null

2022-07-18 19:33:05 - [TEST_STEP][PASSED] - value = token: null

2022-07-18 19:33:05 - [TEST_STEP][PASSED] - token = value: null

2022-07-18 19:33:05 - [TEST_STEP][PASSED] - println(token): null

2022-07-18 19:33:05 - [MESSAGE][PASSED] - Call Test Case 'Test Cases/Admin/Dummy Admin/LoginGetToken' successfully

2022-07-18 19:33:05 - [TEST_STEP][PASSED] - admin_buildingName = "": null

2022-07-18 19:33:05 - [TEST_STEP][PASSED] - rslt = sendRequest(findTestObject("Postman/Admin/Building/Create One")): Send request successfully

2022-07-18 19:33:07 - [MESSAGE][INFO] - HAR: C:\Users\user\git\sewakantor-testing-apiTest\Reports\20220718_193223\BuildingRun\20220718_193223\requests\main\10.har

2022-07-18 19:33:07 - [MESSAGE][PASSED] - Send request successfully

2022-07-18 19:33:07 - [TEST_STEP][PASSED] - verifyResponseStatusCode(rslt, 400): Verify response status code successfully

2022-07-18 19:33:07 - [MESSAGE][PASSED] - Verify response status code successfully

2022-07-18 19:33:07 - [TEST_STEP][PASSED] - verifyElementPropertyValue(rslt, "message", "name must not be empty"): Verify element property value successfully

2022-07-18 19:33:07 - [MESSAGE][PASSED] - Verify element property value successfully

2022-07-18 19:33:07 - [TEST_STEP][PASSED] - if (i == 7): null

2022-07-18 19:33:07 - [TEST_STEP][PASSED] - if (i == 0): null

2022-07-18 19:33:07 - [TEST_STEP][PASSED] - else if (i == 1): null

2022-07-18 19:33:07 - [TEST_STEP][PASSED] - else if (i == 2): null

2022-07-18 19:33:07 - [TEST_STEP][PASSED] - admin_buildingName = "BCA Tower": null

2022-07-18 19:33:07 - [TEST_STEP][PASSED] - rslt = sendRequest(findTestObject("Postman/Admin/Building/Create One")): Send request successfully

2022-07-18 19:33:09 - [MESSAGE][INFO] - HAR: C:\Users\user\git\sewakantor-testing-apiTest\Reports\20220718_193223\BuildingRun\20220718_193223\requests\main\11.har

2022-07-18 19:33:09 - [MESSAGE][PASSED] - Send request successfully

2022-07-18 19:33:09 - [TEST_STEP][PASSED] - verifyResponseStatusCode(rslt, 500): Verify response status code successfully

2022-07-18 19:33:09 - [MESSAGE][PASSED] - Verify response status code successfully

2022-07-18 19:33:09 - [TEST_STEP][PASSED] - verifyElementPropertyValue(rslt, "error", "Internal Server Error"): Verify element property value successfully

2022-07-18 19:33:09 - [MESSAGE][PASSED] - Verify element property value successfully

2022-07-18 19:33:09 - [TEST_STEP][PASSED] - admin_buildingName = "Building Name": null

2022-07-18 19:33:09 - [TEST_STEP][PASSED] - if (i == 7): null

2022-07-18 19:33:09 - [TEST_STEP][PASSED] - if (i == 0): null

2022-07-18 19:33:09 - [TEST_STEP][PASSED] - else if (i == 1): null

2022-07-18 19:33:09 - [TEST_STEP][PASSED] - else if (i == 2): null

2022-07-18 19:33:09 - [TEST_STEP][PASSED] - else if (i == 3): null

2022-07-18 19:33:09 - [TEST_STEP][PASSED] - admin_buildingDesc = "": null

2022-07-18 19:33:09 - [TEST_STEP][PASSED] - rslt = sendRequest(findTestObject("Postman/Admin/Building/Create One")): Send request successfully

2022-07-18 19:33:11 - [MESSAGE][INFO] - HAR: C:\Users\user\git\sewakantor-testing-apiTest\Reports\20220718_193223\BuildingRun\20220718_193223\requests\main\12.har

2022-07-18 19:33:11 - [MESSAGE][PASSED] - Send request successfully

2022-07-18 19:33:11 - [TEST_STEP][PASSED] - verifyResponseStatusCode(rslt, 400): Verify response status code successfully

2022-07-18 19:33:11 - [MESSAGE][PASSED] - Verify response status code successfully

2022-07-18 19:33:11 - [TEST_STEP][PASSED] - verifyElementPropertyValue(rslt, "message", "description must not be empty"): Verify element property value successfully

2022-07-18 19:33:11 - [MESSAGE][PASSED] - Verify element property value successfully

2022-07-18 19:33:11 - [TEST_STEP][PASSED] - admin_buildingDesc = "Building Description": null

2022-07-18 19:33:11 - [TEST_STEP][PASSED] - if (i == 7): null

2022-07-18 19:33:11 - [TEST_STEP][PASSED] - if (i == 0): null

2022-07-18 19:33:11 - [TEST_STEP][PASSED] - else if (i == 1): null

2022-07-18 19:33:11 - [TEST_STEP][PASSED] - else if (i == 2): null

2022-07-18 19:33:11 - [TEST_STEP][PASSED] - else if (i == 3): null

2022-07-18 19:33:11 - [TEST_STEP][PASSED] - else if (i == 4): null

2022-07-18 19:33:11 - [TEST_STEP][PASSED] - admin_buildingAddress = "": null

2022-07-18 19:33:11 - [TEST_STEP][PASSED] - rslt = sendRequest(findTestObject("Postman/Admin/Building/Create One")): Send request successfully

2022-07-18 19:33:13 - [MESSAGE][INFO] - HAR: C:\Users\user\git\sewakantor-testing-apiTest\Reports\20220718_193223\BuildingRun\20220718_193223\requests\main\13.har

2022-07-18 19:33:13 - [MESSAGE][PASSED] - Send request successfully

2022-07-18 19:33:13 - [TEST_STEP][PASSED] - verifyResponseStatusCode(rslt, 400): Verify response status code successfully

2022-07-18 19:33:13 - [MESSAGE][PASSED] - Verify response status code successfully

2022-07-18 19:33:13 - [TEST_STEP][PASSED] - verifyElementPropertyValue(rslt, "message", "address must not be empty"): Verify element property value successfully

2022-07-18 19:33:13 - [MESSAGE][PASSED] - Verify element property value successfully

2022-07-18 19:33:13 - [TEST_STEP][PASSED] - admin_buildingAddress = "Building Address": null

2022-07-18 19:33:13 - [TEST_STEP][PASSED] - if (i == 7): null

2022-07-18 19:33:13 - [TEST_STEP][PASSED] - if (i == 0): null

2022-07-18 19:33:13 - [TEST_STEP][PASSED] - else if (i == 1): null

2022-07-18 19:33:13 - [TEST_STEP][PASSED] - else if (i == 2): null

2022-07-18 19:33:13 - [TEST_STEP][PASSED] - else if (i == 3): null

2022-07-18 19:33:13 - [TEST_STEP][PASSED] - else if (i == 4): null

2022-07-18 19:33:13 - [TEST_STEP][PASSED] - else if (i == 5): Verify element property value successfully

2022-07-18 19:33:13 - [TEST_STEP][PASSED] - admin_buildingComplexID = "": null

2022-07-18 19:33:13 - [TEST_STEP][PASSED] - rslt = sendRequest(findTestObject("Postman/Admin/Building/Create One")): Send request successfully

2022-07-18 19:33:15 - [MESSAGE][INFO] - HAR: C:\Users\user\git\sewakantor-testing-apiTest\Reports\20220718_193223\BuildingRun\20220718_193223\requests\main\14.har

2022-07-18 19:33:15 - [MESSAGE][PASSED] - Send request successfully

2022-07-18 19:33:15 - [TEST_STEP][PASSED] - verifyResponseStatusCode(rslt, 400): Verify response status code successfully

2022-07-18 19:33:15 - [MESSAGE][PASSED] - Verify response status code successfully

2022-07-18 19:33:15 - [TEST_STEP][PASSED] - verifyElementPropertyValue(rslt, "message", "complex id must not be null"): Verify element property value successfully

2022-07-18 19:33:15 - [MESSAGE][PASSED] - Verify element property value successfully

2022-07-18 19:33:15 - [TEST_STEP][PASSED] - if (i == 7): null

2022-07-18 19:33:15 - [TEST_STEP][PASSED] - if (i == 0): null

2022-07-18 19:33:15 - [TEST_STEP][PASSED] - else if (i == 1): null

2022-07-18 19:33:15 - [TEST_STEP][PASSED] - else if (i == 2): null

2022-07-18 19:33:15 - [TEST_STEP][PASSED] - else if (i == 3): null

2022-07-18 19:33:15 - [TEST_STEP][PASSED] - else if (i == 4): null

2022-07-18 19:33:15 - [TEST_STEP][PASSED] - else if (i == 5): null

2022-07-18 19:33:15 - [TEST_STEP][PASSED] - else if (i == 6): null

2022-07-18 19:33:15 - [TEST_STEP][PASSED] - admin_buildingComplexID = "0": null

2022-07-18 19:33:15 - [TEST_STEP][PASSED] - rslt = sendRequest(findTestObject("Postman/Admin/Building/Create One")): Send request successfully

2022-07-18 19:33:17 - [MESSAGE][INFO] - HAR: C:\Users\user\git\sewakantor-testing-apiTest\Reports\20220718_193223\BuildingRun\20220718_193223\requests\main\15.har

2022-07-18 19:33:17 - [MESSAGE][PASSED] - Send request successfully

2022-07-18 19:33:17 - [TEST_STEP][PASSED] - verifyResponseStatusCode(rslt, 404): Verify response status code successfully

2022-07-18 19:33:17 - [MESSAGE][PASSED] - Verify response status code successfully

2022-07-18 19:33:17 - [TEST_STEP][PASSED] - verifyElementPropertyValue(rslt, "message", "complex not found"): Verify element property value successfully

2022-07-18 19:33:17 - [MESSAGE][PASSED] - Verify element property value successfully

2022-07-18 19:33:17 - [TEST_STEP][PASSED] - admin_buildingComplexID = "1": null

2022-07-18 19:33:17 - [TEST_STEP][PASSED] - if (i == 7): null

2022-07-18 19:33:17 - [TEST_STEP][PASSED] - if (i == 0): null

2022-07-18 19:33:17 - [TEST_STEP][PASSED] - if (i == 7): Verify element property value successfully

2022-07-18 19:33:17 - [TEST_STEP][PASSED] - admin_buildingComplexID = "1": null

2022-07-18 19:33:17 - [TEST_STEP][PASSED] - admin_buildingName = "Building Name": null

2022-07-18 19:33:17 - [TEST_STEP][PASSED] - admin_buildingAddress = "jalan": null

2022-07-18 19:33:17 - [TEST_STEP][PASSED] - admin_buildingDesc = "desc": null

2022-07-18 19:33:17 - [TEST_STEP][PASSED] - rslt = sendRequest(findTestObject("Postman/Admin/Building/Create One")): Send request successfully

2022-07-18 19:33:19 - [MESSAGE][INFO] - HAR: C:\Users\user\git\sewakantor-testing-apiTest\Reports\20220718_193223\BuildingRun\20220718_193223\requests\main\16.har

2022-07-18 19:33:19 - [MESSAGE][PASSED] - Send request successfully

2022-07-18 19:33:19 - [TEST_STEP][PASSED] - verifyResponseStatusCode(rslt, 200): Verify response status code successfully

2022-07-18 19:33:19 - [MESSAGE][PASSED] - Verify response status code successfully

2022-07-18 19:33:19 - [TEST_STEP][PASSED] - verifyElementPropertyValue(rslt, "message", "building saved successfully"): Verify element property value successfully

2022-07-18 19:33:19 - [MESSAGE][PASSED] - Verify element property value successfully

2022-07-18 19:33:19 - [TEST_STEP][PASSED] - slurper = new groovy.json.JsonSlurper(): null

2022-07-18 19:33:19 - [TEST_STEP][PASSED] - result = slurper.parseText(rslt.getResponseBodyContent()): null

2022-07-18 19:33:19 - [TEST_STEP][PASSED] - value = id: null

2022-07-18 19:33:19 - [TEST_STEP][PASSED] - admin_BuildingID = value: null

2022-07-18 19:33:19 - [TEST_STEP][PASSED] - println(admin_BuildingID): null]]></system-out>
         <system-err><![CDATA[]]></system-err>
      </testcase>
      <testcase name="Test Cases/Admin/TS4_Building Management/TC_UpdateBuilding" time="27.513" classname="Test Cases/Admin/TS4_Building Management/TC_UpdateBuilding" status="PASSED">
         <system-out><![CDATA[2022-07-18 19:33:19 - [TEST_CASE][PASSED] - Test Cases/Admin/TS4_Building Management/TC_UpdateBuilding: Test Cases/Admin/TS4_Building Management/TC_UpdateBuilding

2022-07-18 19:33:20 - [TEST_STEP][PASSED] - admin_buildingComplexID = "1": null

2022-07-18 19:33:20 - [TEST_STEP][PASSED] - admin_buildingName = "Building Name": null

2022-07-18 19:33:20 - [TEST_STEP][PASSED] - admin_buildingAddress = "jalan": null

2022-07-18 19:33:20 - [TEST_STEP][PASSED] - admin_buildingDesc = "desc": null

2022-07-18 19:33:20 - [TEST_STEP][PASSED] - dump = admin_BuildingID: null

2022-07-18 19:33:20 - [TEST_STEP][PASSED] - for ([i = 0, i < 8, (i++)]): null

2022-07-18 19:33:20 - [TEST_STEP][PASSED] - if (i == 0): null

2022-07-18 19:33:20 - [TEST_STEP][PASSED] - callTestCase(findTestCase("Admin/Dummy Admin/LoginGetToken"), [:], STOP_ON_FAILURE): Call Test Case 'Test Cases/Admin/Dummy Admin/LoginGetToken' successfully

2022-07-18 19:33:20 - [TEST_CASE][PASSED] - Test Cases/Admin/Dummy Admin/LoginGetToken: Test Cases/Admin/Dummy Admin/LoginGetToken

2022-07-18 19:33:20 - [TEST_STEP][PASSED] - admin_uname = "superadmin": null

2022-07-18 19:33:20 - [TEST_STEP][PASSED] - admin_password = "12345": null

2022-07-18 19:33:20 - [TEST_STEP][PASSED] - rslt = sendRequest(findTestObject("Postman/Admin/Auth/Login")): Send request successfully

2022-07-18 19:33:25 - [MESSAGE][INFO] - HAR: C:\Users\user\git\sewakantor-testing-apiTest\Reports\20220718_193223\BuildingRun\20220718_193223\requests\main\17.har

2022-07-18 19:33:25 - [MESSAGE][PASSED] - Send request successfully

2022-07-18 19:33:25 - [TEST_STEP][PASSED] - slurper = new groovy.json.JsonSlurper(): null

2022-07-18 19:33:25 - [TEST_STEP][PASSED] - result = slurper.parseText(rslt.getResponseBodyContent()): null

2022-07-18 19:33:25 - [TEST_STEP][PASSED] - value = token: null

2022-07-18 19:33:25 - [TEST_STEP][PASSED] - token = value: null

2022-07-18 19:33:25 - [TEST_STEP][PASSED] - println(token): null

2022-07-18 19:33:25 - [MESSAGE][PASSED] - Call Test Case 'Test Cases/Admin/Dummy Admin/LoginGetToken' successfully

2022-07-18 19:33:25 - [TEST_STEP][PASSED] - admin_BuildingID = "0": null

2022-07-18 19:33:25 - [TEST_STEP][PASSED] - rslt = sendRequest(findTestObject("Postman/Admin/Building/Update")): Send request successfully

2022-07-18 19:33:28 - [MESSAGE][INFO] - HAR: C:\Users\user\git\sewakantor-testing-apiTest\Reports\20220718_193223\BuildingRun\20220718_193223\requests\main\18.har

2022-07-18 19:33:28 - [MESSAGE][PASSED] - Send request successfully

2022-07-18 19:33:28 - [TEST_STEP][PASSED] - verifyResponseStatusCode(rslt, 404): Verify response status code successfully

2022-07-18 19:33:28 - [MESSAGE][PASSED] - Verify response status code successfully

2022-07-18 19:33:28 - [TEST_STEP][PASSED] - verifyElementPropertyValue(rslt, "message", "building not found"): Verify element property value successfully

2022-07-18 19:33:28 - [MESSAGE][PASSED] - Verify element property value successfully

2022-07-18 19:33:28 - [TEST_STEP][PASSED] - admin_BuildingID = dump: null

2022-07-18 19:33:28 - [TEST_STEP][PASSED] - if (i == 1): null

2022-07-18 19:33:28 - [TEST_STEP][PASSED] - if (i == 8): null

2022-07-18 19:33:28 - [TEST_STEP][PASSED] - if (i == 0): null

2022-07-18 19:33:28 - [TEST_STEP][PASSED] - if (i == 1): Verify response status code successfully

2022-07-18 19:33:28 - [TEST_STEP][PASSED] - token = "": null

2022-07-18 19:33:28 - [TEST_STEP][PASSED] - rslt = sendRequest(findTestObject("Postman/Admin/Building/Update")): Send request successfully

2022-07-18 19:33:32 - [MESSAGE][INFO] - HAR: C:\Users\user\git\sewakantor-testing-apiTest\Reports\20220718_193223\BuildingRun\20220718_193223\requests\main\19.har

2022-07-18 19:33:32 - [MESSAGE][PASSED] - Send request successfully

2022-07-18 19:33:32 - [TEST_STEP][PASSED] - verifyResponseStatusCode(rslt, 401): Verify response status code successfully

2022-07-18 19:33:32 - [MESSAGE][PASSED] - Verify response status code successfully

2022-07-18 19:33:32 - [TEST_STEP][PASSED] - if (i == 8): null

2022-07-18 19:33:32 - [TEST_STEP][PASSED] - if (i == 0): null

2022-07-18 19:33:32 - [TEST_STEP][PASSED] - if (i == 1): null

2022-07-18 19:33:32 - [TEST_STEP][PASSED] - else if (i == 2): Verify element property value successfully

2022-07-18 19:33:32 - [TEST_STEP][PASSED] - callTestCase(findTestCase("Admin/Dummy Admin/LoginGetToken"), [:], STOP_ON_FAILURE): Call Test Case 'Test Cases/Admin/Dummy Admin/LoginGetToken' successfully

2022-07-18 19:33:32 - [TEST_CASE][PASSED] - Test Cases/Admin/Dummy Admin/LoginGetToken: Test Cases/Admin/Dummy Admin/LoginGetToken

2022-07-18 19:33:32 - [TEST_STEP][PASSED] - admin_uname = "superadmin": null

2022-07-18 19:33:32 - [TEST_STEP][PASSED] - admin_password = "12345": null

2022-07-18 19:33:32 - [TEST_STEP][PASSED] - rslt = sendRequest(findTestObject("Postman/Admin/Auth/Login")): Send request successfully

2022-07-18 19:33:35 - [MESSAGE][INFO] - HAR: C:\Users\user\git\sewakantor-testing-apiTest\Reports\20220718_193223\BuildingRun\20220718_193223\requests\main\20.har

2022-07-18 19:33:35 - [MESSAGE][PASSED] - Send request successfully

2022-07-18 19:33:35 - [TEST_STEP][PASSED] - slurper = new groovy.json.JsonSlurper(): null

2022-07-18 19:33:35 - [TEST_STEP][PASSED] - result = slurper.parseText(rslt.getResponseBodyContent()): null

2022-07-18 19:33:35 - [TEST_STEP][PASSED] - value = token: null

2022-07-18 19:33:35 - [TEST_STEP][PASSED] - token = value: null

2022-07-18 19:33:35 - [TEST_STEP][PASSED] - println(token): null

2022-07-18 19:33:35 - [MESSAGE][PASSED] - Call Test Case 'Test Cases/Admin/Dummy Admin/LoginGetToken' successfully

2022-07-18 19:33:35 - [TEST_STEP][PASSED] - admin_buildingName = "": null

2022-07-18 19:33:35 - [TEST_STEP][PASSED] - rslt = sendRequest(findTestObject("Postman/Admin/Building/Update")): Send request successfully

2022-07-18 19:33:37 - [MESSAGE][INFO] - HAR: C:\Users\user\git\sewakantor-testing-apiTest\Reports\20220718_193223\BuildingRun\20220718_193223\requests\main\21.har

2022-07-18 19:33:37 - [MESSAGE][PASSED] - Send request successfully

2022-07-18 19:33:37 - [TEST_STEP][PASSED] - verifyResponseStatusCode(rslt, 400): Verify response status code successfully

2022-07-18 19:33:37 - [MESSAGE][PASSED] - Verify response status code successfully

2022-07-18 19:33:37 - [TEST_STEP][PASSED] - verifyElementPropertyValue(rslt, "message", "name must not be empty"): Verify element property value successfully

2022-07-18 19:33:37 - [MESSAGE][PASSED] - Verify element property value successfully

2022-07-18 19:33:37 - [TEST_STEP][PASSED] - if (i == 8): null

2022-07-18 19:33:37 - [TEST_STEP][PASSED] - if (i == 0): null

2022-07-18 19:33:37 - [TEST_STEP][PASSED] - if (i == 1): null

2022-07-18 19:33:37 - [TEST_STEP][PASSED] - else if (i == 2): null

2022-07-18 19:33:37 - [TEST_STEP][PASSED] - else if (i == 3): null

2022-07-18 19:33:37 - [TEST_STEP][PASSED] - admin_buildingName = "BCA Tower": null

2022-07-18 19:33:37 - [TEST_STEP][PASSED] - rslt = sendRequest(findTestObject("Postman/Admin/Building/Update")): Send request successfully

2022-07-18 19:33:39 - [MESSAGE][INFO] - HAR: C:\Users\user\git\sewakantor-testing-apiTest\Reports\20220718_193223\BuildingRun\20220718_193223\requests\main\22.har

2022-07-18 19:33:39 - [MESSAGE][PASSED] - Send request successfully

2022-07-18 19:33:39 - [TEST_STEP][PASSED] - verifyResponseStatusCode(rslt, 500): Verify response status code successfully

2022-07-18 19:33:39 - [MESSAGE][PASSED] - Verify response status code successfully

2022-07-18 19:33:39 - [TEST_STEP][PASSED] - verifyElementPropertyValue(rslt, "error", "Internal Server Error"): Verify element property value successfully

2022-07-18 19:33:39 - [MESSAGE][PASSED] - Verify element property value successfully

2022-07-18 19:33:39 - [TEST_STEP][PASSED] - admin_buildingName = "Building Name": null

2022-07-18 19:33:39 - [TEST_STEP][PASSED] - if (i == 8): null

2022-07-18 19:33:39 - [TEST_STEP][PASSED] - if (i == 0): null

2022-07-18 19:33:39 - [TEST_STEP][PASSED] - if (i == 1): null

2022-07-18 19:33:39 - [TEST_STEP][PASSED] - else if (i == 2): null

2022-07-18 19:33:39 - [TEST_STEP][PASSED] - else if (i == 3): null

2022-07-18 19:33:39 - [TEST_STEP][PASSED] - else if (i == 4): null

2022-07-18 19:33:39 - [TEST_STEP][PASSED] - admin_buildingDesc = "": null

2022-07-18 19:33:39 - [TEST_STEP][PASSED] - rslt = sendRequest(findTestObject("Postman/Admin/Building/Update")): Send request successfully

2022-07-18 19:33:41 - [MESSAGE][INFO] - HAR: C:\Users\user\git\sewakantor-testing-apiTest\Reports\20220718_193223\BuildingRun\20220718_193223\requests\main\23.har

2022-07-18 19:33:41 - [MESSAGE][PASSED] - Send request successfully

2022-07-18 19:33:41 - [TEST_STEP][PASSED] - verifyResponseStatusCode(rslt, 400): Verify response status code successfully

2022-07-18 19:33:41 - [MESSAGE][PASSED] - Verify response status code successfully

2022-07-18 19:33:41 - [TEST_STEP][PASSED] - verifyElementPropertyValue(rslt, "message", "description must not be empty"): Verify element property value successfully

2022-07-18 19:33:41 - [MESSAGE][PASSED] - Verify element property value successfully

2022-07-18 19:33:41 - [TEST_STEP][PASSED] - admin_buildingDesc = "Building Description": null

2022-07-18 19:33:41 - [TEST_STEP][PASSED] - if (i == 8): null

2022-07-18 19:33:41 - [TEST_STEP][PASSED] - if (i == 0): null

2022-07-18 19:33:41 - [TEST_STEP][PASSED] - if (i == 1): null

2022-07-18 19:33:41 - [TEST_STEP][PASSED] - else if (i == 2): null

2022-07-18 19:33:41 - [TEST_STEP][PASSED] - else if (i == 3): null

2022-07-18 19:33:41 - [TEST_STEP][PASSED] - else if (i == 4): null

2022-07-18 19:33:41 - [TEST_STEP][PASSED] - else if (i == 5): null

2022-07-18 19:33:41 - [TEST_STEP][PASSED] - admin_buildingAddress = "": null

2022-07-18 19:33:41 - [TEST_STEP][PASSED] - rslt = sendRequest(findTestObject("Postman/Admin/Building/Update")): Send request successfully

2022-07-18 19:33:43 - [MESSAGE][INFO] - HAR: C:\Users\user\git\sewakantor-testing-apiTest\Reports\20220718_193223\BuildingRun\20220718_193223\requests\main\24.har

2022-07-18 19:33:43 - [MESSAGE][PASSED] - Send request successfully

2022-07-18 19:33:43 - [TEST_STEP][PASSED] - verifyResponseStatusCode(rslt, 400): Verify response status code successfully

2022-07-18 19:33:43 - [MESSAGE][PASSED] - Verify response status code successfully

2022-07-18 19:33:43 - [TEST_STEP][PASSED] - verifyElementPropertyValue(rslt, "message", "address must not be empty"): Verify element property value successfully

2022-07-18 19:33:43 - [MESSAGE][PASSED] - Verify element property value successfully

2022-07-18 19:33:43 - [TEST_STEP][PASSED] - admin_buildingAddress = "Building Address": null

2022-07-18 19:33:43 - [TEST_STEP][PASSED] - if (i == 8): null

2022-07-18 19:33:43 - [TEST_STEP][PASSED] - if (i == 0): null

2022-07-18 19:33:43 - [TEST_STEP][PASSED] - if (i == 1): null

2022-07-18 19:33:43 - [TEST_STEP][PASSED] - else if (i == 2): null

2022-07-18 19:33:43 - [TEST_STEP][PASSED] - else if (i == 3): null

2022-07-18 19:33:43 - [TEST_STEP][PASSED] - else if (i == 4): null

2022-07-18 19:33:43 - [TEST_STEP][PASSED] - else if (i == 5): null

2022-07-18 19:33:43 - [TEST_STEP][PASSED] - else if (i == 6): Verify element property value successfully

2022-07-18 19:33:43 - [TEST_STEP][PASSED] - admin_buildingComplexID = "": null

2022-07-18 19:33:43 - [TEST_STEP][PASSED] - rslt = sendRequest(findTestObject("Postman/Admin/Building/Update")): Send request successfully

2022-07-18 19:33:45 - [MESSAGE][INFO] - HAR: C:\Users\user\git\sewakantor-testing-apiTest\Reports\20220718_193223\BuildingRun\20220718_193223\requests\main\25.har

2022-07-18 19:33:45 - [MESSAGE][PASSED] - Send request successfully

2022-07-18 19:33:45 - [TEST_STEP][PASSED] - verifyResponseStatusCode(rslt, 400): Verify response status code successfully

2022-07-18 19:33:45 - [MESSAGE][PASSED] - Verify response status code successfully

2022-07-18 19:33:45 - [TEST_STEP][PASSED] - verifyElementPropertyValue(rslt, "message", "complex id must not be null"): Verify element property value successfully

2022-07-18 19:33:45 - [MESSAGE][PASSED] - Verify element property value successfully

2022-07-18 19:33:45 - [TEST_STEP][PASSED] - if (i == 8): null

2022-07-18 19:33:45 - [TEST_STEP][PASSED] - if (i == 0): null

2022-07-18 19:33:45 - [TEST_STEP][PASSED] - if (i == 1): null

2022-07-18 19:33:45 - [TEST_STEP][PASSED] - else if (i == 2): null

2022-07-18 19:33:45 - [TEST_STEP][PASSED] - else if (i == 3): null

2022-07-18 19:33:45 - [TEST_STEP][PASSED] - else if (i == 4): null

2022-07-18 19:33:45 - [TEST_STEP][PASSED] - else if (i == 5): null

2022-07-18 19:33:45 - [TEST_STEP][PASSED] - else if (i == 6): null

2022-07-18 19:33:45 - [TEST_STEP][PASSED] - else if (i == 7): null

2022-07-18 19:33:45 - [TEST_STEP][PASSED] - admin_buildingComplexID = "0": null

2022-07-18 19:33:45 - [TEST_STEP][PASSED] - rslt = sendRequest(findTestObject("Postman/Admin/Building/Update")): Send request successfully

2022-07-18 19:33:47 - [MESSAGE][INFO] - HAR: C:\Users\user\git\sewakantor-testing-apiTest\Reports\20220718_193223\BuildingRun\20220718_193223\requests\main\26.har

2022-07-18 19:33:47 - [MESSAGE][PASSED] - Send request successfully

2022-07-18 19:33:47 - [TEST_STEP][PASSED] - verifyResponseStatusCode(rslt, 404): Verify response status code successfully

2022-07-18 19:33:47 - [MESSAGE][PASSED] - Verify response status code successfully

2022-07-18 19:33:47 - [TEST_STEP][PASSED] - verifyElementPropertyValue(rslt, "message", "complex not found"): Verify element property value successfully

2022-07-18 19:33:47 - [MESSAGE][PASSED] - Verify element property value successfully

2022-07-18 19:33:47 - [TEST_STEP][PASSED] - admin_buildingComplexID = "1": null

2022-07-18 19:33:47 - [TEST_STEP][PASSED] - if (i == 8): null]]></system-out>
         <system-err><![CDATA[]]></system-err>
      </testcase>
      <testcase name="Test Cases/Admin/TS4_Building Management/TC_Delete Building" time="8.42" classname="Test Cases/Admin/TS4_Building Management/TC_Delete Building" status="PASSED">
         <system-out><![CDATA[2022-07-18 19:33:47 - [TEST_CASE][PASSED] - Test Cases/Admin/TS4_Building Management/TC_Delete Building: Test Cases/Admin/TS4_Building Management/TC_Delete Building

2022-07-18 19:33:47 - [TEST_STEP][PASSED] - dump = admin_BuildingID: null

2022-07-18 19:33:47 - [TEST_STEP][PASSED] - for ([i = 0, i < 3, (i++)]): Verify element property value successfully

2022-07-18 19:33:47 - [TEST_STEP][PASSED] - if (i == 0): Verify response status code successfully

2022-07-18 19:33:47 - [TEST_STEP][PASSED] - token = "": null

2022-07-18 19:33:47 - [TEST_STEP][PASSED] - rslt = sendRequest(findTestObject("Postman/Admin/Building/Delete")): Send request successfully

2022-07-18 19:33:49 - [MESSAGE][INFO] - HAR: C:\Users\user\git\sewakantor-testing-apiTest\Reports\20220718_193223\BuildingRun\20220718_193223\requests\main\27.har

2022-07-18 19:33:49 - [MESSAGE][PASSED] - Send request successfully

2022-07-18 19:33:49 - [TEST_STEP][PASSED] - verifyResponseStatusCode(rslt, 401): Verify response status code successfully

2022-07-18 19:33:49 - [MESSAGE][PASSED] - Verify response status code successfully

2022-07-18 19:33:49 - [TEST_STEP][PASSED] - if (i == 0): null

2022-07-18 19:33:49 - [TEST_STEP][PASSED] - else if (i == 1): null

2022-07-18 19:33:49 - [TEST_STEP][PASSED] - callTestCase(findTestCase("Admin/Dummy Admin/LoginGetToken"), [:], CONTINUE_ON_FAILURE): Call Test Case 'Test Cases/Admin/Dummy Admin/LoginGetToken' successfully

2022-07-18 19:33:49 - [TEST_CASE][PASSED] - Test Cases/Admin/Dummy Admin/LoginGetToken: Test Cases/Admin/Dummy Admin/LoginGetToken

2022-07-18 19:33:49 - [TEST_STEP][PASSED] - admin_uname = "superadmin": null

2022-07-18 19:33:49 - [TEST_STEP][PASSED] - admin_password = "12345": null

2022-07-18 19:33:49 - [TEST_STEP][PASSED] - rslt = sendRequest(findTestObject("Postman/Admin/Auth/Login")): Send request successfully

2022-07-18 19:33:52 - [MESSAGE][INFO] - HAR: C:\Users\user\git\sewakantor-testing-apiTest\Reports\20220718_193223\BuildingRun\20220718_193223\requests\main\28.har

2022-07-18 19:33:52 - [MESSAGE][PASSED] - Send request successfully

2022-07-18 19:33:52 - [TEST_STEP][PASSED] - slurper = new groovy.json.JsonSlurper(): null

2022-07-18 19:33:52 - [TEST_STEP][PASSED] - result = slurper.parseText(rslt.getResponseBodyContent()): null

2022-07-18 19:33:52 - [TEST_STEP][PASSED] - value = token: null

2022-07-18 19:33:52 - [TEST_STEP][PASSED] - token = value: null

2022-07-18 19:33:52 - [TEST_STEP][PASSED] - println(token): null

2022-07-18 19:33:52 - [MESSAGE][PASSED] - Call Test Case 'Test Cases/Admin/Dummy Admin/LoginGetToken' successfully

2022-07-18 19:33:52 - [TEST_STEP][PASSED] - admin_BuildingID = "0": null

2022-07-18 19:33:52 - [TEST_STEP][PASSED] - rslt = sendRequest(findTestObject("Postman/Admin/Building/Delete")): Send request successfully

2022-07-18 19:33:54 - [MESSAGE][INFO] - HAR: C:\Users\user\git\sewakantor-testing-apiTest\Reports\20220718_193223\BuildingRun\20220718_193223\requests\main\29.har

2022-07-18 19:33:54 - [MESSAGE][PASSED] - Send request successfully

2022-07-18 19:33:54 - [TEST_STEP][PASSED] - verifyResponseStatusCode(rslt, 404): Verify response status code successfully

2022-07-18 19:33:54 - [MESSAGE][PASSED] - Verify response status code successfully

2022-07-18 19:33:54 - [TEST_STEP][PASSED] - verifyElementPropertyValue(rslt, "message", "building not found"): Verify element property value successfully

2022-07-18 19:33:54 - [MESSAGE][PASSED] - Verify element property value successfully

2022-07-18 19:33:54 - [TEST_STEP][PASSED] - admin_BuildingID = dump: null

2022-07-18 19:33:54 - [TEST_STEP][PASSED] - if (i == 0): null

2022-07-18 19:33:54 - [TEST_STEP][PASSED] - else if (i == 1): null

2022-07-18 19:33:54 - [TEST_STEP][PASSED] - else: Verify element property value successfully

2022-07-18 19:33:54 - [TEST_STEP][PASSED] - rslt = sendRequest(findTestObject("Postman/Admin/Building/Delete")): Send request successfully

2022-07-18 19:33:55 - [MESSAGE][INFO] - HAR: C:\Users\user\git\sewakantor-testing-apiTest\Reports\20220718_193223\BuildingRun\20220718_193223\requests\main\30.har

2022-07-18 19:33:55 - [MESSAGE][PASSED] - Send request successfully

2022-07-18 19:33:55 - [TEST_STEP][PASSED] - verifyResponseStatusCode(rslt, 200): Verify response status code successfully

2022-07-18 19:33:55 - [MESSAGE][PASSED] - Verify response status code successfully

2022-07-18 19:33:55 - [TEST_STEP][PASSED] - verifyElementPropertyValue(rslt, "message", "building deleted successfully"): Verify element property value successfully

2022-07-18 19:33:55 - [MESSAGE][PASSED] - Verify element property value successfully]]></system-out>
         <system-err><![CDATA[]]></system-err>
      </testcase>
      <system-out><![CDATA[2022-07-18 19:32:29 - [TEST_SUITE][PASSED] - BuildingRun: Test Cases/Admin/TS4_Building Management/TC_Delete Building]]></system-out>
      <system-err><![CDATA[]]></system-err>
   </testsuite>
</testsuites>
